# Logfile created on Wed Dec 30 00:24:32 +0800 2009 by /


Processing BlogController#index (for 127.0.0.1 at 2009-12-30 04:43:15) [GET]
Rendering template within layouts/blog
Rendering blog/index
Rendered articles/_articles_table (1078.0ms)
DEPRECATION WARNING: formatted_articles_url() has been deprecated. Please pass format to the standard articles_url method instead.. (called from _run_erb_app47views47blog47_sidebar46html46erb_locals_categories_object_sidebar at E:/zblog/app/views/blog/_sidebar.html.erb:78)
Rendered blog/_sidebar (110.0ms)
DEPRECATION WARNING: formatted_articles_url() has been deprecated. Please pass format to the standard articles_url method instead.. (called from _run_erb_app47views47layouts47blog46html46erb at E:/zblog/app/views/layouts/blog.html.erb:7)
Rendered blog/_header (375.0ms)
Completed in 1781ms (View: 1688, DB: 15) | 200 OK [http://localhost/]


Processing BlogController#index (for 127.0.0.1 at 2009-12-30 04:43:51) [GET]
Rendering template within layouts/blog
Rendering blog/index
Rendered articles/_articles_table (281.0ms)
DEPRECATION WARNING: formatted_articles_url() has been deprecated. Please pass format to the standard articles_url method instead.. (called from _run_erb_app47views47blog47_sidebar46html46erb_locals_categories_object_sidebar at E:/zblog/app/views/blog/_sidebar.html.erb:78)
Rendered blog/_sidebar (78.0ms)
DEPRECATION WARNING: formatted_articles_url() has been deprecated. Please pass format to the standard articles_url method instead.. (called from _run_erb_app47views47layouts47blog46html46erb at E:/zblog/app/views/layouts/blog.html.erb:7)
Rendered blog/_header (16.0ms)
Completed in 500ms (View: 391, DB: 0) | 200 OK [http://localhost/]
DEPRECATION WARNING: Disabling sessions for a single controller has been deprecated. Sessions are now lazy loaded. So if you don't access them, consider them off. You can still modify the session cookie options with request.session_options.. (called from E:/zblog/app/controllers/articles_controller.rb:3)


Processing ArticlesController#index to rss (for 127.0.0.1 at 2009-12-30 04:43:53) [GET]
Rendering articles/index
Completed in 219ms (View: 172, DB: 16) | 200 OK [http://localhost/articles.rss]


Processing BlogController#index (for 127.0.0.1 at 2009-12-30 04:44:37) [GET]
Rendering template within layouts/blog
Rendering blog/index
Rendered articles/_articles_table (141.0ms)
DEPRECATION WARNING: formatted_articles_url() has been deprecated. Please pass format to the standard articles_url method instead.. (called from _run_erb_app47views47blog47_sidebar46html46erb_locals_categories_object_sidebar at E:/zblog/app/views/blog/_sidebar.html.erb:78)
Rendered blog/_sidebar (78.0ms)
DEPRECATION WARNING: formatted_articles_url() has been deprecated. Please pass format to the standard articles_url method instead.. (called from _run_erb_app47views47layouts47blog46html46erb at E:/zblog/app/views/layouts/blog.html.erb:7)
Rendered blog/_header (0.0ms)
Completed in 422ms (View: 156, DB: 63) | 200 OK [http://localhost/]


Processing BlogController#index (for 127.0.0.1 at 2009-12-30 04:44:43) [GET]
Rendering template within layouts/blog
Rendering blog/index
Rendered articles/_articles_table (141.0ms)
DEPRECATION WARNING: formatted_articles_url() has been deprecated. Please pass format to the standard articles_url method instead.. (called from _run_erb_app47views47blog47_sidebar46html46erb_locals_categories_object_sidebar at E:/zblog/app/views/blog/_sidebar.html.erb:78)
Rendered blog/_sidebar (62.0ms)
DEPRECATION WARNING: formatted_articles_url() has been deprecated. Please pass format to the standard articles_url method instead.. (called from _run_erb_app47views47layouts47blog46html46erb at E:/zblog/app/views/layouts/blog.html.erb:7)
Rendered blog/_header (0.0ms)
Completed in 266ms (View: 187, DB: 32) | 200 OK [http://localhost/]


Processing BlogController#index (for 127.0.0.1 at 2009-12-30 04:44:50) [GET]
Rendering template within layouts/blog
Rendering blog/index
Rendered articles/_articles_table (156.0ms)
DEPRECATION WARNING: formatted_articles_url() has been deprecated. Please pass format to the standard articles_url method instead.. (called from _run_erb_app47views47blog47_sidebar46html46erb_locals_categories_object_sidebar at E:/zblog/app/views/blog/_sidebar.html.erb:78)
Rendered blog/_sidebar (63.0ms)
DEPRECATION WARNING: formatted_articles_url() has been deprecated. Please pass format to the standard articles_url method instead.. (called from _run_erb_app47views47layouts47blog46html46erb at E:/zblog/app/views/layouts/blog.html.erb:7)
Rendered blog/_header (0.0ms)
Completed in 282ms (View: 204, DB: 31) | 200 OK [http://localhost/]


Processing BlogController#index (for 127.0.0.1 at 2009-12-30 04:44:57) [GET]
Rendering template within layouts/blog
Rendering blog/index
Rendered articles/_articles_table (141.0ms)
DEPRECATION WARNING: formatted_articles_url() has been deprecated. Please pass format to the standard articles_url method instead.. (called from _run_erb_app47views47blog47_sidebar46html46erb_locals_categories_object_sidebar at E:/zblog/app/views/blog/_sidebar.html.erb:78)
Rendered blog/_sidebar (78.0ms)
DEPRECATION WARNING: formatted_articles_url() has been deprecated. Please pass format to the standard articles_url method instead.. (called from _run_erb_app47views47layouts47blog46html46erb at E:/zblog/app/views/layouts/blog.html.erb:7)
Rendered blog/_header (0.0ms)
Completed in 266ms (View: 219, DB: 0) | 200 OK [http://localhost/]


Processing BlogController#index (for 127.0.0.1 at 2009-12-30 04:45:12) [GET]
Rendering template within layouts/blog
Rendering blog/index
Rendered articles/_articles_table (359.0ms)
DEPRECATION WARNING: formatted_articles_url() has been deprecated. Please pass format to the standard articles_url method instead.. (called from _run_erb_app47views47blog47_sidebar46html46erb_locals_categories_object_sidebar at E:/zblog/app/views/blog/_sidebar.html.erb:78)
Rendered blog/_sidebar (78.0ms)
DEPRECATION WARNING: formatted_articles_url() has been deprecated. Please pass format to the standard articles_url method instead.. (called from _run_erb_app47views47layouts47blog46html46erb at E:/zblog/app/views/layouts/blog.html.erb:7)
Rendered blog/_header (0.0ms)
Completed in 500ms (View: 406, DB: 47) | 200 OK [http://localhost/]
DEPRECATION WARNING: Disabling sessions for a single controller has been deprecated. Sessions are now lazy loaded. So if you don't access them, consider them off. You can still modify the session cookie options with request.session_options.. (called from E:/zblog/app/controllers/articles_controller.rb:3)


Processing ArticlesController#show (for 127.0.0.1 at 2009-12-30 04:45:46) [GET]
  Parameters: {"id"=>"24"}
Rendering template within layouts/user
Rendering articles/show
Rendered comments/_comment_form (16.0ms)
Completed in 203ms (View: 140, DB: 32) | 200 OK [http://localhost/articles/24]


Processing BlogController#index (for 127.0.0.1 at 2009-12-30 04:46:30) [GET]
Rendering template within layouts/blog
Rendering blog/index
Rendered articles/_articles_table (375.0ms)
DEPRECATION WARNING: formatted_articles_url() has been deprecated. Please pass format to the standard articles_url method instead.. (called from _run_erb_app47views47blog47_sidebar46html46erb_locals_categories_object_sidebar at E:/zblog/app/views/blog/_sidebar.html.erb:78)
Rendered blog/_sidebar (78.0ms)
DEPRECATION WARNING: formatted_articles_url() has been deprecated. Please pass format to the standard articles_url method instead.. (called from _run_erb_app47views47layouts47blog46html46erb at E:/zblog/app/views/layouts/blog.html.erb:7)
Rendered blog/_header (0.0ms)
Completed in 516ms (View: 298, DB: 171) | 200 OK [http://localhost/]
DEPRECATION WARNING: Disabling sessions for a single controller has been deprecated. Sessions are now lazy loaded. So if you don't access them, consider them off. You can still modify the session cookie options with request.session_options.. (called from E:/zblog/app/controllers/articles_controller.rb:3)


Processing ArticlesController#show (for 127.0.0.1 at 2009-12-30 04:46:40) [GET]
  Parameters: {"id"=>"24"}
Rendering template within layouts/user
Rendering articles/show
Rendered comments/_comment_form (16.0ms)
Completed in 281ms (View: 48, DB: 15) | 200 OK [http://localhost/articles/24]
