# Logfile created on Wed Dec 30 00:06:48 +0800 2009 by /


Processing BlogController#about (for 127.0.0.1 at 2009-12-30 00:06:48) [GET]
Rendering template within layouts/blog
Rendered blog/_about (0.0ms)
DEPRECATION WARNING: formatted_articles_url() has been deprecated. Please pass format to the standard articles_url method instead.. (called from _run_erb_app47views47layouts47blog46html46erb at E:/zblog/app/views/layouts/blog.html.erb:7)
Rendered blog/_header (15.0ms)
Completed in 15ms (View: 15, DB: 0) | 200 OK [http://localhost/about]
DEPRECATION WARNING: Disabling sessions for a single controller has been deprecated. Sessions are now lazy loaded. So if you don't access them, consider them off. You can still modify the session cookie options with request.session_options.. (called from E:/zblog/app/controllers/articles_controller.rb:3)


Processing ArticlesController#index to rss (for 127.0.0.1 at 2009-12-30 00:06:49) [GET]
Rendering articles/index
Completed in 203ms (View: 187, DB: 0) | 200 OK [http://localhost/articles.rss]


Processing BlogController#share (for 127.0.0.1 at 2009-12-30 00:07:05) [GET]
Rendering template within layouts/blog
Rendered blog/_share (0.0ms)
DEPRECATION WARNING: formatted_articles_url() has been deprecated. Please pass format to the standard articles_url method instead.. (called from _run_erb_app47views47layouts47blog46html46erb at E:/zblog/app/views/layouts/blog.html.erb:7)
Rendered blog/_header (0.0ms)
Completed in 15ms (View: 15, DB: 0) | 200 OK [http://localhost/share]
DEPRECATION WARNING: Disabling sessions for a single controller has been deprecated. Sessions are now lazy loaded. So if you don't access them, consider them off. You can still modify the session cookie options with request.session_options.. (called from E:/zblog/app/controllers/articles_controller.rb:3)


Processing ArticlesController#index to rss (for 127.0.0.1 at 2009-12-30 00:07:05) [GET]
Rendering articles/index
Completed in 172ms (View: 156, DB: 0) | 200 OK [http://localhost/articles.rss]


Processing SessionsController#login (for 127.0.0.1 at 2009-12-30 00:07:09) [GET]
Rendering template within layouts/user
Rendering sessions/login
Completed in 110ms (View: 110, DB: 0) | 200 OK [http://localhost/login]


Processing SessionsController#create (for 127.0.0.1 at 2009-12-30 00:07:18) [POST]
  Parameters: {"commit"=>"登录", "authenticity_token"=>"RMYjhgnnEE2XUqWKg5INymWdXxHeveoa1y0f3IPtmWU=", "login"=>"zshuaibn", "password"=>"170523402"}
Failed login for 'zshuaibn' from 127.0.0.1 at Tue Dec 29 16:07:18 UTC 2009
Rendering template within layouts/user
Rendering sessions/login
Completed in 109ms (View: 0, DB: 31) | 200 OK [http://localhost/session]


Processing SessionsController#create (for 127.0.0.1 at 2009-12-30 00:07:26) [POST]
  Parameters: {"commit"=>"登录", "authenticity_token"=>"RMYjhgnnEE2XUqWKg5INymWdXxHeveoa1y0f3IPtmWU=", "login"=>"zshuaibn", "password"=>"170523402"}
Failed login for 'zshuaibn' from 127.0.0.1 at Tue Dec 29 16:07:26 UTC 2009
Rendering template within layouts/user
Rendering sessions/login
Completed in 63ms (View: 16, DB: 16) | 200 OK [http://localhost/session]


Processing SessionsController#create (for 127.0.0.1 at 2009-12-30 00:07:39) [POST]
  Parameters: {"commit"=>"登录", "authenticity_token"=>"RMYjhgnnEE2XUqWKg5INymWdXxHeveoa1y0f3IPtmWU=", "login"=>"woshizsb", "password"=>"170523402"}
Failed login for 'woshizsb' from 127.0.0.1 at Tue Dec 29 16:07:39 UTC 2009
Rendering template within layouts/user
Rendering sessions/login
Completed in 62ms (View: 15, DB: 0) | 200 OK [http://localhost/session]


Processing SessionsController#create (for 127.0.0.1 at 2009-12-30 00:07:46) [POST]
  Parameters: {"commit"=>"登录", "authenticity_token"=>"RMYjhgnnEE2XUqWKg5INymWdXxHeveoa1y0f3IPtmWU=", "login"=>"zshuaibin", "password"=>"170523402"}
Redirected to http://localhost:3000/users/1
Completed in 78ms (DB: 31) | 302 Found [http://localhost/session]


Processing UsersController#show (for 127.0.0.1 at 2009-12-30 00:07:46) [GET]
  Parameters: {"id"=>"1"}
Rendering template within layouts/user
Rendering users/show
Completed in 281ms (View: 235, DB: 15) | 200 OK [http://localhost/users/1]


Processing UsersController#show (for 127.0.0.1 at 2009-12-30 00:13:31) [GET]
  Parameters: {"id"=>"1"}
Rendering template within layouts/user
Rendering users/show
Completed in 172ms (View: 125, DB: 16) | 200 OK [http://localhost/users/1]


Processing UsersController#show (for 127.0.0.1 at 2009-12-30 00:14:56) [GET]
  Parameters: {"id"=>"1"}
Rendering template within layouts/user
Rendering users/show
Completed in 313ms (View: 266, DB: 31) | 200 OK [http://localhost/users/1]


Processing UsersController#show (for 127.0.0.1 at 2009-12-30 00:15:08) [GET]
  Parameters: {"id"=>"1"}
Rendering template within layouts/user
Rendering users/show
Completed in 156ms (View: 125, DB: 0) | 200 OK [http://localhost/users/1]


Processing UsersController#show (for 127.0.0.1 at 2009-12-30 00:15:21) [GET]
  Parameters: {"id"=>"1"}
Rendering template within layouts/user
Rendering users/show
Completed in 140ms (View: 109, DB: 16) | 200 OK [http://localhost/users/1]


Processing UsersController#show (for 127.0.0.1 at 2009-12-30 00:17:32) [GET]
  Parameters: {"id"=>"1"}
Rendering template within layouts/user
Rendering users/show
Completed in 140ms (View: 109, DB: 16) | 200 OK [http://localhost/users/1]


Processing UsersController#show (for 127.0.0.1 at 2009-12-30 00:17:57) [GET]
  Parameters: {"id"=>"1"}
Rendering template within layouts/user
Rendering users/show
Completed in 141ms (View: 110, DB: 0) | 200 OK [http://localhost/users/1]


Processing UsersController#show (for 127.0.0.1 at 2009-12-30 00:18:10) [GET]
  Parameters: {"id"=>"1"}
Rendering template within layouts/user
Rendering users/show
Completed in 157ms (View: 125, DB: 0) | 200 OK [http://localhost/users/1]


Processing UsersController#show (for 127.0.0.1 at 2009-12-30 00:19:20) [GET]
  Parameters: {"id"=>"1"}
Rendering template within layouts/user
Rendering users/show
Completed in 141ms (View: 110, DB: 0) | 200 OK [http://localhost/users/1]


Processing UsersController#show (for 127.0.0.1 at 2009-12-30 00:20:09) [GET]
  Parameters: {"id"=>"1"}
Rendering template within layouts/user
Rendering users/show
Completed in 266ms (View: 109, DB: 0) | 200 OK [http://localhost/users/1]


Processing UsersController#show (for 127.0.0.1 at 2009-12-30 00:25:37) [GET]
  Parameters: {"id"=>"1"}
Rendering template within layouts/user
Rendering users/show
Completed in 172ms (View: 126, DB: 15) | 200 OK [http://localhost/users/1]
DEPRECATION WARNING: Disabling sessions for a single controller has been deprecated. Sessions are now lazy loaded. So if you don't access them, consider them off. You can still modify the session cookie options with request.session_options.. (called from E:/zblog/app/controllers/articles_controller.rb:3)


Processing ArticlesController#show (for 127.0.0.1 at 2009-12-30 00:25:40) [GET]
  Parameters: {"id"=>"1"}
Rendering template within layouts/user
Rendering articles/show
Rendered comments/_comments_list (0.0ms)
Rendered comments/_comments_list (0.0ms)
Rendered comments/_comments_list (0.0ms)
Rendered comments/_comments_list (0.0ms)
Rendered comments/_comments_list (0.0ms)
Rendered comments/_comments_list (0.0ms)
Rendered comments/_comment_form (16.0ms)
Completed in 344ms (View: 126, DB: 47) | 200 OK [http://localhost/articles/1]
DEPRECATION WARNING: Disabling sessions for a single controller has been deprecated. Sessions are now lazy loaded. So if you don't access them, consider them off. You can still modify the session cookie options with request.session_options.. (called from E:/zblog/app/controllers/articles_controller.rb:3)


Processing ArticlesController#edit (for 127.0.0.1 at 2009-12-30 00:25:47) [GET]
  Parameters: {"id"=>"1"}
Rendering template within layouts/user
Rendering articles/edit
Completed in 93ms (View: 31, DB: 0) | 200 OK [http://localhost/articles/1/edit]
DEPRECATION WARNING: Disabling sessions for a single controller has been deprecated. Sessions are now lazy loaded. So if you don't access them, consider them off. You can still modify the session cookie options with request.session_options.. (called from E:/zblog/app/controllers/articles_controller.rb:3)


Processing ArticlesController#images to ico (for 127.0.0.1 at 2009-12-30 00:25:48) [GET]
  Parameters: {"id"=>"favicon"}

ActionController::UnknownAction (No action responded to images. Actions: create, destroy, edit, feed, index, new, show, and update):
  haml (2.2.14) rails/./lib/sass/plugin/rails.rb:19:in `process'


Rendering rescues/layout (not_found)
DEPRECATION WARNING: Disabling sessions for a single controller has been deprecated. Sessions are now lazy loaded. So if you don't access them, consider them off. You can still modify the session cookie options with request.session_options.. (called from E:/zblog/app/controllers/articles_controller.rb:3)


Processing ArticlesController#images to ico (for 127.0.0.1 at 2009-12-30 00:25:50) [GET]
  Parameters: {"id"=>"favicon"}

ActionController::UnknownAction (No action responded to images. Actions: create, destroy, edit, feed, index, new, show, and update):
  haml (2.2.14) rails/./lib/sass/plugin/rails.rb:19:in `process'


Rendering rescues/layout (not_found)


Processing UsersController#show (for 127.0.0.1 at 2009-12-30 00:31:03) [GET]
  Parameters: {"id"=>"1"}
Rendering template within layouts/user
Rendering users/show
Completed in 297ms (View: 266, DB: 16) | 200 OK [http://localhost/users/1]
DEPRECATION WARNING: Disabling sessions for a single controller has been deprecated. Sessions are now lazy loaded. So if you don't access them, consider them off. You can still modify the session cookie options with request.session_options.. (called from E:/zblog/app/controllers/articles_controller.rb:3)


Processing ArticlesController#edit (for 127.0.0.1 at 2009-12-30 00:31:06) [GET]
  Parameters: {"id"=>"24"}
Rendering template within layouts/user
Rendering articles/edit
Completed in 93ms (View: 31, DB: 15) | 200 OK [http://localhost/articles/24/edit]


Processing UsersController#show (for 127.0.0.1 at 2009-12-30 00:36:37) [GET]
  Parameters: {"id"=>"1"}
Rendering template within layouts/user
Rendering users/show
Completed in 218ms (View: 172, DB: 0) | 200 OK [http://localhost/users/1]


Processing UsersController#show (for 127.0.0.1 at 2009-12-30 00:38:29) [GET]
  Parameters: {"id"=>"1"}
Rendering template within layouts/user
Rendering users/show
Completed in 218ms (View: 157, DB: 15) | 200 OK [http://localhost/users/1]


Processing BlogController#about (for 127.0.0.1 at 2009-12-30 00:39:35) [GET]
Rendering template within layouts/blog
Rendered blog/_about (0.0ms)
DEPRECATION WARNING: formatted_articles_url() has been deprecated. Please pass format to the standard articles_url method instead.. (called from _run_erb_app47views47layouts47blog46html46erb at E:/zblog/app/views/layouts/blog.html.erb:7)
Rendered blog/_header (47.0ms)
Completed in 62ms (View: 32, DB: 15) | 200 OK [http://localhost/about]
DEPRECATION WARNING: Disabling sessions for a single controller has been deprecated. Sessions are now lazy loaded. So if you don't access them, consider them off. You can still modify the session cookie options with request.session_options.. (called from E:/zblog/app/controllers/articles_controller.rb:3)


Processing ArticlesController#index to rss (for 127.0.0.1 at 2009-12-30 00:39:36) [GET]
Rendering articles/index
Completed in 313ms (View: 172, DB: 0) | 200 OK [http://localhost/articles.rss]


Processing BlogController#video (for 127.0.0.1 at 2009-12-30 00:39:53) [GET]
Rendering template within layouts/blog
Rendered blog/_video (0.0ms)
DEPRECATION WARNING: formatted_articles_url() has been deprecated. Please pass format to the standard articles_url method instead.. (called from _run_erb_app47views47layouts47blog46html46erb at E:/zblog/app/views/layouts/blog.html.erb:7)
Rendered blog/_header (47.0ms)
Completed in 62ms (View: 31, DB: 16) | 200 OK [http://localhost/video]
DEPRECATION WARNING: Disabling sessions for a single controller has been deprecated. Sessions are now lazy loaded. So if you don't access them, consider them off. You can still modify the session cookie options with request.session_options.. (called from E:/zblog/app/controllers/articles_controller.rb:3)


Processing ArticlesController#index to rss (for 127.0.0.1 at 2009-12-30 00:39:54) [GET]
Rendering articles/index
Completed in 188ms (View: 172, DB: 0) | 200 OK [http://localhost/articles.rss]


Processing BlogController#index (for 127.0.0.1 at 2009-12-30 00:40:16) [GET]
Rendering template within layouts/blog
Rendering blog/index
Rendered articles/_articles_table (156.0ms)
DEPRECATION WARNING: formatted_articles_url() has been deprecated. Please pass format to the standard articles_url method instead.. (called from _run_erb_app47views47blog47_sidebar46html46erb_locals_categories_object_sidebar at E:/zblog/app/views/blog/_sidebar.html.erb:78)
Rendered blog/_sidebar (63.0ms)
DEPRECATION WARNING: formatted_articles_url() has been deprecated. Please pass format to the standard articles_url method instead.. (called from _run_erb_app47views47layouts47blog46html46erb at E:/zblog/app/views/layouts/blog.html.erb:7)
Rendered blog/_header (47.0ms)
Completed in 453ms (View: 250, DB: 16) | 200 OK [http://localhost/]
DEPRECATION WARNING: Disabling sessions for a single controller has been deprecated. Sessions are now lazy loaded. So if you don't access them, consider them off. You can still modify the session cookie options with request.session_options.. (called from E:/zblog/app/controllers/articles_controller.rb:3)


Processing ArticlesController#index to rss (for 127.0.0.1 at 2009-12-30 00:40:17) [GET]
Rendering articles/index
Completed in 219ms (View: 188, DB: 16) | 200 OK [http://localhost/articles.rss]


Processing UsersController#show (for 127.0.0.1 at 2009-12-30 00:43:24) [GET]
  Parameters: {"id"=>"1"}
Rendering template within layouts/user
Rendering users/show
Completed in 406ms (View: 344, DB: 15) | 200 OK [http://localhost/users/1]


Processing UsersController#show (for 127.0.0.1 at 2009-12-30 00:44:43) [GET]
  Parameters: {"id"=>"1"}
Rendering template within layouts/user
Rendering users/show
Completed in 203ms (View: 156, DB: 16) | 200 OK [http://localhost/users/1]
DEPRECATION WARNING: Disabling sessions for a single controller has been deprecated. Sessions are now lazy loaded. So if you don't access them, consider them off. You can still modify the session cookie options with request.session_options.. (called from E:/zblog/app/controllers/articles_controller.rb:3)


Processing ArticlesController#new (for 127.0.0.1 at 2009-12-30 00:44:50) [GET]
Rendering template within layouts/user
Rendering articles/new
Completed in 125ms (View: 47, DB: 0) | 200 OK [http://localhost/articles/new]


Processing UsersController#show (for 127.0.0.1 at 2009-12-30 00:49:23) [GET]
  Parameters: {"id"=>"1"}
Rendering template within layouts/user
Rendering users/show
Completed in 375ms (View: 344, DB: 16) | 200 OK [http://localhost/users/1]


Processing UsersController#show (for 127.0.0.1 at 2009-12-30 00:50:35) [GET]
  Parameters: {"id"=>"1"}
Rendering template within layouts/user
Rendering users/show
Completed in 219ms (View: 187, DB: 16) | 200 OK [http://localhost/users/1]


Processing UsersController#show (for 127.0.0.1 at 2009-12-30 00:56:53) [GET]
  Parameters: {"id"=>"1"}
Rendering template within layouts/user
Rendering users/show

ActionView::TemplateError (undefined local variable or method `article' for #<ActionView::Base:0x6669990>) on line #26 of app/views/users/show.html.erb:
23:     <% @pics.each do |pic| %>
24:       <% t_tr do %>
25:         <% t_td(image_tag thumb_pic_path(pic,:jpg)) %>
26:         <% t_td(article.category.cgname) %>
27:         <% t_td(article.tag_list.to_s) %>
28:         <% t_td(article.created_at.to_s) %>
29:         <% t_td(link_to "Edit",edit_article_path(article)) %>

    app/views/users/show.html.erb:26
    app/views/users/show.html.erb:24
    app/views/users/show.html.erb:23:in `each'
    app/views/users/show.html.erb:23
    haml (2.2.14) lib/haml/helpers/action_view_mods.rb:89:in `capture'
    app/views/users/show.html.erb:21
    haml (2.2.14) lib/haml/helpers/action_view_mods.rb:13:in `render'
    haml (2.2.14) lib/haml/helpers/action_view_mods.rb:13:in `render'
    haml (2.2.14) rails/./lib/sass/plugin/rails.rb:19:in `process'


Rendered rescues/_trace (125.0ms)
Rendered rescues/_request_and_response (0.0ms)
Rendering rescues/layout (internal_server_error)


Processing UsersController#show (for 127.0.0.1 at 2009-12-30 00:57:06) [GET]
  Parameters: {"id"=>"1"}
Rendering template within layouts/user
Rendering users/show
Completed in 235ms (View: 157, DB: 31) | 200 OK [http://localhost/users/1]


Processing PicsController#thumb to jpg (for 127.0.0.1 at 2009-12-30 00:57:07) [GET]
  Parameters: {"id"=>"1"}
Completed in 297ms (View: 265, DB: 16) | 200 OK [http://localhost/pics/1/thumb.jpg]


Processing PicsController#thumb to jpg (for 127.0.0.1 at 2009-12-30 00:57:07) [GET]
  Parameters: {"id"=>"2"}
Completed in 265ms (View: 250, DB: 0) | 200 OK [http://localhost/pics/2/thumb.jpg]


Processing PicsController#thumb to jpg (for 127.0.0.1 at 2009-12-30 00:57:08) [GET]
  Parameters: {"id"=>"4"}
Completed in 234ms (View: 203, DB: 0) | 200 OK [http://localhost/pics/4/thumb.jpg]


Processing PicsController#thumb to jpg (for 127.0.0.1 at 2009-12-30 00:57:08) [GET]
  Parameters: {"id"=>"3"}
Completed in 250ms (View: 218, DB: 16) | 200 OK [http://localhost/pics/3/thumb.jpg]


Processing PicsController#thumb to jpg (for 127.0.0.1 at 2009-12-30 00:57:08) [GET]
  Parameters: {"id"=>"5"}
Completed in 235ms (View: 204, DB: 15) | 200 OK [http://localhost/pics/5/thumb.jpg]


Processing PicsController#thumb to jpg (for 127.0.0.1 at 2009-12-30 00:57:09) [GET]
  Parameters: {"id"=>"6"}
Completed in 235ms (View: 203, DB: 16) | 200 OK [http://localhost/pics/6/thumb.jpg]


Processing PicsController#thumb to jpg (for 127.0.0.1 at 2009-12-30 00:57:09) [GET]
  Parameters: {"id"=>"7"}
Completed in 219ms (View: 187, DB: 16) | 200 OK [http://localhost/pics/7/thumb.jpg]


Processing PicsController#thumb to jpg (for 127.0.0.1 at 2009-12-30 00:57:09) [GET]
  Parameters: {"id"=>"8"}
Completed in 234ms (View: 203, DB: 0) | 200 OK [http://localhost/pics/8/thumb.jpg]


Processing PicsController#thumb to jpg (for 127.0.0.1 at 2009-12-30 00:57:10) [GET]
  Parameters: {"id"=>"9"}
Completed in 250ms (View: 234, DB: 0) | 200 OK [http://localhost/pics/9/thumb.jpg]


Processing PicsController#thumb to jpg (for 127.0.0.1 at 2009-12-30 00:57:10) [GET]
  Parameters: {"id"=>"10"}
Completed in 297ms (View: 266, DB: 15) | 200 OK [http://localhost/pics/10/thumb.jpg]


Processing PicsController#thumb to jpg (for 127.0.0.1 at 2009-12-30 00:57:10) [GET]
  Parameters: {"id"=>"11"}
Completed in 328ms (View: 313, DB: 0) | 200 OK [http://localhost/pics/11/thumb.jpg]


Processing PicsController#thumb to jpg (for 127.0.0.1 at 2009-12-30 00:57:11) [GET]
  Parameters: {"id"=>"12"}
Completed in 469ms (View: 438, DB: 31) | 200 OK [http://localhost/pics/12/thumb.jpg]


Processing UsersController#show (for 127.0.0.1 at 2009-12-30 00:59:03) [GET]
  Parameters: {"id"=>"1"}
Rendering template within layouts/user
Rendering users/show

ActionView::TemplateError (You have a nil object when you didn't expect it!
The error occurred while evaluating nil.cgname) on line #28 of app/views/users/show.html.erb:
25:         <% t_td(image_tag thumb_pic_path(pic,:jpg)) %>
26:         <% t_td(pic.title) %>
27:         <% t_td(pic.description) %>
28:         <% t_td(pic.category.cgname) %>
29:         <% t_td(link_to "Delete",pic,:confirm => "删除不可逆,你确定吗?") %>
30:       <% end%>
31:     <% end %>

    app/views/users/show.html.erb:28
    app/views/users/show.html.erb:24
    app/views/users/show.html.erb:23:in `each'
    app/views/users/show.html.erb:23
    haml (2.2.14) lib/haml/helpers/action_view_mods.rb:89:in `capture'
    app/views/users/show.html.erb:21
    haml (2.2.14) lib/haml/helpers/action_view_mods.rb:13:in `render'
    haml (2.2.14) lib/haml/helpers/action_view_mods.rb:13:in `render'
    haml (2.2.14) rails/./lib/sass/plugin/rails.rb:19:in `process'


Rendered rescues/_trace (281.0ms)
Rendered rescues/_request_and_response (0.0ms)
Rendering rescues/layout (internal_server_error)


Processing UsersController#show (for 127.0.0.1 at 2009-12-30 01:04:09) [GET]
  Parameters: {"id"=>"1"}
Rendering template within layouts/user
Rendering users/show

ActionView::TemplateError (You have a nil object when you didn't expect it!
The error occurred while evaluating nil.cgname) on line #28 of app/views/users/show.html.erb:
25:         <% t_td(image_tag thumb_pic_path(pic,:jpg)) %>
26:         <% t_td(pic.title) %>
27:         <% t_td(pic.description) %>
28:         <% t_td(pic.category.cgname) %>
29:         <% t_td(link_to "Delete",pic,:confirm => "删除不可逆,你确定吗?") %>
30:       <% end%>
31:     <% end %>

    app/views/users/show.html.erb:28
    app/views/users/show.html.erb:24
    app/views/users/show.html.erb:23:in `each'
    app/views/users/show.html.erb:23
    haml (2.2.14) lib/haml/helpers/action_view_mods.rb:89:in `capture'
    app/views/users/show.html.erb:21
    haml (2.2.14) lib/haml/helpers/action_view_mods.rb:13:in `render'
    haml (2.2.14) lib/haml/helpers/action_view_mods.rb:13:in `render'
    haml (2.2.14) rails/./lib/sass/plugin/rails.rb:19:in `process'


Rendered rescues/_trace (125.0ms)
Rendered rescues/_request_and_response (0.0ms)
Rendering rescues/layout (internal_server_error)


Processing UsersController#show (for 127.0.0.1 at 2009-12-30 01:04:24) [GET]
  Parameters: {"id"=>"1"}
Rendering template within layouts/user
Rendering users/show
Completed in 391ms (View: 329, DB: 15) | 200 OK [http://localhost/users/1]


Processing PicsController#thumb to jpg (for 127.0.0.1 at 2009-12-30 01:04:25) [GET]
  Parameters: {"id"=>"2"}
Completed in 281ms (View: 250, DB: 15) | 200 OK [http://localhost/pics/2/thumb.jpg]


Processing PicsController#thumb to jpg (for 127.0.0.1 at 2009-12-30 01:04:26) [GET]
  Parameters: {"id"=>"3"}
Completed in 265ms (View: 234, DB: 0) | 200 OK [http://localhost/pics/3/thumb.jpg]


Processing PicsController#thumb to jpg (for 127.0.0.1 at 2009-12-30 01:04:26) [GET]
  Parameters: {"id"=>"4"}
Completed in 234ms (View: 203, DB: 0) | 200 OK [http://localhost/pics/4/thumb.jpg]


Processing PicsController#thumb to jpg (for 127.0.0.1 at 2009-12-30 01:04:27) [GET]
  Parameters: {"id"=>"6"}
Completed in 234ms (View: 203, DB: 16) | 200 OK [http://localhost/pics/6/thumb.jpg]


Processing PicsController#thumb to jpg (for 127.0.0.1 at 2009-12-30 01:04:27) [GET]
  Parameters: {"id"=>"5"}
Completed in 234ms (View: 219, DB: 0) | 200 OK [http://localhost/pics/5/thumb.jpg]


Processing PicsController#thumb to jpg (for 127.0.0.1 at 2009-12-30 01:04:27) [GET]
  Parameters: {"id"=>"7"}
Completed in 219ms (View: 203, DB: 0) | 200 OK [http://localhost/pics/7/thumb.jpg]


Processing PicsController#thumb to jpg (for 127.0.0.1 at 2009-12-30 01:04:28) [GET]
  Parameters: {"id"=>"8"}
Completed in 219ms (View: 188, DB: 15) | 200 OK [http://localhost/pics/8/thumb.jpg]


Processing PicsController#thumb to jpg (for 127.0.0.1 at 2009-12-30 01:04:28) [GET]
  Parameters: {"id"=>"9"}
Completed in 250ms (View: 235, DB: 0) | 200 OK [http://localhost/pics/9/thumb.jpg]


Processing PicsController#thumb to jpg (for 127.0.0.1 at 2009-12-30 01:04:28) [GET]
  Parameters: {"id"=>"10"}
Completed in 328ms (View: 281, DB: 16) | 200 OK [http://localhost/pics/10/thumb.jpg]


Processing PicsController#thumb to jpg (for 127.0.0.1 at 2009-12-30 01:04:29) [GET]
  Parameters: {"id"=>"11"}
Completed in 281ms (View: 266, DB: 0) | 200 OK [http://localhost/pics/11/thumb.jpg]


Processing PicsController#thumb to jpg (for 127.0.0.1 at 2009-12-30 01:04:29) [GET]
  Parameters: {"id"=>"12"}
Completed in 343ms (View: 312, DB: 16) | 200 OK [http://localhost/pics/12/thumb.jpg]


Processing UsersController#show (for 127.0.0.1 at 2009-12-30 01:08:13) [GET]
  Parameters: {"id"=>"1"}
Rendering template within layouts/user
Rendering users/show

ActionView::TemplateError (You have a nil object when you didn't expect it!
The error occurred while evaluating nil.cgname) on line #28 of app/views/users/show.html.erb:
25:         <% t_td(image_tag thumb_pic_path(pic,:jpg)) %>
26:         <% t_td(pic.title) %>
27:         <% t_td(pic.description) %>
28:         <% t_td(pic.category.cgname) %>
29:         <% t_td(link_to "Delete",pic,:confirm => "删除不可逆,你确定吗?") %>
30:       <% end%>
31:     <% end %>

    app/views/users/show.html.erb:28
    app/views/users/show.html.erb:24
    app/views/users/show.html.erb:23:in `each'
    app/views/users/show.html.erb:23
    haml (2.2.14) lib/haml/helpers/action_view_mods.rb:89:in `capture'
    app/views/users/show.html.erb:21
    haml (2.2.14) lib/haml/helpers/action_view_mods.rb:13:in `render'
    haml (2.2.14) lib/haml/helpers/action_view_mods.rb:13:in `render'
    haml (2.2.14) rails/./lib/sass/plugin/rails.rb:19:in `process'


Rendered rescues/_trace (265.0ms)
Rendered rescues/_request_and_response (0.0ms)
Rendering rescues/layout (internal_server_error)


Processing UsersController#show (for 127.0.0.1 at 2009-12-30 01:09:52) [GET]
  Parameters: {"id"=>"1"}
Rendering template within layouts/user
Rendering users/show
Completed in 265ms (View: 202, DB: 16) | 200 OK [http://localhost/users/1]


Processing PicsController#thumb to jpg (for 127.0.0.1 at 2009-12-30 01:09:54) [GET]
  Parameters: {"id"=>"2"}
Completed in 297ms (View: 265, DB: 0) | 200 OK [http://localhost/pics/2/thumb.jpg]


Processing PicsController#thumb to jpg (for 127.0.0.1 at 2009-12-30 01:09:54) [GET]
  Parameters: {"id"=>"3"}
Completed in 265ms (View: 234, DB: 0) | 200 OK [http://localhost/pics/3/thumb.jpg]


Processing PicsController#thumb to jpg (for 127.0.0.1 at 2009-12-30 01:09:54) [GET]
  Parameters: {"id"=>"4"}
Completed in 297ms (View: 266, DB: 15) | 200 OK [http://localhost/pics/4/thumb.jpg]


Processing PicsController#thumb to jpg (for 127.0.0.1 at 2009-12-30 01:09:55) [GET]
  Parameters: {"id"=>"5"}
Completed in 250ms (View: 203, DB: 16) | 200 OK [http://localhost/pics/5/thumb.jpg]


Processing PicsController#thumb to jpg (for 127.0.0.1 at 2009-12-30 01:09:55) [GET]
  Parameters: {"id"=>"6"}
Completed in 250ms (View: 219, DB: 15) | 200 OK [http://localhost/pics/6/thumb.jpg]


Processing PicsController#thumb to jpg (for 127.0.0.1 at 2009-12-30 01:09:56) [GET]
  Parameters: {"id"=>"7"}
Completed in 218ms (View: 203, DB: 0) | 200 OK [http://localhost/pics/7/thumb.jpg]


Processing PicsController#thumb to jpg (for 127.0.0.1 at 2009-12-30 01:09:56) [GET]
  Parameters: {"id"=>"8"}
Completed in 297ms (View: 204, DB: 15) | 200 OK [http://localhost/pics/8/thumb.jpg]


Processing PicsController#thumb to jpg (for 127.0.0.1 at 2009-12-30 01:09:56) [GET]
  Parameters: {"id"=>"9"}
Completed in 406ms (View: 375, DB: 0) | 200 OK [http://localhost/pics/9/thumb.jpg]


Processing PicsController#thumb to jpg (for 127.0.0.1 at 2009-12-30 01:09:57) [GET]
  Parameters: {"id"=>"10"}
Completed in 484ms (View: 406, DB: 15) | 200 OK [http://localhost/pics/10/thumb.jpg]


Processing PicsController#thumb to jpg (for 127.0.0.1 at 2009-12-30 01:09:57) [GET]
  Parameters: {"id"=>"11"}
Completed in 297ms (View: 282, DB: 0) | 200 OK [http://localhost/pics/11/thumb.jpg]


Processing PicsController#thumb to jpg (for 127.0.0.1 at 2009-12-30 01:09:58) [GET]
  Parameters: {"id"=>"12"}
Completed in 375ms (View: 344, DB: 16) | 200 OK [http://localhost/pics/12/thumb.jpg]


Processing UsersController#show (for 127.0.0.1 at 2009-12-30 01:10:07) [GET]
  Parameters: {"id"=>"1"}
Rendering template within layouts/user
Rendering users/show
Completed in 250ms (View: 188, DB: 15) | 200 OK [http://localhost/users/1]


Processing PicsController#thumb to jpg (for 127.0.0.1 at 2009-12-30 01:10:08) [GET]
  Parameters: {"id"=>"2"}
Completed in 328ms (View: 296, DB: 16) | 200 OK [http://localhost/pics/2/thumb.jpg]


Processing PicsController#thumb to jpg (for 127.0.0.1 at 2009-12-30 01:10:08) [GET]
  Parameters: {"id"=>"3"}
Completed in 250ms (View: 235, DB: 0) | 200 OK [http://localhost/pics/3/thumb.jpg]


Processing PicsController#thumb to jpg (for 127.0.0.1 at 2009-12-30 01:10:08) [GET]
  Parameters: {"id"=>"4"}
Completed in 250ms (View: 234, DB: 0) | 200 OK [http://localhost/pics/4/thumb.jpg]


Processing PicsController#thumb to jpg (for 127.0.0.1 at 2009-12-30 01:10:09) [GET]
  Parameters: {"id"=>"5"}
Completed in 234ms (View: 218, DB: 0) | 200 OK [http://localhost/pics/5/thumb.jpg]


Processing PicsController#thumb to jpg (for 127.0.0.1 at 2009-12-30 01:10:09) [GET]
  Parameters: {"id"=>"6"}
Completed in 281ms (View: 266, DB: 0) | 200 OK [http://localhost/pics/6/thumb.jpg]


Processing PicsController#thumb to jpg (for 127.0.0.1 at 2009-12-30 01:10:10) [GET]
  Parameters: {"id"=>"7"}
Completed in 235ms (View: 203, DB: 16) | 200 OK [http://localhost/pics/7/thumb.jpg]


Processing PicsController#thumb to jpg (for 127.0.0.1 at 2009-12-30 01:10:10) [GET]
  Parameters: {"id"=>"8"}
Completed in 219ms (View: 203, DB: 0) | 200 OK [http://localhost/pics/8/thumb.jpg]


Processing PicsController#thumb to jpg (for 127.0.0.1 at 2009-12-30 01:10:10) [GET]
  Parameters: {"id"=>"9"}
Completed in 313ms (View: 282, DB: 15) | 200 OK [http://localhost/pics/9/thumb.jpg]


Processing PicsController#thumb to jpg (for 127.0.0.1 at 2009-12-30 01:10:11) [GET]
  Parameters: {"id"=>"10"}
Completed in 344ms (View: 312, DB: 0) | 200 OK [http://localhost/pics/10/thumb.jpg]


Processing PicsController#thumb to jpg (for 127.0.0.1 at 2009-12-30 01:10:11) [GET]
  Parameters: {"id"=>"11"}
Completed in 313ms (View: 281, DB: 0) | 200 OK [http://localhost/pics/11/thumb.jpg]


Processing PicsController#thumb to jpg (for 127.0.0.1 at 2009-12-30 01:10:12) [GET]
  Parameters: {"id"=>"12"}
Completed in 453ms (View: 422, DB: 0) | 200 OK [http://localhost/pics/12/thumb.jpg]


Processing UsersController#show (for 127.0.0.1 at 2009-12-30 01:10:37) [GET]
  Parameters: {"id"=>"1"}
Rendering template within layouts/user
Rendering users/show
Completed in 282ms (View: 204, DB: 47) | 200 OK [http://localhost/users/1]


Processing PicsController#thumb to jpg (for 127.0.0.1 at 2009-12-30 01:10:38) [GET]
  Parameters: {"id"=>"2"}
Completed in 312ms (View: 281, DB: 15) | 200 OK [http://localhost/pics/2/thumb.jpg]


Processing PicsController#thumb to jpg (for 127.0.0.1 at 2009-12-30 01:10:39) [GET]
  Parameters: {"id"=>"3"}
Completed in 250ms (View: 235, DB: 0) | 200 OK [http://localhost/pics/3/thumb.jpg]


Processing PicsController#thumb to jpg (for 127.0.0.1 at 2009-12-30 01:10:39) [GET]
  Parameters: {"id"=>"5"}
Completed in 234ms (View: 203, DB: 0) | 200 OK [http://localhost/pics/5/thumb.jpg]


Processing PicsController#thumb to jpg (for 127.0.0.1 at 2009-12-30 01:10:39) [GET]
  Parameters: {"id"=>"4"}
Completed in 250ms (View: 218, DB: 0) | 200 OK [http://localhost/pics/4/thumb.jpg]


Processing PicsController#thumb to jpg (for 127.0.0.1 at 2009-12-30 01:10:40) [GET]
  Parameters: {"id"=>"6"}
Completed in 234ms (View: 219, DB: 0) | 200 OK [http://localhost/pics/6/thumb.jpg]


Processing PicsController#thumb to jpg (for 127.0.0.1 at 2009-12-30 01:10:40) [GET]
  Parameters: {"id"=>"7"}
Completed in 250ms (View: 219, DB: 0) | 200 OK [http://localhost/pics/7/thumb.jpg]


Processing PicsController#thumb to jpg (for 127.0.0.1 at 2009-12-30 01:10:40) [GET]
  Parameters: {"id"=>"8"}
Completed in 218ms (View: 203, DB: 0) | 200 OK [http://localhost/pics/8/thumb.jpg]


Processing PicsController#thumb to jpg (for 127.0.0.1 at 2009-12-30 01:10:41) [GET]
  Parameters: {"id"=>"9"}
Completed in 312ms (View: 297, DB: 16) | 200 OK [http://localhost/pics/9/thumb.jpg]


Processing PicsController#thumb to jpg (for 127.0.0.1 at 2009-12-30 01:10:41) [GET]
  Parameters: {"id"=>"10"}
Completed in 313ms (View: 281, DB: 0) | 200 OK [http://localhost/pics/10/thumb.jpg]


Processing PicsController#thumb to jpg (for 127.0.0.1 at 2009-12-30 01:10:42) [GET]
  Parameters: {"id"=>"11"}
Completed in 312ms (View: 281, DB: 16) | 200 OK [http://localhost/pics/11/thumb.jpg]


Processing PicsController#thumb to jpg (for 127.0.0.1 at 2009-12-30 01:10:42) [GET]
  Parameters: {"id"=>"12"}
Completed in 359ms (View: 328, DB: 0) | 200 OK [http://localhost/pics/12/thumb.jpg]


Processing UsersController#show (for 127.0.0.1 at 2009-12-30 01:10:49) [GET]
  Parameters: {"id"=>"1"}
Rendering template within layouts/user
Rendering users/show
Completed in 250ms (View: 203, DB: 16) | 200 OK [http://localhost/users/1]


Processing PicsController#thumb to jpg (for 127.0.0.1 at 2009-12-30 01:10:50) [GET]
  Parameters: {"id"=>"2"}
Completed in 312ms (View: 281, DB: 0) | 200 OK [http://localhost/pics/2/thumb.jpg]


Processing PicsController#thumb to jpg (for 127.0.0.1 at 2009-12-30 01:10:51) [GET]
  Parameters: {"id"=>"3"}
Completed in 250ms (View: 218, DB: 0) | 200 OK [http://localhost/pics/3/thumb.jpg]


Processing PicsController#thumb to jpg (for 127.0.0.1 at 2009-12-30 01:10:51) [GET]
  Parameters: {"id"=>"4"}
Completed in 250ms (View: 219, DB: 0) | 200 OK [http://localhost/pics/4/thumb.jpg]


Processing PicsController#thumb to jpg (for 127.0.0.1 at 2009-12-30 01:10:52) [GET]
  Parameters: {"id"=>"5"}
Completed in 235ms (View: 203, DB: 0) | 200 OK [http://localhost/pics/5/thumb.jpg]


Processing PicsController#thumb to jpg (for 127.0.0.1 at 2009-12-30 01:10:52) [GET]
  Parameters: {"id"=>"6"}
Completed in 234ms (View: 203, DB: 16) | 200 OK [http://localhost/pics/6/thumb.jpg]


Processing PicsController#thumb to jpg (for 127.0.0.1 at 2009-12-30 01:10:52) [GET]
  Parameters: {"id"=>"7"}
Completed in 235ms (View: 203, DB: 16) | 200 OK [http://localhost/pics/7/thumb.jpg]


Processing PicsController#thumb to jpg (for 127.0.0.1 at 2009-12-30 01:10:53) [GET]
  Parameters: {"id"=>"8"}
Completed in 219ms (View: 203, DB: 0) | 200 OK [http://localhost/pics/8/thumb.jpg]


Processing PicsController#thumb to jpg (for 127.0.0.1 at 2009-12-30 01:10:53) [GET]
  Parameters: {"id"=>"9"}
Completed in 281ms (View: 250, DB: 16) | 200 OK [http://localhost/pics/9/thumb.jpg]


Processing PicsController#thumb to jpg (for 127.0.0.1 at 2009-12-30 01:10:53) [GET]
  Parameters: {"id"=>"10"}
Completed in 297ms (View: 281, DB: 0) | 200 OK [http://localhost/pics/10/thumb.jpg]


Processing PicsController#thumb to jpg (for 127.0.0.1 at 2009-12-30 01:10:54) [GET]
  Parameters: {"id"=>"11"}
Completed in 312ms (View: 281, DB: 0) | 200 OK [http://localhost/pics/11/thumb.jpg]


Processing PicsController#thumb to jpg (for 127.0.0.1 at 2009-12-30 01:10:54) [GET]
  Parameters: {"id"=>"12"}
Completed in 359ms (View: 328, DB: 0) | 200 OK [http://localhost/pics/12/thumb.jpg]


Processing PicsController#new (for 127.0.0.1 at 2009-12-30 01:10:57) [GET]
Rendering template within layouts/user
Rendering pics/new
Completed in 140ms (View: 47, DB: 31) | 200 OK [http://localhost/pics/new]


Processing UsersController#show (for 127.0.0.1 at 2009-12-30 01:17:01) [GET]
  Parameters: {"id"=>"1"}
Rendering template within layouts/user
Rendering users/show

ActionView::TemplateError (You have a nil object when you didn't expect it!
You might have expected an instance of Array.
The error occurred while evaluating nil.each) on line #38 of app/views/users/show.html.erb:
35: <div id="manageshare">
36:   <% table_for(:caption => '下载列表:',:border => '1') do %>
37:     <% tr(1,{},["资源名称","资源大小","资源类型""删除",true]) %>
38:     <% @shares.each do |share| %>
39:       <% t_tr do %>
40:         <% t_td(share.stuff_file_name) %>
41:         <% t_td(share.stuff_file_size.to_s) %>

    app/views/users/show.html.erb:38
    haml (2.2.14) lib/haml/helpers/action_view_mods.rb:89:in `capture'
    app/views/users/show.html.erb:36
    haml (2.2.14) lib/haml/helpers/action_view_mods.rb:13:in `render'
    haml (2.2.14) lib/haml/helpers/action_view_mods.rb:13:in `render'
    haml (2.2.14) rails/./lib/sass/plugin/rails.rb:19:in `process'


Rendered rescues/_trace (125.0ms)
Rendered rescues/_request_and_response (0.0ms)
Rendering rescues/layout (internal_server_error)


Processing UsersController#show (for 127.0.0.1 at 2009-12-30 01:19:23) [GET]
  Parameters: {"id"=>"1"}
Rendering template within layouts/user
Rendering users/show

ActionView::TemplateError (You have a nil object when you didn't expect it!
The error occurred while evaluating nil.to_sym) on line #43 of app/views/users/show.html.erb:
40:         <% t_td(share.stuff_file_name) %>
41:         <% t_td(share.stuff_file_size.to_s) %>
42:         <% t_td(share.stuff_content_type) %>
43:         <% t_td(link_to "Delete",share,:confirm => "删除不可逆,你确定吗?") %>
44:       <% end%>
45:     <% end %>
46:   <% end %>

    (eval):20:in `share_path'
    app/views/users/show.html.erb:43
    app/views/users/show.html.erb:39
    app/views/users/show.html.erb:38:in `each'
    app/views/users/show.html.erb:38
    haml (2.2.14) lib/haml/helpers/action_view_mods.rb:89:in `capture'
    app/views/users/show.html.erb:36
    haml (2.2.14) lib/haml/helpers/action_view_mods.rb:13:in `render'
    haml (2.2.14) lib/haml/helpers/action_view_mods.rb:13:in `render'
    haml (2.2.14) rails/./lib/sass/plugin/rails.rb:19:in `process'


Rendered rescues/_trace (359.0ms)
Rendered rescues/_request_and_response (0.0ms)
Rendering rescues/layout (internal_server_error)


Processing UsersController#show (for 127.0.0.1 at 2009-12-30 01:20:14) [GET]
  Parameters: {"id"=>"1"}
Rendering template within layouts/user
Rendering users/show
Completed in 313ms (View: 234, DB: 16) | 200 OK [http://localhost/users/1]


Processing PicsController#thumb to jpg (for 127.0.0.1 at 2009-12-30 01:20:15) [GET]
  Parameters: {"id"=>"2"}
Completed in 329ms (View: 297, DB: 16) | 200 OK [http://localhost/pics/2/thumb.jpg]


Processing PicsController#thumb to jpg (for 127.0.0.1 at 2009-12-30 01:20:16) [GET]
  Parameters: {"id"=>"3"}
Completed in 250ms (View: 219, DB: 0) | 200 OK [http://localhost/pics/3/thumb.jpg]


Processing PicsController#thumb to jpg (for 127.0.0.1 at 2009-12-30 01:20:16) [GET]
  Parameters: {"id"=>"4"}
Completed in 282ms (View: 250, DB: 0) | 200 OK [http://localhost/pics/4/thumb.jpg]


Processing PicsController#thumb to jpg (for 127.0.0.1 at 2009-12-30 01:20:17) [GET]
  Parameters: {"id"=>"5"}
Completed in 234ms (View: 203, DB: 0) | 200 OK [http://localhost/pics/5/thumb.jpg]


Processing PicsController#thumb to jpg (for 127.0.0.1 at 2009-12-30 01:20:17) [GET]
  Parameters: {"id"=>"6"}
Completed in 250ms (View: 218, DB: 16) | 200 OK [http://localhost/pics/6/thumb.jpg]


Processing PicsController#thumb to jpg (for 127.0.0.1 at 2009-12-30 01:20:17) [GET]
  Parameters: {"id"=>"7"}
Completed in 265ms (View: 234, DB: 16) | 200 OK [http://localhost/pics/7/thumb.jpg]


Processing PicsController#thumb to jpg (for 127.0.0.1 at 2009-12-30 01:20:18) [GET]
  Parameters: {"id"=>"8"}
Completed in 265ms (View: 234, DB: 16) | 200 OK [http://localhost/pics/8/thumb.jpg]


Processing PicsController#thumb to jpg (for 127.0.0.1 at 2009-12-30 01:20:18) [GET]
  Parameters: {"id"=>"9"}
Completed in 313ms (View: 281, DB: 0) | 200 OK [http://localhost/pics/9/thumb.jpg]


Processing PicsController#thumb to jpg (for 127.0.0.1 at 2009-12-30 01:20:18) [GET]
  Parameters: {"id"=>"10"}
Completed in 375ms (View: 344, DB: 0) | 200 OK [http://localhost/pics/10/thumb.jpg]


Processing PicsController#thumb to jpg (for 127.0.0.1 at 2009-12-30 01:20:19) [GET]
  Parameters: {"id"=>"11"}
Completed in 328ms (View: 312, DB: 0) | 200 OK [http://localhost/pics/11/thumb.jpg]


Processing PicsController#thumb to jpg (for 127.0.0.1 at 2009-12-30 01:20:19) [GET]
  Parameters: {"id"=>"12"}
Completed in 406ms (View: 375, DB: 16) | 200 OK [http://localhost/pics/12/thumb.jpg]


Processing UsersController#show (for 127.0.0.1 at 2009-12-30 01:22:10) [GET]
  Parameters: {"id"=>"1"}
Rendering template within layouts/user
Rendering users/show

ActionView::TemplateError (You have a nil object when you didn't expect it!
The error occurred while evaluating nil.to_sym) on line #43 of app/views/users/show.html.erb:
40:         <% t_td(share.stuff_file_name) %>
41:         <% t_td(share.stuff_file_size.to_s) %>
42:         <% t_td(share.stuff_content_type) %>
43:         <% t_td(link_to "Delete",share,:confirm => "删除不可逆,你确定吗?") %>
44:       <% end%>
45:     <% end %>
46:   <% end %>

    (eval):20:in `share_path'
    app/views/users/show.html.erb:43
    app/views/users/show.html.erb:39
    app/views/users/show.html.erb:38:in `each'
    app/views/users/show.html.erb:38
    haml (2.2.14) lib/haml/helpers/action_view_mods.rb:89:in `capture'
    app/views/users/show.html.erb:36
    haml (2.2.14) lib/haml/helpers/action_view_mods.rb:13:in `render'
    haml (2.2.14) lib/haml/helpers/action_view_mods.rb:13:in `render'
    haml (2.2.14) rails/./lib/sass/plugin/rails.rb:19:in `process'


Rendered rescues/_trace (140.0ms)
Rendered rescues/_request_and_response (0.0ms)
Rendering rescues/layout (internal_server_error)


Processing UsersController#show (for 127.0.0.1 at 2009-12-30 01:22:28) [GET]
  Parameters: {"id"=>"1"}
Rendering template within layouts/user
Rendering users/show

ActionView::TemplateError (You have a nil object when you didn't expect it!
The error occurred while evaluating nil.to_sym) on line #43 of app/views/users/show.html.erb:
40:         <% t_td(share.stuff_file_name) %>
41:         <% t_td(share.stuff_file_size.to_s) %>
42:         <% t_td(share.stuff_content_type) %>
43:         <% t_td(link_to "Delete",share,:confirm => "删除不可逆,你确定吗?") %>
44:       <% end%>
45:     <% end %>
46:   <% end %>

    (eval):20:in `share_path'
    app/views/users/show.html.erb:43
    app/views/users/show.html.erb:39
    app/views/users/show.html.erb:38:in `each'
    app/views/users/show.html.erb:38
    haml (2.2.14) lib/haml/helpers/action_view_mods.rb:89:in `capture'
    app/views/users/show.html.erb:36
    haml (2.2.14) lib/haml/helpers/action_view_mods.rb:13:in `render'
    haml (2.2.14) lib/haml/helpers/action_view_mods.rb:13:in `render'
    haml (2.2.14) rails/./lib/sass/plugin/rails.rb:19:in `process'


Rendered rescues/_trace (156.0ms)
Rendered rescues/_request_and_response (0.0ms)
Rendering rescues/layout (internal_server_error)


Processing UsersController#show (for 127.0.0.1 at 2009-12-30 01:22:36) [GET]
  Parameters: {"id"=>"1"}
Rendering template within layouts/user
Rendering users/show

ActionView::TemplateError (You have a nil object when you didn't expect it!
The error occurred while evaluating nil.to_sym) on line #43 of app/views/users/show.html.erb:
40:         <% t_td(share.stuff_file_name) %>
41:         <% t_td(share.stuff_file_size.to_s) %>
42:         <% t_td(share.stuff_content_type) %>
43:         <% t_td(link_to "Delete",share,:confirm => "删除不可逆,你确定吗?") %>
44:       <% end%>
45:     <% end %>
46:   <% end %>

    (eval):20:in `share_path'
    app/views/users/show.html.erb:43
    app/views/users/show.html.erb:39
    app/views/users/show.html.erb:38:in `each'
    app/views/users/show.html.erb:38
    haml (2.2.14) lib/haml/helpers/action_view_mods.rb:89:in `capture'
    app/views/users/show.html.erb:36
    haml (2.2.14) lib/haml/helpers/action_view_mods.rb:13:in `render'
    haml (2.2.14) lib/haml/helpers/action_view_mods.rb:13:in `render'
    haml (2.2.14) rails/./lib/sass/plugin/rails.rb:19:in `process'


Rendered rescues/_trace (266.0ms)
Rendered rescues/_request_and_response (0.0ms)
Rendering rescues/layout (internal_server_error)


Processing UsersController#show (for 127.0.0.1 at 2009-12-30 01:23:52) [GET]
  Parameters: {"id"=>"1"}
Rendering template within layouts/user
Rendering users/show
Completed in 500ms (View: 391, DB: 62) | 200 OK [http://localhost/users/1]


Processing PicsController#thumb to jpg (for 127.0.0.1 at 2009-12-30 01:23:54) [GET]
  Parameters: {"id"=>"2"}
Completed in 296ms (View: 265, DB: 16) | 200 OK [http://localhost/pics/2/thumb.jpg]


Processing PicsController#thumb to jpg (for 127.0.0.1 at 2009-12-30 01:23:54) [GET]
  Parameters: {"id"=>"3"}
Completed in 234ms (View: 219, DB: 0) | 200 OK [http://localhost/pics/3/thumb.jpg]


Processing PicsController#thumb to jpg (for 127.0.0.1 at 2009-12-30 01:23:54) [GET]
  Parameters: {"id"=>"4"}
Completed in 313ms (View: 282, DB: 0) | 200 OK [http://localhost/pics/4/thumb.jpg]


Processing PicsController#thumb to jpg (for 127.0.0.1 at 2009-12-30 01:23:55) [GET]
  Parameters: {"id"=>"5"}
Completed in 266ms (View: 234, DB: 16) | 200 OK [http://localhost/pics/5/thumb.jpg]


Processing PicsController#thumb to jpg (for 127.0.0.1 at 2009-12-30 01:23:55) [GET]
  Parameters: {"id"=>"6"}
Completed in 250ms (View: 235, DB: 0) | 200 OK [http://localhost/pics/6/thumb.jpg]


Processing PicsController#thumb to jpg (for 127.0.0.1 at 2009-12-30 01:23:56) [GET]
  Parameters: {"id"=>"7"}
Completed in 219ms (View: 203, DB: 0) | 200 OK [http://localhost/pics/7/thumb.jpg]


Processing PicsController#thumb to jpg (for 127.0.0.1 at 2009-12-30 01:23:56) [GET]
  Parameters: {"id"=>"8"}
Completed in 281ms (View: 250, DB: 16) | 200 OK [http://localhost/pics/8/thumb.jpg]


Processing PicsController#thumb to jpg (for 127.0.0.1 at 2009-12-30 01:23:56) [GET]
  Parameters: {"id"=>"9"}
Completed in 313ms (View: 297, DB: 0) | 200 OK [http://localhost/pics/9/thumb.jpg]


Processing PicsController#thumb to jpg (for 127.0.0.1 at 2009-12-30 01:23:57) [GET]
  Parameters: {"id"=>"10"}
Completed in 313ms (View: 282, DB: 15) | 200 OK [http://localhost/pics/10/thumb.jpg]


Processing PicsController#thumb to jpg (for 127.0.0.1 at 2009-12-30 01:23:57) [GET]
  Parameters: {"id"=>"11"}
Completed in 313ms (View: 297, DB: 0) | 200 OK [http://localhost/pics/11/thumb.jpg]


Processing PicsController#thumb to jpg (for 127.0.0.1 at 2009-12-30 01:23:58) [GET]
  Parameters: {"id"=>"12"}
Completed in 406ms (View: 328, DB: 0) | 200 OK [http://localhost/pics/12/thumb.jpg]


Processing PicsController#index (for 127.0.0.1 at 2009-12-30 01:33:02) [GET]
Rendering template within layouts/user
Rendering pics/index
Rendered blog/_header (63.0ms)
Completed in 156ms (View: 95, DB: 15) | 200 OK [http://localhost/pics]


Processing PicsController#bigger to jpg (for 127.0.0.1 at 2009-12-30 01:33:03) [GET]
  Parameters: {"id"=>"2"}
Completed in 281ms (View: 266, DB: 0) | 200 OK [http://localhost/pics/2/bigger.jpg]


Processing PicsController#bigger to jpg (for 127.0.0.1 at 2009-12-30 01:33:04) [GET]
  Parameters: {"id"=>"3"}
Completed in 266ms (View: 250, DB: 0) | 200 OK [http://localhost/pics/3/bigger.jpg]


Processing BlogController#index (for 127.0.0.1 at 2009-12-30 01:34:00) [GET]
Rendering template within layouts/blog
Rendering blog/index
Rendered articles/_articles_table (140.0ms)
DEPRECATION WARNING: formatted_articles_url() has been deprecated. Please pass format to the standard articles_url method instead.. (called from _run_erb_app47views47blog47_sidebar46html46erb_locals_categories_object_sidebar at E:/zblog/app/views/blog/_sidebar.html.erb:78)
Rendered blog/_sidebar (63.0ms)
DEPRECATION WARNING: formatted_articles_url() has been deprecated. Please pass format to the standard articles_url method instead.. (called from _run_erb_app47views47layouts47blog46html46erb at E:/zblog/app/views/layouts/blog.html.erb:7)
Rendered blog/_header (47.0ms)
Completed in 312ms (View: 250, DB: 31) | 200 OK [http://localhost/]
DEPRECATION WARNING: Disabling sessions for a single controller has been deprecated. Sessions are now lazy loaded. So if you don't access them, consider them off. You can still modify the session cookie options with request.session_options.. (called from E:/zblog/app/controllers/articles_controller.rb:3)


Processing ArticlesController#index to rss (for 127.0.0.1 at 2009-12-30 01:34:01) [GET]
Rendering articles/index
Completed in 234ms (View: 203, DB: 0) | 200 OK [http://localhost/articles.rss]


Processing PicsController#index (for 127.0.0.1 at 2009-12-30 01:34:06) [GET]
Rendering template within layouts/user
Rendering pics/index
Rendered blog/_header (47.0ms)
Completed in 110ms (View: 47, DB: 16) | 200 OK [http://localhost/pics]


Processing PicsController#bigger to jpg (for 127.0.0.1 at 2009-12-30 01:34:06) [GET]
  Parameters: {"id"=>"2"}
Completed in 282ms (View: 250, DB: 16) | 200 OK [http://localhost/pics/2/bigger.jpg]


Processing PicsController#bigger to jpg (for 127.0.0.1 at 2009-12-30 01:34:07) [GET]
  Parameters: {"id"=>"3"}
Completed in 235ms (View: 219, DB: 0) | 200 OK [http://localhost/pics/3/bigger.jpg]


Processing PicsController#index (for 127.0.0.1 at 2009-12-30 01:37:13) [GET]
Rendering template within layouts/user
Rendering pics/index
Rendered blog/_header (31.0ms)
Completed in 140ms (View: 94, DB: 0) | 200 OK [http://localhost/pics]


Processing PicsController#bigger to jpg (for 127.0.0.1 at 2009-12-30 01:37:14) [GET]
  Parameters: {"id"=>"3"}
Completed in 266ms (View: 250, DB: 0) | 200 OK [http://localhost/pics/3/bigger.jpg]


Processing PicsController#bigger to jpg (for 127.0.0.1 at 2009-12-30 01:37:15) [GET]
  Parameters: {"id"=>"2"}
Completed in 328ms (View: 297, DB: 0) | 200 OK [http://localhost/pics/2/bigger.jpg]


Processing PicsController#index (for 127.0.0.1 at 2009-12-30 01:38:07) [GET]
Rendering template within layouts/user
Rendering pics/index
Rendered blog/_header (78.0ms)
Completed in 141ms (View: 79, DB: 15) | 200 OK [http://localhost/pics]


Processing PicsController#bigger to jpg (for 127.0.0.1 at 2009-12-30 01:38:08) [GET]
  Parameters: {"id"=>"3"}
Completed in 266ms (View: 250, DB: 0) | 200 OK [http://localhost/pics/3/bigger.jpg]


Processing PicsController#bigger to jpg (for 127.0.0.1 at 2009-12-30 01:38:09) [GET]
  Parameters: {"id"=>"2"}
Completed in 282ms (View: 250, DB: 0) | 200 OK [http://localhost/pics/2/bigger.jpg]


Processing PicsController#index (for 127.0.0.1 at 2009-12-30 01:38:18) [GET]
Rendering template within layouts/user
Rendering pics/index
Rendered blog/_header (47.0ms)
Completed in 109ms (View: 63, DB: 15) | 200 OK [http://localhost/pics]


Processing PicsController#bigger to jpg (for 127.0.0.1 at 2009-12-30 01:38:19) [GET]
  Parameters: {"id"=>"2"}
Completed in 281ms (View: 266, DB: 0) | 200 OK [http://localhost/pics/2/bigger.jpg]


Processing PicsController#bigger to jpg (for 127.0.0.1 at 2009-12-30 01:38:19) [GET]
  Parameters: {"id"=>"3"}
Completed in 250ms (View: 219, DB: 0) | 200 OK [http://localhost/pics/3/bigger.jpg]


Processing PicsController#index (for 127.0.0.1 at 2009-12-30 01:38:24) [GET]
Rendering template within layouts/user
Rendering pics/index
Rendered blog/_header (63.0ms)
Completed in 109ms (View: 62, DB: 16) | 200 OK [http://localhost/pics]


Processing PicsController#bigger to jpg (for 127.0.0.1 at 2009-12-30 01:38:25) [GET]
  Parameters: {"id"=>"2"}
Completed in 297ms (View: 282, DB: 0) | 200 OK [http://localhost/pics/2/bigger.jpg]


Processing PicsController#bigger to jpg (for 127.0.0.1 at 2009-12-30 01:38:26) [GET]
  Parameters: {"id"=>"3"}
Completed in 234ms (View: 203, DB: 0) | 200 OK [http://localhost/pics/3/bigger.jpg]


Processing PicsController#index (for 127.0.0.1 at 2009-12-30 01:38:31) [GET]
Rendering template within layouts/user
Rendering pics/index
Rendered blog/_header (32.0ms)
Completed in 109ms (View: 63, DB: 30) | 200 OK [http://localhost/pics]


Processing PicsController#bigger to jpg (for 127.0.0.1 at 2009-12-30 01:38:32) [GET]
  Parameters: {"id"=>"2"}
Completed in 313ms (View: 282, DB: 0) | 200 OK [http://localhost/pics/2/bigger.jpg]


Processing PicsController#bigger to jpg (for 127.0.0.1 at 2009-12-30 01:38:32) [GET]
  Parameters: {"id"=>"3"}
Completed in 234ms (View: 203, DB: 31) | 200 OK [http://localhost/pics/3/bigger.jpg]


Processing PicsController#index (for 127.0.0.1 at 2009-12-30 01:38:38) [GET]
Rendering template within layouts/user
Rendering pics/index
Rendered blog/_header (47.0ms)
Completed in 125ms (View: 78, DB: 0) | 200 OK [http://localhost/pics]


Processing PicsController#bigger to jpg (for 127.0.0.1 at 2009-12-30 01:38:39) [GET]
  Parameters: {"id"=>"2"}
Completed in 281ms (View: 266, DB: 0) | 200 OK [http://localhost/pics/2/bigger.jpg]


Processing PicsController#bigger to jpg (for 127.0.0.1 at 2009-12-30 01:38:40) [GET]
  Parameters: {"id"=>"3"}
Completed in 234ms (View: 203, DB: 16) | 200 OK [http://localhost/pics/3/bigger.jpg]


Processing PicsController#index (for 127.0.0.1 at 2009-12-30 01:38:59) [GET]
Rendering template within layouts/user
Rendering pics/index
Rendered blog/_header (47.0ms)
Completed in 125ms (View: 62, DB: 0) | 200 OK [http://localhost/pics]


Processing PicsController#bigger to jpg (for 127.0.0.1 at 2009-12-30 01:39:00) [GET]
  Parameters: {"id"=>"2"}
Completed in 281ms (View: 265, DB: 0) | 200 OK [http://localhost/pics/2/bigger.jpg]


Processing PicsController#bigger to jpg (for 127.0.0.1 at 2009-12-30 01:39:00) [GET]
  Parameters: {"id"=>"3"}
Completed in 234ms (View: 219, DB: 0) | 200 OK [http://localhost/pics/3/bigger.jpg]


Processing PicsController#index (for 127.0.0.1 at 2009-12-30 01:39:04) [GET]
Rendering template within layouts/user
Rendering pics/index
Rendered blog/_header (31.0ms)
Completed in 125ms (View: 62, DB: 32) | 200 OK [http://localhost/pics]


Processing PicsController#bigger to jpg (for 127.0.0.1 at 2009-12-30 01:39:05) [GET]
  Parameters: {"id"=>"2"}
Completed in 282ms (View: 266, DB: 0) | 200 OK [http://localhost/pics/2/bigger.jpg]


Processing PicsController#bigger to jpg (for 127.0.0.1 at 2009-12-30 01:39:05) [GET]
  Parameters: {"id"=>"3"}
Completed in 250ms (View: 218, DB: 0) | 200 OK [http://localhost/pics/3/bigger.jpg]


Processing BlogController#share (for 127.0.0.1 at 2009-12-30 01:39:46) [GET]
Rendering template within layouts/blog
Rendered blog/_share (0.0ms)
DEPRECATION WARNING: formatted_articles_url() has been deprecated. Please pass format to the standard articles_url method instead.. (called from _run_erb_app47views47layouts47blog46html46erb at E:/zblog/app/views/layouts/blog.html.erb:7)
Rendered blog/_header (78.0ms)
Completed in 93ms (View: 93, DB: 0) | 200 OK [http://localhost/share]
DEPRECATION WARNING: Disabling sessions for a single controller has been deprecated. Sessions are now lazy loaded. So if you don't access them, consider them off. You can still modify the session cookie options with request.session_options.. (called from E:/zblog/app/controllers/articles_controller.rb:3)


Processing ArticlesController#index to rss (for 127.0.0.1 at 2009-12-30 01:39:47) [GET]
Rendering articles/index
Completed in 188ms (View: 156, DB: 16) | 200 OK [http://localhost/articles.rss]


Processing BlogController#share (for 127.0.0.1 at 2009-12-30 01:44:47) [GET]
Rendering template within layouts/blog
Rendered blog/_share (31.0ms)
DEPRECATION WARNING: formatted_articles_url() has been deprecated. Please pass format to the standard articles_url method instead.. (called from _run_erb_app47views47layouts47blog46html46erb at E:/zblog/app/views/layouts/blog.html.erb:7)
Rendered blog/_header (188.0ms)
Completed in 234ms (View: 219, DB: 15) | 200 OK [http://localhost/share]
DEPRECATION WARNING: Disabling sessions for a single controller has been deprecated. Sessions are now lazy loaded. So if you don't access them, consider them off. You can still modify the session cookie options with request.session_options.. (called from E:/zblog/app/controllers/articles_controller.rb:3)


Processing ArticlesController#index to rss (for 127.0.0.1 at 2009-12-30 01:44:49) [GET]
Rendering articles/index
Completed in 204ms (View: 172, DB: 16) | 200 OK [http://localhost/articles.rss]


Processing BlogController#share (for 127.0.0.1 at 2009-12-30 01:45:33) [GET]
Rendering template within layouts/blog
Rendered blog/_share (46.0ms)
DEPRECATION WARNING: formatted_articles_url() has been deprecated. Please pass format to the standard articles_url method instead.. (called from _run_erb_app47views47layouts47blog46html46erb at E:/zblog/app/views/layouts/blog.html.erb:7)
Rendered blog/_header (47.0ms)
Completed in 125ms (View: 109, DB: 16) | 200 OK [http://localhost/share]
DEPRECATION WARNING: Disabling sessions for a single controller has been deprecated. Sessions are now lazy loaded. So if you don't access them, consider them off. You can still modify the session cookie options with request.session_options.. (called from E:/zblog/app/controllers/articles_controller.rb:3)


Processing ArticlesController#index to rss (for 127.0.0.1 at 2009-12-30 01:45:34) [GET]
Rendering articles/index
Completed in 219ms (View: 187, DB: 0) | 200 OK [http://localhost/articles.rss]


Processing PicsController#index (for 127.0.0.1 at 2009-12-30 01:50:44) [GET]
Rendering template within layouts/user
Rendering pics/index
Rendered blog/_header (31.0ms)
Completed in 93ms (View: 62, DB: 0) | 200 OK [http://localhost/pics]


Processing PicsController#bigger to jpg (for 127.0.0.1 at 2009-12-30 01:50:44) [GET]
  Parameters: {"id"=>"2"}
Completed in 313ms (View: 281, DB: 0) | 200 OK [http://localhost/pics/2/bigger.jpg]


Processing PicsController#bigger to jpg (for 127.0.0.1 at 2009-12-30 01:50:45) [GET]
  Parameters: {"id"=>"3"}
Completed in 281ms (View: 266, DB: 0) | 200 OK [http://localhost/pics/3/bigger.jpg]


Processing BlogController#video (for 127.0.0.1 at 2009-12-30 01:50:48) [GET]
Rendering template within layouts/blog
Rendered blog/_video (0.0ms)
DEPRECATION WARNING: formatted_articles_url() has been deprecated. Please pass format to the standard articles_url method instead.. (called from _run_erb_app47views47layouts47blog46html46erb at E:/zblog/app/views/layouts/blog.html.erb:7)
Rendered blog/_header (47.0ms)
Completed in 63ms (View: 47, DB: 0) | 200 OK [http://localhost/video]
DEPRECATION WARNING: Disabling sessions for a single controller has been deprecated. Sessions are now lazy loaded. So if you don't access them, consider them off. You can still modify the session cookie options with request.session_options.. (called from E:/zblog/app/controllers/articles_controller.rb:3)


Processing ArticlesController#index to rss (for 127.0.0.1 at 2009-12-30 01:50:49) [GET]
Rendering articles/index
Completed in 469ms (View: 406, DB: 0) | 200 OK [http://localhost/articles.rss]


Processing BlogController#about (for 127.0.0.1 at 2009-12-30 01:50:49) [GET]
Rendering template within layouts/blog
Rendered blog/_about (0.0ms)
DEPRECATION WARNING: formatted_articles_url() has been deprecated. Please pass format to the standard articles_url method instead.. (called from _run_erb_app47views47layouts47blog46html46erb at E:/zblog/app/views/layouts/blog.html.erb:7)
Rendered blog/_header (32.0ms)
Completed in 62ms (View: 62, DB: 0) | 200 OK [http://localhost/about]
DEPRECATION WARNING: Disabling sessions for a single controller has been deprecated. Sessions are now lazy loaded. So if you don't access them, consider them off. You can still modify the session cookie options with request.session_options.. (called from E:/zblog/app/controllers/articles_controller.rb:3)


Processing ArticlesController#index to rss (for 127.0.0.1 at 2009-12-30 01:50:50) [GET]
Rendering articles/index
Completed in 234ms (View: 218, DB: 0) | 200 OK [http://localhost/articles.rss]
DEPRECATION WARNING: Disabling sessions for a single controller has been deprecated. Sessions are now lazy loaded. So if you don't access them, consider them off. You can still modify the session cookie options with request.session_options.. (called from E:/zblog/app/controllers/articles_controller.rb:3)


Processing ArticlesController#new (for 127.0.0.1 at 2009-12-30 01:50:55) [GET]
Rendering template within layouts/user
Rendering articles/new
Completed in 156ms (View: 47, DB: 0) | 200 OK [http://localhost/articles/new]
DEPRECATION WARNING: Disabling sessions for a single controller has been deprecated. Sessions are now lazy loaded. So if you don't access them, consider them off. You can still modify the session cookie options with request.session_options.. (called from E:/zblog/app/controllers/articles_controller.rb:3)


Processing ArticlesController#index (for 127.0.0.1 at 2009-12-30 01:52:34) [GET]
Rendering template within layouts/user
Rendering articles/index
DEPRECATION WARNING: formatted_articles_url() has been deprecated. Please pass format to the standard articles_url method instead.. (called from _run_erb_app47views47articles47index46html46erb at E:/zblog/app/views/articles/index.html.erb:27)
Completed in 500ms (View: 407, DB: 47) | 200 OK [http://localhost/articles]


Processing UsersController#show (for 127.0.0.1 at 2009-12-30 01:53:47) [GET]
  Parameters: {"id"=>"1"}
Rendering template within layouts/user
Rendering users/show
Completed in 218ms (View: 157, DB: 30) | 200 OK [http://localhost/users/1]


Processing PicsController#thumb to jpg (for 127.0.0.1 at 2009-12-30 01:53:48) [GET]
  Parameters: {"id"=>"2"}
Completed in 234ms (View: 218, DB: 0) | 200 OK [http://localhost/pics/2/thumb.jpg]


Processing PicsController#thumb to jpg (for 127.0.0.1 at 2009-12-30 01:53:48) [GET]
  Parameters: {"id"=>"3"}
Completed in 203ms (View: 187, DB: 0) | 200 OK [http://localhost/pics/3/thumb.jpg]


Processing PicsController#thumb to jpg (for 127.0.0.1 at 2009-12-30 01:53:48) [GET]
  Parameters: {"id"=>"4"}
Completed in 219ms (View: 203, DB: 0) | 200 OK [http://localhost/pics/4/thumb.jpg]


Processing PicsController#thumb to jpg (for 127.0.0.1 at 2009-12-30 01:53:49) [GET]
  Parameters: {"id"=>"5"}
Completed in 204ms (View: 188, DB: 0) | 200 OK [http://localhost/pics/5/thumb.jpg]


Processing PicsController#thumb to jpg (for 127.0.0.1 at 2009-12-30 01:53:49) [GET]
  Parameters: {"id"=>"6"}
Completed in 281ms (View: 219, DB: 31) | 200 OK [http://localhost/pics/6/thumb.jpg]


Processing PicsController#thumb to jpg (for 127.0.0.1 at 2009-12-30 01:53:49) [GET]
  Parameters: {"id"=>"7"}
Completed in 203ms (View: 187, DB: 0) | 200 OK [http://localhost/pics/7/thumb.jpg]


Processing PicsController#thumb to jpg (for 127.0.0.1 at 2009-12-30 01:53:50) [GET]
  Parameters: {"id"=>"8"}
Completed in 203ms (View: 188, DB: 0) | 200 OK [http://localhost/pics/8/thumb.jpg]


Processing PicsController#thumb to jpg (for 127.0.0.1 at 2009-12-30 01:53:50) [GET]
  Parameters: {"id"=>"9"}
Completed in 313ms (View: 297, DB: 0) | 200 OK [http://localhost/pics/9/thumb.jpg]


Processing PicsController#thumb to jpg (for 127.0.0.1 at 2009-12-30 01:53:50) [GET]
  Parameters: {"id"=>"10"}
Completed in 313ms (View: 282, DB: 15) | 200 OK [http://localhost/pics/10/thumb.jpg]


Processing PicsController#thumb to jpg (for 127.0.0.1 at 2009-12-30 01:53:51) [GET]
  Parameters: {"id"=>"11"}
Completed in 281ms (View: 250, DB: 16) | 200 OK [http://localhost/pics/11/thumb.jpg]


Processing PicsController#thumb to jpg (for 127.0.0.1 at 2009-12-30 01:53:51) [GET]
  Parameters: {"id"=>"12"}
Completed in 344ms (View: 313, DB: 0) | 200 OK [http://localhost/pics/12/thumb.jpg]
DEPRECATION WARNING: Disabling sessions for a single controller has been deprecated. Sessions are now lazy loaded. So if you don't access them, consider them off. You can still modify the session cookie options with request.session_options.. (called from E:/zblog/app/controllers/articles_controller.rb:3)


Processing ArticlesController#new (for 127.0.0.1 at 2009-12-30 01:53:55) [GET]
Rendering template within layouts/user
Rendering articles/new
Completed in 94ms (View: 31, DB: 0) | 200 OK [http://localhost/articles/new]
DEPRECATION WARNING: Disabling sessions for a single controller has been deprecated. Sessions are now lazy loaded. So if you don't access them, consider them off. You can still modify the session cookie options with request.session_options.. (called from E:/zblog/app/controllers/articles_controller.rb:3)


Processing ArticlesController#new (for 127.0.0.1 at 2009-12-30 01:56:29) [GET]
Rendering template within layouts/user
Rendering articles/new
Completed in 110ms (View: 47, DB: 0) | 200 OK [http://localhost/articles/new]
DEPRECATION WARNING: Disabling sessions for a single controller has been deprecated. Sessions are now lazy loaded. So if you don't access them, consider them off. You can still modify the session cookie options with request.session_options.. (called from E:/zblog/app/controllers/articles_controller.rb:3)


Processing ArticlesController#new (for 127.0.0.1 at 2009-12-30 01:57:35) [GET]
Rendering template within layouts/user
Rendering articles/new
Completed in 94ms (View: 32, DB: 0) | 200 OK [http://localhost/articles/new]
DEPRECATION WARNING: Disabling sessions for a single controller has been deprecated. Sessions are now lazy loaded. So if you don't access them, consider them off. You can still modify the session cookie options with request.session_options.. (called from E:/zblog/app/controllers/articles_controller.rb:3)


Processing ArticlesController#new (for 127.0.0.1 at 2009-12-30 02:01:10) [GET]
Rendering template within layouts/user
Rendering articles/new
Completed in 110ms (View: 32, DB: 15) | 200 OK [http://localhost/articles/new]
DEPRECATION WARNING: Disabling sessions for a single controller has been deprecated. Sessions are now lazy loaded. So if you don't access them, consider them off. You can still modify the session cookie options with request.session_options.. (called from E:/zblog/app/controllers/articles_controller.rb:3)


Processing ArticlesController#new (for 127.0.0.1 at 2009-12-30 02:01:20) [GET]
Rendering template within layouts/user
Rendering articles/new
Completed in 125ms (View: 47, DB: 16) | 200 OK [http://localhost/articles/new]
DEPRECATION WARNING: Disabling sessions for a single controller has been deprecated. Sessions are now lazy loaded. So if you don't access them, consider them off. You can still modify the session cookie options with request.session_options.. (called from E:/zblog/app/controllers/articles_controller.rb:3)


Processing ArticlesController#new (for 127.0.0.1 at 2009-12-30 02:02:06) [GET]
Rendering template within layouts/user
Rendering articles/new
Completed in 296ms (View: 203, DB: 0) | 200 OK [http://localhost/articles/new]


Processing CategoriesController#new (for 127.0.0.1 at 2009-12-30 02:02:09) [GET]
Rendering template within layouts/category
Rendering categories/new
Completed in 47ms (View: 47, DB: 0) | 200 OK [http://localhost/categories/new]
DEPRECATION WARNING: Disabling sessions for a single controller has been deprecated. Sessions are now lazy loaded. So if you don't access them, consider them off. You can still modify the session cookie options with request.session_options.. (called from E:/zblog/app/controllers/articles_controller.rb:3)


Processing ArticlesController#new (for 127.0.0.1 at 2009-12-30 02:02:30) [GET]
Rendering template within layouts/user
Rendering articles/new
Completed in 110ms (View: 31, DB: 15) | 200 OK [http://localhost/articles/new]
DEPRECATION WARNING: Disabling sessions for a single controller has been deprecated. Sessions are now lazy loaded. So if you don't access them, consider them off. You can still modify the session cookie options with request.session_options.. (called from E:/zblog/app/controllers/articles_controller.rb:3)


Processing ArticlesController#new (for 127.0.0.1 at 2009-12-30 02:03:53) [GET]
Rendering template within layouts/user
Rendering articles/new

ActionView::TemplateError (user_url failed to generate from {:action=>"show", :controller=>"users"} - you may have ambiguous routes, or you may need to supply additional parameters for this route.  content_url has the following required parameters: ["users", :id] - are they all satisfied?) on line #30 of app/views/articles/new.html.erb:
27:     <%= submit_tag t('create',:scope =>'article.new') %>
28:  </p>
29:  <% end -%>
30: <%= link_to 'Back', user_path %>
31: </div>

    (eval):16:in `user_path'
    app/views/articles/new.html.erb:30
    haml (2.2.14) lib/haml/helpers/action_view_mods.rb:13:in `render'
    haml (2.2.14) lib/haml/helpers/action_view_mods.rb:13:in `render'
    app/controllers/articles_controller.rb:48:in `new'
    haml (2.2.14) rails/./lib/sass/plugin/rails.rb:19:in `process'


Rendered rescues/_trace (250.0ms)
Rendered rescues/_request_and_response (0.0ms)
Rendering rescues/layout (internal_server_error)


Processing UsersController#show (for 127.0.0.1 at 2009-12-30 02:04:53) [GET]
  Parameters: {"id"=>"1"}
Rendering template within layouts/user
Rendering users/show
Completed in 219ms (View: 172, DB: 0) | 200 OK [http://localhost/users/1]


Processing PicsController#thumb to jpg (for 127.0.0.1 at 2009-12-30 02:04:54) [GET]
  Parameters: {"id"=>"2"}
Completed in 328ms (View: 297, DB: 15) | 200 OK [http://localhost/pics/2/thumb.jpg]


Processing PicsController#thumb to jpg (for 127.0.0.1 at 2009-12-30 02:04:55) [GET]
  Parameters: {"id"=>"3"}
Completed in 250ms (View: 235, DB: 0) | 200 OK [http://localhost/pics/3/thumb.jpg]


Processing PicsController#thumb to jpg (for 127.0.0.1 at 2009-12-30 02:04:55) [GET]
  Parameters: {"id"=>"4"}
Completed in 328ms (View: 312, DB: 0) | 200 OK [http://localhost/pics/4/thumb.jpg]


Processing PicsController#thumb to jpg (for 127.0.0.1 at 2009-12-30 02:04:55) [GET]
  Parameters: {"id"=>"5"}
Completed in 282ms (View: 266, DB: 0) | 200 OK [http://localhost/pics/5/thumb.jpg]


Processing PicsController#thumb to jpg (for 127.0.0.1 at 2009-12-30 02:04:56) [GET]
  Parameters: {"id"=>"6"}
Completed in 266ms (View: 235, DB: 15) | 200 OK [http://localhost/pics/6/thumb.jpg]


Processing PicsController#thumb to jpg (for 127.0.0.1 at 2009-12-30 02:04:56) [GET]
  Parameters: {"id"=>"7"}
Completed in 265ms (View: 234, DB: 16) | 200 OK [http://localhost/pics/7/thumb.jpg]


Processing PicsController#thumb to jpg (for 127.0.0.1 at 2009-12-30 02:04:57) [GET]
  Parameters: {"id"=>"8"}
Completed in 203ms (View: 188, DB: 0) | 200 OK [http://localhost/pics/8/thumb.jpg]


Processing PicsController#thumb to jpg (for 127.0.0.1 at 2009-12-30 02:04:57) [GET]
  Parameters: {"id"=>"9"}
Completed in 328ms (View: 313, DB: 0) | 200 OK [http://localhost/pics/9/thumb.jpg]


Processing PicsController#thumb to jpg (for 127.0.0.1 at 2009-12-30 02:04:57) [GET]
  Parameters: {"id"=>"10"}
Completed in 265ms (View: 234, DB: 16) | 200 OK [http://localhost/pics/10/thumb.jpg]


Processing PicsController#thumb to jpg (for 127.0.0.1 at 2009-12-30 02:04:58) [GET]
  Parameters: {"id"=>"11"}
Completed in 250ms (View: 234, DB: 0) | 200 OK [http://localhost/pics/11/thumb.jpg]


Processing PicsController#thumb to jpg (for 127.0.0.1 at 2009-12-30 02:04:58) [GET]
  Parameters: {"id"=>"12"}
Completed in 359ms (View: 344, DB: 0) | 200 OK [http://localhost/pics/12/thumb.jpg]
DEPRECATION WARNING: Disabling sessions for a single controller has been deprecated. Sessions are now lazy loaded. So if you don't access them, consider them off. You can still modify the session cookie options with request.session_options.. (called from E:/zblog/app/controllers/articles_controller.rb:3)


Processing ArticlesController#new (for 127.0.0.1 at 2009-12-30 02:05:05) [GET]
Rendering template within layouts/user
Rendering articles/new
Completed in 125ms (View: 47, DB: 0) | 200 OK [http://localhost/articles/new]


Processing UsersController#index (for 127.0.0.1 at 2009-12-30 02:05:10) [GET]

ActionController::UnknownAction (No action responded to index. Actions: create, new, and show):
  haml (2.2.14) rails/./lib/sass/plugin/rails.rb:19:in `process'


Rendering rescues/layout (not_found)


Processing UsersController#index (for 127.0.0.1 at 2009-12-30 02:05:30) [GET]

ActionController::UnknownAction (No action responded to index. Actions: create, new, and show):
  haml (2.2.14) rails/./lib/sass/plugin/rails.rb:19:in `process'


Rendering rescues/layout (not_found)


Processing UsersController#show (for 127.0.0.1 at 2009-12-30 02:05:36) [GET]
  Parameters: {"id"=>"1"}
Rendering template within layouts/user
Rendering users/show
Completed in 234ms (View: 155, DB: 48) | 200 OK [http://localhost/users/1]


Processing PicsController#thumb to jpg (for 127.0.0.1 at 2009-12-30 02:05:37) [GET]
  Parameters: {"id"=>"2"}
Completed in 344ms (View: 265, DB: 0) | 200 OK [http://localhost/pics/2/thumb.jpg]


Processing PicsController#thumb to jpg (for 127.0.0.1 at 2009-12-30 02:05:37) [GET]
  Parameters: {"id"=>"3"}
Completed in 250ms (View: 218, DB: 16) | 200 OK [http://localhost/pics/3/thumb.jpg]


Processing PicsController#thumb to jpg (for 127.0.0.1 at 2009-12-30 02:05:38) [GET]
  Parameters: {"id"=>"4"}
Completed in 219ms (View: 203, DB: 0) | 200 OK [http://localhost/pics/4/thumb.jpg]


Processing PicsController#thumb to jpg (for 127.0.0.1 at 2009-12-30 02:05:38) [GET]
  Parameters: {"id"=>"5"}
Completed in 234ms (View: 203, DB: 0) | 200 OK [http://localhost/pics/5/thumb.jpg]


Processing PicsController#thumb to jpg (for 127.0.0.1 at 2009-12-30 02:05:38) [GET]
  Parameters: {"id"=>"6"}
Completed in 235ms (View: 204, DB: 15) | 200 OK [http://localhost/pics/6/thumb.jpg]


Processing PicsController#thumb to jpg (for 127.0.0.1 at 2009-12-30 02:05:39) [GET]
  Parameters: {"id"=>"7"}
Completed in 203ms (View: 187, DB: 0) | 200 OK [http://localhost/pics/7/thumb.jpg]


Processing PicsController#thumb to jpg (for 127.0.0.1 at 2009-12-30 02:05:39) [GET]
  Parameters: {"id"=>"8"}
Completed in 188ms (View: 172, DB: 0) | 200 OK [http://localhost/pics/8/thumb.jpg]


Processing PicsController#thumb to jpg (for 127.0.0.1 at 2009-12-30 02:05:39) [GET]
  Parameters: {"id"=>"9"}
Completed in 312ms (View: 296, DB: 0) | 200 OK [http://localhost/pics/9/thumb.jpg]


Processing PicsController#thumb to jpg (for 127.0.0.1 at 2009-12-30 02:05:40) [GET]
  Parameters: {"id"=>"10"}
Completed in 375ms (View: 329, DB: 0) | 200 OK [http://localhost/pics/10/thumb.jpg]


Processing PicsController#thumb to jpg (for 127.0.0.1 at 2009-12-30 02:05:40) [GET]
  Parameters: {"id"=>"11"}
Completed in 375ms (View: 344, DB: 0) | 200 OK [http://localhost/pics/11/thumb.jpg]


Processing PicsController#thumb to jpg (for 127.0.0.1 at 2009-12-30 02:05:41) [GET]
  Parameters: {"id"=>"12"}
Completed in 344ms (View: 313, DB: 0) | 200 OK [http://localhost/pics/12/thumb.jpg]
DEPRECATION WARNING: Disabling sessions for a single controller has been deprecated. Sessions are now lazy loaded. So if you don't access them, consider them off. You can still modify the session cookie options with request.session_options.. (called from E:/zblog/app/controllers/articles_controller.rb:3)


Processing ArticlesController#new (for 127.0.0.1 at 2009-12-30 02:05:53) [GET]
Rendering template within layouts/user
Rendering articles/new
Completed in 140ms (View: 47, DB: 16) | 200 OK [http://localhost/articles/new]


Processing UsersController#show (for 127.0.0.1 at 2009-12-30 02:05:55) [GET]
  Parameters: {"id"=>"id"}
Rendering template within layouts/user
Rendering users/show
Completed in 266ms (View: 203, DB: 15) | 200 OK [http://localhost/users/id]


Processing PicsController#thumb to jpg (for 127.0.0.1 at 2009-12-30 02:05:56) [GET]
  Parameters: {"id"=>"2"}
Completed in 250ms (View: 219, DB: 16) | 200 OK [http://localhost/pics/2/thumb.jpg]


Processing PicsController#thumb to jpg (for 127.0.0.1 at 2009-12-30 02:05:57) [GET]
  Parameters: {"id"=>"3"}
Completed in 219ms (View: 203, DB: 0) | 200 OK [http://localhost/pics/3/thumb.jpg]


Processing PicsController#thumb to jpg (for 127.0.0.1 at 2009-12-30 02:05:57) [GET]
  Parameters: {"id"=>"4"}
Completed in 250ms (View: 218, DB: 0) | 200 OK [http://localhost/pics/4/thumb.jpg]


Processing PicsController#thumb to jpg (for 127.0.0.1 at 2009-12-30 02:05:57) [GET]
  Parameters: {"id"=>"5"}
Completed in 234ms (View: 203, DB: 16) | 200 OK [http://localhost/pics/5/thumb.jpg]


Processing PicsController#thumb to jpg (for 127.0.0.1 at 2009-12-30 02:05:58) [GET]
  Parameters: {"id"=>"6"}
Completed in 219ms (View: 188, DB: 15) | 200 OK [http://localhost/pics/6/thumb.jpg]


Processing PicsController#thumb to jpg (for 127.0.0.1 at 2009-12-30 02:05:58) [GET]
  Parameters: {"id"=>"7"}
Completed in 204ms (View: 188, DB: 0) | 200 OK [http://localhost/pics/7/thumb.jpg]


Processing PicsController#thumb to jpg (for 127.0.0.1 at 2009-12-30 02:05:58) [GET]
  Parameters: {"id"=>"8"}
Completed in 188ms (View: 172, DB: 0) | 200 OK [http://localhost/pics/8/thumb.jpg]


Processing PicsController#thumb to jpg (for 127.0.0.1 at 2009-12-30 02:05:59) [GET]
  Parameters: {"id"=>"9"}
Completed in 250ms (View: 219, DB: 0) | 200 OK [http://localhost/pics/9/thumb.jpg]


Processing PicsController#thumb to jpg (for 127.0.0.1 at 2009-12-30 02:05:59) [GET]
  Parameters: {"id"=>"10"}
Completed in 266ms (View: 235, DB: 15) | 200 OK [http://localhost/pics/10/thumb.jpg]


Processing PicsController#thumb to jpg (for 127.0.0.1 at 2009-12-30 02:05:59) [GET]
  Parameters: {"id"=>"11"}
Completed in 282ms (View: 266, DB: 0) | 200 OK [http://localhost/pics/11/thumb.jpg]


Processing PicsController#thumb to jpg (for 127.0.0.1 at 2009-12-30 02:06:00) [GET]
  Parameters: {"id"=>"12"}
Completed in 391ms (View: 359, DB: 16) | 200 OK [http://localhost/pics/12/thumb.jpg]
DEPRECATION WARNING: Disabling sessions for a single controller has been deprecated. Sessions are now lazy loaded. So if you don't access them, consider them off. You can still modify the session cookie options with request.session_options.. (called from E:/zblog/app/controllers/articles_controller.rb:3)


Processing ArticlesController#new (for 127.0.0.1 at 2009-12-30 02:06:38) [GET]
Rendering template within layouts/user
Rendering articles/new

ActionView::TemplateError (user_url failed to generate from {:action=>"show", :controller=>"users", :id=>nil}, expected: {:controller=>"users", :action=>"show"}, diff: {:id=>nil}) on line #30 of app/views/articles/new.html.erb:
27:     <%= submit_tag t('create',:scope =>'article.new') %>
28:  </p>
29:  <% end -%>
30: <%= link_to 'Back', user_path(@user) %>
31: </div>

    (eval):16:in `user_path'
    app/views/articles/new.html.erb:30
    haml (2.2.14) lib/haml/helpers/action_view_mods.rb:13:in `render'
    haml (2.2.14) lib/haml/helpers/action_view_mods.rb:13:in `render'
    app/controllers/articles_controller.rb:48:in `new'
    haml (2.2.14) rails/./lib/sass/plugin/rails.rb:19:in `process'


Rendered rescues/_trace (234.0ms)
Rendered rescues/_request_and_response (0.0ms)
Rendering rescues/layout (internal_server_error)
DEPRECATION WARNING: Disabling sessions for a single controller has been deprecated. Sessions are now lazy loaded. So if you don't access them, consider them off. You can still modify the session cookie options with request.session_options.. (called from E:/zblog/app/controllers/articles_controller.rb:3)


Processing ArticlesController#new (for 127.0.0.1 at 2009-12-30 02:06:45) [GET]
Rendering template within layouts/user
Rendering articles/new

ActionView::TemplateError (undefined local variable or method `user' for #<ActionView::Base:0x68acedc>) on line #30 of app/views/articles/new.html.erb:
27:     <%= submit_tag t('create',:scope =>'article.new') %>
28:  </p>
29:  <% end -%>
30: <%= link_to 'Back', user_path(user) %>
31: </div>

    app/views/articles/new.html.erb:30
    haml (2.2.14) lib/haml/helpers/action_view_mods.rb:13:in `render'
    haml (2.2.14) lib/haml/helpers/action_view_mods.rb:13:in `render'
    app/controllers/articles_controller.rb:48:in `new'
    haml (2.2.14) rails/./lib/sass/plugin/rails.rb:19:in `process'


Rendered rescues/_trace (219.0ms)
Rendered rescues/_request_and_response (0.0ms)
Rendering rescues/layout (internal_server_error)
DEPRECATION WARNING: Disabling sessions for a single controller has been deprecated. Sessions are now lazy loaded. So if you don't access them, consider them off. You can still modify the session cookie options with request.session_options.. (called from E:/zblog/app/controllers/articles_controller.rb:3)


Processing ArticlesController#new (for 127.0.0.1 at 2009-12-30 02:06:59) [GET]
Rendering template within layouts/user
Rendering articles/new
Completed in 110ms (View: 31, DB: 32) | 200 OK [http://localhost/articles/new]


Processing UsersController#show (for 127.0.0.1 at 2009-12-30 02:07:03) [GET]
  Parameters: {"id"=>"id"}
Rendering template within layouts/user
Rendering users/show
Completed in 234ms (View: 172, DB: 32) | 200 OK [http://localhost/users/id]


Processing PicsController#thumb to jpg (for 127.0.0.1 at 2009-12-30 02:07:03) [GET]
  Parameters: {"id"=>"2"}
Completed in 359ms (View: 250, DB: 15) | 200 OK [http://localhost/pics/2/thumb.jpg]


Processing PicsController#thumb to jpg (for 127.0.0.1 at 2009-12-30 02:07:04) [GET]
  Parameters: {"id"=>"3"}
Completed in 219ms (View: 188, DB: 15) | 200 OK [http://localhost/pics/3/thumb.jpg]


Processing PicsController#thumb to jpg (for 127.0.0.1 at 2009-12-30 02:07:04) [GET]
  Parameters: {"id"=>"4"}
Completed in 250ms (View: 218, DB: 0) | 200 OK [http://localhost/pics/4/thumb.jpg]


Processing PicsController#thumb to jpg (for 127.0.0.1 at 2009-12-30 02:07:04) [GET]
  Parameters: {"id"=>"5"}
Completed in 250ms (View: 219, DB: 15) | 200 OK [http://localhost/pics/5/thumb.jpg]


Processing PicsController#thumb to jpg (for 127.0.0.1 at 2009-12-30 02:07:05) [GET]
  Parameters: {"id"=>"6"}
Completed in 219ms (View: 203, DB: 0) | 200 OK [http://localhost/pics/6/thumb.jpg]


Processing PicsController#thumb to jpg (for 127.0.0.1 at 2009-12-30 02:07:05) [GET]
  Parameters: {"id"=>"7"}
Completed in 250ms (View: 219, DB: 0) | 200 OK [http://localhost/pics/7/thumb.jpg]


Processing PicsController#thumb to jpg (for 127.0.0.1 at 2009-12-30 02:07:05) [GET]
  Parameters: {"id"=>"8"}
Completed in 188ms (View: 172, DB: 16) | 200 OK [http://localhost/pics/8/thumb.jpg]


Processing PicsController#thumb to jpg (for 127.0.0.1 at 2009-12-30 02:07:06) [GET]
  Parameters: {"id"=>"9"}
Completed in 250ms (View: 219, DB: 0) | 200 OK [http://localhost/pics/9/thumb.jpg]


Processing PicsController#thumb to jpg (for 127.0.0.1 at 2009-12-30 02:07:06) [GET]
  Parameters: {"id"=>"10"}
Completed in 281ms (View: 265, DB: 0) | 200 OK [http://localhost/pics/10/thumb.jpg]


Processing PicsController#thumb to jpg (for 127.0.0.1 at 2009-12-30 02:07:07) [GET]
  Parameters: {"id"=>"11"}
Completed in 282ms (View: 266, DB: 0) | 200 OK [http://localhost/pics/11/thumb.jpg]


Processing PicsController#thumb to jpg (for 127.0.0.1 at 2009-12-30 02:07:07) [GET]
  Parameters: {"id"=>"12"}
Completed in 312ms (View: 297, DB: 0) | 200 OK [http://localhost/pics/12/thumb.jpg]
DEPRECATION WARNING: Disabling sessions for a single controller has been deprecated. Sessions are now lazy loaded. So if you don't access them, consider them off. You can still modify the session cookie options with request.session_options.. (called from E:/zblog/app/controllers/articles_controller.rb:3)


Processing ArticlesController#new (for 127.0.0.1 at 2009-12-30 02:07:53) [GET]
Rendering template within layouts/user
Rendering articles/new
Completed in 125ms (View: 32, DB: 15) | 200 OK [http://localhost/articles/new]


Processing UsersController#new (for 127.0.0.1 at 2009-12-30 02:13:42) [GET]
Rendering template within layouts/user
Rendering users/new
Completed in 62ms (View: 31, DB: 0) | 200 OK [http://localhost/users/new]


Processing UsersController#show (for 127.0.0.1 at 2009-12-30 02:13:50) [GET]
  Parameters: {"id"=>"1"}
Rendering template within layouts/user
Rendering users/show
Completed in 375ms (View: 313, DB: 15) | 200 OK [http://localhost/users/1]


Processing PicsController#thumb to jpg (for 127.0.0.1 at 2009-12-30 02:13:51) [GET]
  Parameters: {"id"=>"2"}
Completed in 281ms (View: 250, DB: 0) | 200 OK [http://localhost/pics/2/thumb.jpg]


Processing PicsController#thumb to jpg (for 127.0.0.1 at 2009-12-30 02:13:51) [GET]
  Parameters: {"id"=>"3"}
Completed in 281ms (View: 250, DB: 15) | 200 OK [http://localhost/pics/3/thumb.jpg]


Processing PicsController#thumb to jpg (for 127.0.0.1 at 2009-12-30 02:13:51) [GET]
  Parameters: {"id"=>"4"}
Completed in 250ms (View: 219, DB: 0) | 200 OK [http://localhost/pics/4/thumb.jpg]


Processing PicsController#thumb to jpg (for 127.0.0.1 at 2009-12-30 02:13:52) [GET]
  Parameters: {"id"=>"5"}
Completed in 203ms (View: 187, DB: 0) | 200 OK [http://localhost/pics/5/thumb.jpg]


Processing PicsController#thumb to jpg (for 127.0.0.1 at 2009-12-30 02:13:52) [GET]
  Parameters: {"id"=>"6"}
Completed in 219ms (View: 188, DB: 0) | 200 OK [http://localhost/pics/6/thumb.jpg]


Processing PicsController#thumb to jpg (for 127.0.0.1 at 2009-12-30 02:13:52) [GET]
  Parameters: {"id"=>"7"}
Completed in 219ms (View: 187, DB: 16) | 200 OK [http://localhost/pics/7/thumb.jpg]


Processing PicsController#thumb to jpg (for 127.0.0.1 at 2009-12-30 02:13:53) [GET]
  Parameters: {"id"=>"8"}
Completed in 203ms (View: 172, DB: 0) | 200 OK [http://localhost/pics/8/thumb.jpg]


Processing PicsController#thumb to jpg (for 127.0.0.1 at 2009-12-30 02:13:53) [GET]
  Parameters: {"id"=>"9"}
Completed in 250ms (View: 234, DB: 0) | 200 OK [http://localhost/pics/9/thumb.jpg]


Processing PicsController#thumb to jpg (for 127.0.0.1 at 2009-12-30 02:13:53) [GET]
  Parameters: {"id"=>"10"}
Completed in 297ms (View: 282, DB: 0) | 200 OK [http://localhost/pics/10/thumb.jpg]


Processing PicsController#thumb to jpg (for 127.0.0.1 at 2009-12-30 02:13:54) [GET]
  Parameters: {"id"=>"11"}
Completed in 282ms (View: 266, DB: 0) | 200 OK [http://localhost/pics/11/thumb.jpg]


Processing PicsController#thumb to jpg (for 127.0.0.1 at 2009-12-30 02:13:54) [GET]
  Parameters: {"id"=>"12"}
Completed in 329ms (View: 313, DB: 0) | 200 OK [http://localhost/pics/12/thumb.jpg]


Processing UsersController#new (for 127.0.0.1 at 2009-12-30 02:26:33) [GET]
Rendering template within layouts/user
Rendering users/new
Completed in 94ms (View: 47, DB: 0) | 200 OK [http://localhost/users/new]


Processing UsersController#create (for 127.0.0.1 at 2009-12-30 02:26:59) [POST]
  Parameters: {"user"=>{"name"=>"woshizsb", "password_confirmation"=>"170523402", "password"=>"170523402", "login"=>"woshizsb", "email"=>"woshizsb@163.com"}, "commit"=>"创建", "authenticity_token"=>"RMYjhgnnEE2XUqWKg5INymWdXxHeveoa1y0f3IPtmWU="}
Redirected to http://localhost:3000/
Completed in 78ms (DB: 31) | 302 Found [http://localhost/users]


Processing BlogController#index (for 127.0.0.1 at 2009-12-30 02:26:59) [GET]
Rendering template within layouts/blog
Rendering blog/index
Rendered articles/_articles_table (281.0ms)
DEPRECATION WARNING: formatted_articles_url() has been deprecated. Please pass format to the standard articles_url method instead.. (called from _run_erb_app47views47blog47_sidebar46html46erb_locals_categories_object_sidebar at E:/zblog/app/views/blog/_sidebar.html.erb:78)
Rendered blog/_sidebar (63.0ms)
DEPRECATION WARNING: formatted_articles_url() has been deprecated. Please pass format to the standard articles_url method instead.. (called from _run_erb_app47views47layouts47blog46html46erb at E:/zblog/app/views/layouts/blog.html.erb:7)
Rendered blog/_header (47.0ms)
Completed in 422ms (View: 391, DB: 16) | 200 OK [http://localhost/]
DEPRECATION WARNING: Disabling sessions for a single controller has been deprecated. Sessions are now lazy loaded. So if you don't access them, consider them off. You can still modify the session cookie options with request.session_options.. (called from E:/zblog/app/controllers/articles_controller.rb:3)


Processing ArticlesController#index to rss (for 127.0.0.1 at 2009-12-30 02:27:01) [GET]
Rendering articles/index
Completed in 187ms (View: 156, DB: 15) | 200 OK [http://localhost/articles.rss]
DEPRECATION WARNING: Disabling sessions for a single controller has been deprecated. Sessions are now lazy loaded. So if you don't access them, consider them off. You can still modify the session cookie options with request.session_options.. (called from E:/zblog/app/controllers/articles_controller.rb:3)


Processing ArticlesController#show (for 127.0.0.1 at 2009-12-30 02:40:14) [GET]
  Parameters: {"id"=>"24"}
Rendering template within layouts/user
Rendering articles/show
Rendered comments/_comment_form (0.0ms)
Completed in 78ms (View: 47, DB: 0) | 200 OK [http://localhost/articles/24]


Processing BlogController#index (for 127.0.0.1 at 2009-12-30 02:41:43) [GET]
Rendering template within layouts/blog
Rendering blog/index
Rendered articles/_articles_table (141.0ms)
DEPRECATION WARNING: formatted_articles_url() has been deprecated. Please pass format to the standard articles_url method instead.. (called from _run_erb_app47views47blog47_sidebar46html46erb_locals_categories_object_sidebar at E:/zblog/app/views/blog/_sidebar.html.erb:78)
Rendered blog/_sidebar (47.0ms)
DEPRECATION WARNING: formatted_articles_url() has been deprecated. Please pass format to the standard articles_url method instead.. (called from _run_erb_app47views47layouts47blog46html46erb at E:/zblog/app/views/layouts/blog.html.erb:7)
Rendered blog/_header (32.0ms)
Completed in 281ms (View: 234, DB: 16) | 200 OK [http://localhost/]
DEPRECATION WARNING: Disabling sessions for a single controller has been deprecated. Sessions are now lazy loaded. So if you don't access them, consider them off. You can still modify the session cookie options with request.session_options.. (called from E:/zblog/app/controllers/articles_controller.rb:3)


Processing ArticlesController#index to rss (for 127.0.0.1 at 2009-12-30 02:41:45) [GET]
Rendering articles/index
Completed in 235ms (View: 203, DB: 16) | 200 OK [http://localhost/articles.rss]


Processing UsersController#show (for 127.0.0.1 at 2009-12-30 02:41:51) [GET]
  Parameters: {"id"=>"1"}
Rendering template within layouts/user
Rendering users/show
Completed in 265ms (View: 187, DB: 32) | 200 OK [http://localhost/users/1]


Processing PicsController#thumb to jpg (for 127.0.0.1 at 2009-12-30 02:41:51) [GET]
  Parameters: {"id"=>"2"}
Completed in 297ms (View: 266, DB: 0) | 200 OK [http://localhost/pics/2/thumb.jpg]


Processing PicsController#thumb to jpg (for 127.0.0.1 at 2009-12-30 02:41:52) [GET]
  Parameters: {"id"=>"3"}
Completed in 265ms (View: 234, DB: 16) | 200 OK [http://localhost/pics/3/thumb.jpg]


Processing PicsController#thumb to jpg (for 127.0.0.1 at 2009-12-30 02:41:52) [GET]
  Parameters: {"id"=>"4"}
Completed in 250ms (View: 235, DB: 0) | 200 OK [http://localhost/pics/4/thumb.jpg]


Processing PicsController#thumb to jpg (for 127.0.0.1 at 2009-12-30 02:41:53) [GET]
  Parameters: {"id"=>"5"}
Completed in 218ms (View: 187, DB: 0) | 200 OK [http://localhost/pics/5/thumb.jpg]


Processing PicsController#thumb to jpg (for 127.0.0.1 at 2009-12-30 02:41:53) [GET]
  Parameters: {"id"=>"6"}
Completed in 219ms (View: 187, DB: 0) | 200 OK [http://localhost/pics/6/thumb.jpg]


Processing PicsController#thumb to jpg (for 127.0.0.1 at 2009-12-30 02:41:53) [GET]
  Parameters: {"id"=>"7"}
Completed in 297ms (View: 266, DB: 0) | 200 OK [http://localhost/pics/7/thumb.jpg]


Processing PicsController#thumb to jpg (for 127.0.0.1 at 2009-12-30 02:41:54) [GET]
  Parameters: {"id"=>"8"}
Completed in 250ms (View: 219, DB: 0) | 200 OK [http://localhost/pics/8/thumb.jpg]


Processing PicsController#thumb to jpg (for 127.0.0.1 at 2009-12-30 02:41:54) [GET]
  Parameters: {"id"=>"9"}
Completed in 313ms (View: 281, DB: 0) | 200 OK [http://localhost/pics/9/thumb.jpg]


Processing PicsController#thumb to jpg (for 127.0.0.1 at 2009-12-30 02:41:54) [GET]
  Parameters: {"id"=>"10"}
Completed in 343ms (View: 328, DB: 0) | 200 OK [http://localhost/pics/10/thumb.jpg]


Processing PicsController#thumb to jpg (for 127.0.0.1 at 2009-12-30 02:41:55) [GET]
  Parameters: {"id"=>"11"}
Completed in 282ms (View: 250, DB: 16) | 200 OK [http://localhost/pics/11/thumb.jpg]


Processing PicsController#thumb to jpg (for 127.0.0.1 at 2009-12-30 02:41:55) [GET]
  Parameters: {"id"=>"12"}
Completed in 313ms (View: 297, DB: 0) | 200 OK [http://localhost/pics/12/thumb.jpg]
DEPRECATION WARNING: Disabling sessions for a single controller has been deprecated. Sessions are now lazy loaded. So if you don't access them, consider them off. You can still modify the session cookie options with request.session_options.. (called from E:/zblog/app/controllers/articles_controller.rb:3)


Processing ArticlesController#new (for 127.0.0.1 at 2009-12-30 02:41:56) [GET]
Rendering template within layouts/user
Rendering articles/new
Completed in 93ms (View: 31, DB: 16) | 200 OK [http://localhost/articles/new]


Processing CategoriesController#new (for 127.0.0.1 at 2009-12-30 02:41:59) [GET]
Rendering template within layouts/category
Rendering categories/new
Completed in 0ms (View: 0, DB: 0) | 200 OK [http://localhost/categories/new]


Processing CategoriesController#create (for 127.0.0.1 at 2009-12-30 02:42:06) [POST]
  Parameters: {"category"=>{"category"=>"测试"}, "commit"=>"Create", "authenticity_token"=>"RMYjhgnnEE2XUqWKg5INymWdXxHeveoa1y0f3IPtmWU="}

ActiveRecord::UnknownAttributeError (unknown attribute: category):
  app/controllers/categories_controller.rb:8:in `new'
  app/controllers/categories_controller.rb:8:in `create'
  haml (2.2.14) rails/./lib/sass/plugin/rails.rb:19:in `process'


Rendered rescues/_trace (219.0ms)
Rendered rescues/_request_and_response (0.0ms)
Rendering rescues/layout (internal_server_error)


Processing CategoriesController#new (for 127.0.0.1 at 2009-12-30 02:46:23) [GET]
Rendering template within layouts/category
Rendering categories/new
Completed in 47ms (View: 31, DB: 0) | 200 OK [http://localhost/categories/new]


Processing CategoriesController#create (for 127.0.0.1 at 2009-12-30 02:46:28) [POST]
  Parameters: {"category"=>{"cgname"=>"测试"}, "commit"=>"Create", "authenticity_token"=>"RMYjhgnnEE2XUqWKg5INymWdXxHeveoa1y0f3IPtmWU="}

ActionView::MissingTemplate (Missing template categories/create.erb in view path app/views):
  haml (2.2.14) rails/./lib/sass/plugin/rails.rb:19:in `process'


Rendering rescues/layout (internal_server_error)
DEPRECATION WARNING: Disabling sessions for a single controller has been deprecated. Sessions are now lazy loaded. So if you don't access them, consider them off. You can still modify the session cookie options with request.session_options.. (called from E:/zblog/app/controllers/articles_controller.rb:3)


Processing ArticlesController#show (for 127.0.0.1 at 2009-12-30 02:46:49) [GET]
  Parameters: {"id"=>"1"}
Rendering template within layouts/user
Rendering articles/show
Rendered comments/_comments_list (16.0ms)
Rendered comments/_comments_list (0.0ms)
Rendered comments/_comments_list (0.0ms)
Rendered comments/_comments_list (0.0ms)
Rendered comments/_comments_list (0.0ms)
Rendered comments/_comments_list (0.0ms)
Rendered comments/_comment_form (0.0ms)
Completed in 125ms (View: 93, DB: 0) | 200 OK [http://localhost/articles/1]


Processing BlogController#index (for 127.0.0.1 at 2009-12-30 02:46:55) [GET]
Rendering template within layouts/blog
Rendering blog/index
Rendered articles/_articles_table (140.0ms)
DEPRECATION WARNING: formatted_articles_url() has been deprecated. Please pass format to the standard articles_url method instead.. (called from _run_erb_app47views47blog47_sidebar46html46erb_locals_categories_object_sidebar at E:/zblog/app/views/blog/_sidebar.html.erb:78)
Rendered blog/_sidebar (63.0ms)
DEPRECATION WARNING: formatted_articles_url() has been deprecated. Please pass format to the standard articles_url method instead.. (called from _run_erb_app47views47layouts47blog46html46erb at E:/zblog/app/views/layouts/blog.html.erb:7)
Rendered blog/_header (47.0ms)
Completed in 297ms (View: 219, DB: 47) | 200 OK [http://localhost/]
DEPRECATION WARNING: Disabling sessions for a single controller has been deprecated. Sessions are now lazy loaded. So if you don't access them, consider them off. You can still modify the session cookie options with request.session_options.. (called from E:/zblog/app/controllers/articles_controller.rb:3)


Processing ArticlesController#index to rss (for 127.0.0.1 at 2009-12-30 02:46:57) [GET]
Rendering articles/index
Completed in 343ms (View: 281, DB: 0) | 200 OK [http://localhost/articles.rss]
DEPRECATION WARNING: Disabling sessions for a single controller has been deprecated. Sessions are now lazy loaded. So if you don't access them, consider them off. You can still modify the session cookie options with request.session_options.. (called from E:/zblog/app/controllers/articles_controller.rb:3)


Processing ArticlesController#show (for 127.0.0.1 at 2009-12-30 02:47:32) [GET]
  Parameters: {"id"=>"15"}
Rendering template within layouts/user
Rendering articles/show
Rendered comments/_comment_form (0.0ms)
Completed in 125ms (View: 63, DB: 15) | 200 OK [http://localhost/articles/15]


Processing UsersController#show (for 127.0.0.1 at 2009-12-30 03:09:23) [GET]
  Parameters: {"id"=>"1"}
Rendering template within layouts/user
Rendering users/show
Completed in 312ms (View: 219, DB: 31) | 200 OK [http://localhost/users/1]


Processing PicsController#thumb to jpg (for 127.0.0.1 at 2009-12-30 03:09:24) [GET]
  Parameters: {"id"=>"2"}
Completed in 313ms (View: 266, DB: 0) | 200 OK [http://localhost/pics/2/thumb.jpg]


Processing PicsController#thumb to jpg (for 127.0.0.1 at 2009-12-30 03:09:25) [GET]
  Parameters: {"id"=>"3"}
Completed in 297ms (View: 250, DB: 0) | 200 OK [http://localhost/pics/3/thumb.jpg]


Processing PicsController#thumb to jpg (for 127.0.0.1 at 2009-12-30 03:09:25) [GET]
  Parameters: {"id"=>"4"}
Completed in 282ms (View: 250, DB: 0) | 200 OK [http://localhost/pics/4/thumb.jpg]


Processing PicsController#thumb to jpg (for 127.0.0.1 at 2009-12-30 03:09:25) [GET]
  Parameters: {"id"=>"5"}
Completed in 235ms (View: 187, DB: 0) | 200 OK [http://localhost/pics/5/thumb.jpg]


Processing PicsController#thumb to jpg (for 127.0.0.1 at 2009-12-30 03:09:26) [GET]
  Parameters: {"id"=>"6"}
Completed in 265ms (View: 234, DB: 16) | 200 OK [http://localhost/pics/6/thumb.jpg]


Processing PicsController#thumb to jpg (for 127.0.0.1 at 2009-12-30 03:09:26) [GET]
  Parameters: {"id"=>"7"}
Completed in 282ms (View: 250, DB: 0) | 200 OK [http://localhost/pics/7/thumb.jpg]


Processing PicsController#thumb to jpg (for 127.0.0.1 at 2009-12-30 03:09:27) [GET]
  Parameters: {"id"=>"8"}
Completed in 203ms (View: 187, DB: 0) | 200 OK [http://localhost/pics/8/thumb.jpg]


Processing PicsController#thumb to jpg (for 127.0.0.1 at 2009-12-30 03:09:27) [GET]
  Parameters: {"id"=>"9"}
Completed in 922ms (View: 891, DB: 15) | 200 OK [http://localhost/pics/9/thumb.jpg]


Processing PicsController#thumb to jpg (for 127.0.0.1 at 2009-12-30 03:09:28) [GET]
  Parameters: {"id"=>"10"}
Completed in 266ms (View: 250, DB: 0) | 200 OK [http://localhost/pics/10/thumb.jpg]


Processing PicsController#thumb to jpg (for 127.0.0.1 at 2009-12-30 03:09:28) [GET]
  Parameters: {"id"=>"11"}
Completed in 281ms (View: 250, DB: 0) | 200 OK [http://localhost/pics/11/thumb.jpg]


Processing PicsController#thumb to jpg (for 127.0.0.1 at 2009-12-30 03:09:29) [GET]
  Parameters: {"id"=>"12"}
Completed in 328ms (View: 312, DB: 0) | 200 OK [http://localhost/pics/12/thumb.jpg]


Processing SharesController#new (for 127.0.0.1 at 2009-12-30 03:09:29) [GET]
Rendering shares/new
Completed in 31ms (View: 31, DB: 0) | 200 OK [http://localhost/shares/new]


Processing SharesController#create (for 127.0.0.1 at 2009-12-30 03:09:34) [POST]
  Parameters: {"commit"=>"Submit", "share"=>{"stuff"=>#<File:C:/DOCUME~1/ADMINI~1/LOCALS~1/Temp/RackMultipart.1500.0>}, "authenticity_token"=>"RMYjhgnnEE2XUqWKg5INymWdXxHeveoa1y0f3IPtmWU="}
Rendering shares/show
Completed in 110ms (View: 16, DB: 15) | 200 OK [http://localhost/shares]
