# Logfile created on Wed Nov 25 12:24:59 +0800 2009 by /
  [4;36;1mSQL (31.0ms)[0m   [0;1mSET NAMES 'utf8'[0m
  [4;35;1mSQL (16.0ms)[0m   [0mSET SQL_AUTO_IS_NULL=0[0m
  [4;36;1mCategory Load (140.0ms)[0m   [0;1mSELECT * FROM `categories` [0m
  [4;35;1mArticle Load (62.0ms)[0m   [0mSELECT * FROM `articles` ORDER BY created_at DESC LIMIT 0, 10[0m
  [4;36;1mArticle Columns (63.0ms)[0m   [0;1mSHOW FIELDS FROM `articles`[0m
  [4;35;1mSQL (15.0ms)[0m   [0mSELECT count(*) AS count_all FROM `articles` [0m
  [4;36;1mCategory Columns (0.0ms)[0m   [0;1mSHOW FIELDS FROM `categories`[0m
  [4;35;1mCategory Load (31.0ms)[0m   [0mSELECT * FROM `categories` WHERE (`categories`.`id` = 2) [0m
  [4;36;1mTagging Columns (78.0ms)[0m   [0;1mSHOW FIELDS FROM `taggings`[0m
  [4;35;1mTag Load (63.0ms)[0m   [0mSELECT `tags`.* FROM `tags` INNER JOIN `taggings` ON `tags`.id = `taggings`.tag_id WHERE ((`taggings`.taggable_type = 'Article') AND (`taggings`.taggable_id = 23)) [0m
  [4;36;1mComment Columns (47.0ms)[0m   [0;1mSHOW FIELDS FROM `comments`[0m
  [4;35;1mSQL (0.0ms)[0m   [0mSELECT count(`comments`.id) AS count_id FROM `comments` WHERE (commentable_id = 23) [0m
  [4;36;1mCategory Load (0.0ms)[0m   [0;1mSELECT * FROM `categories` WHERE (`categories`.`id` = 1) [0m
  [4;35;1mTag Load (0.0ms)[0m   [0mSELECT `tags`.* FROM `tags` INNER JOIN `taggings` ON `tags`.id = `taggings`.tag_id WHERE ((`taggings`.taggable_type = 'Article') AND (`taggings`.taggable_id = 22)) [0m
  [4;36;1mSQL (0.0ms)[0m   [0;1mSELECT count(`comments`.id) AS count_id FROM `comments` WHERE (commentable_id = 22) [0m
  [4;35;1mCACHE (0.0ms)[0m   [0mSELECT * FROM `categories` WHERE (`categories`.`id` = 2) [0m
  [4;36;1mTag Load (0.0ms)[0m   [0;1mSELECT `tags`.* FROM `tags` INNER JOIN `taggings` ON `tags`.id = `taggings`.tag_id WHERE ((`taggings`.taggable_type = 'Article') AND (`taggings`.taggable_id = 21)) [0m
  [4;35;1mSQL (0.0ms)[0m   [0mSELECT count(`comments`.id) AS count_id FROM `comments` WHERE (commentable_id = 21) [0m
  [4;36;1mCACHE (0.0ms)[0m   [0;1mSELECT * FROM `categories` WHERE (`categories`.`id` = 1) [0m
  [4;35;1mTag Load (0.0ms)[0m   [0mSELECT `tags`.* FROM `tags` INNER JOIN `taggings` ON `tags`.id = `taggings`.tag_id WHERE ((`taggings`.taggable_type = 'Article') AND (`taggings`.taggable_id = 20)) [0m
  [4;36;1mSQL (0.0ms)[0m   [0;1mSELECT count(`comments`.id) AS count_id FROM `comments` WHERE (commentable_id = 20) [0m
  [4;35;1mCACHE (0.0ms)[0m   [0mSELECT * FROM `categories` WHERE (`categories`.`id` = 2) [0m
  [4;36;1mTag Load (0.0ms)[0m   [0;1mSELECT `tags`.* FROM `tags` INNER JOIN `taggings` ON `tags`.id = `taggings`.tag_id WHERE ((`taggings`.taggable_type = 'Article') AND (`taggings`.taggable_id = 19)) [0m
  [4;35;1mSQL (0.0ms)[0m   [0mSELECT count(`comments`.id) AS count_id FROM `comments` WHERE (commentable_id = 19) [0m
  [4;36;1mCACHE (0.0ms)[0m   [0;1mSELECT * FROM `categories` WHERE (`categories`.`id` = 2) [0m
  [4;35;1mTag Load (0.0ms)[0m   [0mSELECT `tags`.* FROM `tags` INNER JOIN `taggings` ON `tags`.id = `taggings`.tag_id WHERE ((`taggings`.taggable_type = 'Article') AND (`taggings`.taggable_id = 18)) [0m
  [4;36;1mSQL (0.0ms)[0m   [0;1mSELECT count(`comments`.id) AS count_id FROM `comments` WHERE (commentable_id = 18) [0m
  [4;35;1mCACHE (0.0ms)[0m   [0mSELECT * FROM `categories` WHERE (`categories`.`id` = 2) [0m
  [4;36;1mTag Load (0.0ms)[0m   [0;1mSELECT `tags`.* FROM `tags` INNER JOIN `taggings` ON `tags`.id = `taggings`.tag_id WHERE ((`taggings`.taggable_type = 'Article') AND (`taggings`.taggable_id = 17)) [0m
  [4;35;1mSQL (0.0ms)[0m   [0mSELECT count(`comments`.id) AS count_id FROM `comments` WHERE (commentable_id = 17) [0m
  [4;36;1mCACHE (0.0ms)[0m   [0;1mSELECT * FROM `categories` WHERE (`categories`.`id` = 1) [0m
  [4;35;1mTag Load (0.0ms)[0m   [0mSELECT `tags`.* FROM `tags` INNER JOIN `taggings` ON `tags`.id = `taggings`.tag_id WHERE ((`taggings`.taggable_type = 'Article') AND (`taggings`.taggable_id = 16)) [0m
  [4;36;1mSQL (0.0ms)[0m   [0;1mSELECT count(`comments`.id) AS count_id FROM `comments` WHERE (commentable_id = 16) [0m
  [4;35;1mCACHE (0.0ms)[0m   [0mSELECT * FROM `categories` WHERE (`categories`.`id` = 1) [0m
  [4;36;1mTag Load (0.0ms)[0m   [0;1mSELECT `tags`.* FROM `tags` INNER JOIN `taggings` ON `tags`.id = `taggings`.tag_id WHERE ((`taggings`.taggable_type = 'Article') AND (`taggings`.taggable_id = 15)) [0m
  [4;35;1mSQL (0.0ms)[0m   [0mSELECT count(`comments`.id) AS count_id FROM `comments` WHERE (commentable_id = 15) [0m
  [4;36;1mCACHE (0.0ms)[0m   [0;1mSELECT * FROM `categories` WHERE (`categories`.`id` = 1) [0m
  [4;35;1mTag Load (0.0ms)[0m   [0mSELECT `tags`.* FROM `tags` INNER JOIN `taggings` ON `tags`.id = `taggings`.tag_id WHERE ((`taggings`.taggable_type = 'Article') AND (`taggings`.taggable_id = 14)) [0m
  [4;36;1mSQL (0.0ms)[0m   [0;1mSELECT count(`comments`.id) AS count_id FROM `comments` WHERE (commentable_id = 14) [0m
  [4;35;1mArticle Load (0.0ms)[0m   [0mSELECT * FROM `articles` ORDER BY created_at DESC LIMIT 10[0m
  [4;36;1mComment Load (0.0ms)[0m   [0;1mSELECT * FROM `comments` ORDER BY created_at DESC, created_at ASC LIMIT 5[0m
  [4;35;1mArticle Load (0.0ms)[0m   [0mSELECT * FROM `articles` WHERE (`articles`.`id` = 1) [0m
  [4;36;1mCACHE (0.0ms)[0m   [0;1mSELECT * FROM `articles` WHERE (`articles`.`id` = 1) [0m
  [4;35;1mArticle Load (0.0ms)[0m   [0mSELECT * FROM `articles` WHERE (`articles`.`id` = 8) [0m
  [4;36;1mArticle Load (31.0ms)[0m   [0;1mSELECT * FROM `articles` WHERE (`articles`.`id` = 13) [0m
  [4;35;1mCACHE (0.0ms)[0m   [0mSELECT * FROM `articles` WHERE (`articles`.`id` = 1) [0m
  [4;36;1mSQL (0.0ms)[0m   [0;1mSET NAMES 'utf8'[0m
  [4;35;1mSQL (0.0ms)[0m   [0mSET SQL_AUTO_IS_NULL=0[0m
  [4;36;1mSQL (0.0ms)[0m   [0;1mSET NAMES 'utf8'[0m
  [4;35;1mSQL (0.0ms)[0m   [0mSET SQL_AUTO_IS_NULL=0[0m
  [4;36;1mSQL (0.0ms)[0m   [0;1mSET NAMES 'utf8'[0m
  [4;35;1mSQL (0.0ms)[0m   [0mSET SQL_AUTO_IS_NULL=0[0m
  [4;36;1mSQL (0.0ms)[0m   [0;1mSET NAMES 'utf8'[0m
  [4;35;1mSQL (0.0ms)[0m   [0mSET SQL_AUTO_IS_NULL=0[0m
  [4;36;1mSQL (16.0ms)[0m   [0;1mSET NAMES 'utf8'[0m
  [4;35;1mSQL (0.0ms)[0m   [0mSET SQL_AUTO_IS_NULL=0[0m
  [4;36;1mSQL (0.0ms)[0m   [0;1mSET NAMES 'utf8'[0m
  [4;35;1mSQL (0.0ms)[0m   [0mSET SQL_AUTO_IS_NULL=0[0m
  [4;36;1mSQL (0.0ms)[0m   [0;1mSET NAMES 'utf8'[0m
  [4;35;1mSQL (0.0ms)[0m   [0mSET SQL_AUTO_IS_NULL=0[0m
  [4;36;1mSQL (0.0ms)[0m   [0;1mSET NAMES 'utf8'[0m
  [4;35;1mSQL (0.0ms)[0m   [0mSET SQL_AUTO_IS_NULL=0[0m
  [4;36;1mSQL (0.0ms)[0m   [0;1mSET NAMES 'utf8'[0m
  [4;35;1mSQL (0.0ms)[0m   [0mSET SQL_AUTO_IS_NULL=0[0m
  [4;36;1mSQL (31.0ms)[0m   [0;1mSET NAMES 'utf8'[0m
  [4;35;1mSQL (46.0ms)[0m   [0mSET SQL_AUTO_IS_NULL=0[0m
  [4;36;1mSQL (0.0ms)[0m   [0;1mSET NAMES 'utf8'[0m
  [4;35;1mSQL (0.0ms)[0m   [0mSET SQL_AUTO_IS_NULL=0[0m
  [4;36;1mSQL (0.0ms)[0m   [0;1mSET NAMES 'utf8'[0m
  [4;35;1mSQL (0.0ms)[0m   [0mSET SQL_AUTO_IS_NULL=0[0m
  [4;36;1mSQL (0.0ms)[0m   [0;1mSET NAMES 'utf8'[0m
  [4;35;1mSQL (0.0ms)[0m   [0mSET SQL_AUTO_IS_NULL=0[0m
  [4;36;1mSQL (0.0ms)[0m   [0;1mSET NAMES 'utf8'[0m
  [4;35;1mSQL (0.0ms)[0m   [0mSET SQL_AUTO_IS_NULL=0[0m
  [4;36;1mSQL (0.0ms)[0m   [0;1mSET NAMES 'utf8'[0m
  [4;35;1mSQL (0.0ms)[0m   [0mSET SQL_AUTO_IS_NULL=0[0m
  [4;36;1mSQL (0.0ms)[0m   [0;1mSET NAMES 'utf8'[0m
  [4;35;1mSQL (0.0ms)[0m   [0mSET SQL_AUTO_IS_NULL=0[0m
  [4;36;1mSQL (0.0ms)[0m   [0;1mSET NAMES 'utf8'[0m
  [4;35;1mSQL (0.0ms)[0m   [0mSET SQL_AUTO_IS_NULL=0[0m
  [4;36;1mSQL (0.0ms)[0m   [0;1mSET NAMES 'utf8'[0m
  [4;35;1mSQL (0.0ms)[0m   [0mSET SQL_AUTO_IS_NULL=0[0m
  [4;36;1mSQL (0.0ms)[0m   [0;1mSET NAMES 'utf8'[0m
  [4;35;1mSQL (0.0ms)[0m   [0mSET SQL_AUTO_IS_NULL=0[0m
  [4;36;1mSQL (0.0ms)[0m   [0;1mSET NAMES 'utf8'[0m
  [4;35;1mSQL (0.0ms)[0m   [0mSET SQL_AUTO_IS_NULL=0[0m
  [4;36;1mSQL (0.0ms)[0m   [0;1mSET NAMES 'utf8'[0m
  [4;35;1mSQL (0.0ms)[0m   [0mSET SQL_AUTO_IS_NULL=0[0m
  [4;36;1mSQL (0.0ms)[0m   [0;1mSET NAMES 'utf8'[0m
  [4;35;1mSQL (0.0ms)[0m   [0mSET SQL_AUTO_IS_NULL=0[0m
  [4;36;1mSQL (0.0ms)[0m   [0;1mSET NAMES 'utf8'[0m
  [4;35;1mSQL (0.0ms)[0m   [0mSET SQL_AUTO_IS_NULL=0[0m
  [4;36;1mSQL (0.0ms)[0m   [0;1mSET NAMES 'utf8'[0m
  [4;35;1mSQL (0.0ms)[0m   [0mSET SQL_AUTO_IS_NULL=0[0m
  [4;36;1mSQL (0.0ms)[0m   [0;1mSET NAMES 'utf8'[0m
  [4;35;1mSQL (0.0ms)[0m   [0mSET SQL_AUTO_IS_NULL=0[0m
  [4;36;1mSQL (0.0ms)[0m   [0;1mSET NAMES 'utf8'[0m
  [4;35;1mSQL (0.0ms)[0m   [0mSET SQL_AUTO_IS_NULL=0[0m
  [4;36;1mSQL (0.0ms)[0m   [0;1mSET NAMES 'utf8'[0m
  [4;35;1mSQL (0.0ms)[0m   [0mSET SQL_AUTO_IS_NULL=0[0m
  [4;36;1mSQL (0.0ms)[0m   [0;1mSET NAMES 'utf8'[0m
  [4;35;1mSQL (0.0ms)[0m   [0mSET SQL_AUTO_IS_NULL=0[0m
  [4;36;1mSQL (0.0ms)[0m   [0;1mSET NAMES 'utf8'[0m
  [4;35;1mSQL (0.0ms)[0m   [0mSET SQL_AUTO_IS_NULL=0[0m
  [4;36;1mSQL (0.0ms)[0m   [0;1mSET NAMES 'utf8'[0m
  [4;35;1mSQL (0.0ms)[0m   [0mSET SQL_AUTO_IS_NULL=0[0m
  [4;36;1mSQL (0.0ms)[0m   [0;1mSET NAMES 'utf8'[0m
  [4;35;1mSQL (0.0ms)[0m   [0mSET SQL_AUTO_IS_NULL=0[0m
  [4;36;1mSQL (0.0ms)[0m   [0;1mSET NAMES 'utf8'[0m
  [4;35;1mSQL (0.0ms)[0m   [0mSET SQL_AUTO_IS_NULL=0[0m
  [4;36;1mSQL (0.0ms)[0m   [0;1mSET NAMES 'utf8'[0m
  [4;35;1mSQL (0.0ms)[0m   [0mSET SQL_AUTO_IS_NULL=0[0m
  [4;36;1mSQL (0.0ms)[0m   [0;1mSET NAMES 'utf8'[0m
  [4;35;1mSQL (0.0ms)[0m   [0mSET SQL_AUTO_IS_NULL=0[0m
  [4;36;1mSQL (265.0ms)[0m   [0;1mSHOW TABLES[0m
  [4;35;1mSQL (16.0ms)[0m   [0mSELECT version FROM schema_migrations[0m
Migrating to CreateArticles (20091012145421)
Migrating to CreateCategories (20091016114701)
Migrating to AddCategoryIdToArticles (20091023023820)
Migrating to ActsAsTaggableMigration (20091023125036)
Migrating to CreateComments (20091102041841)
Migrating to CreateUsers (20091107051238)
Migrating to CreateSessions (20091107090419)
Migrating to AddAttachmentsStuffToArticle (20091110092019)
Migrating to CreatePics (20091125095745)
  [4;36;1mSQL (0.0ms)[0m   [0;1mSET NAMES 'utf8'[0m
  [4;35;1mSQL (0.0ms)[0m   [0mSET SQL_AUTO_IS_NULL=0[0m
  [4;36;1mCategory Load (16.0ms)[0m   [0;1mSELECT * FROM `categories` [0m
  [4;35;1mArticle Load (0.0ms)[0m   [0mSELECT * FROM `articles` ORDER BY created_at DESC LIMIT 0, 10[0m
  [4;36;1mArticle Columns (78.0ms)[0m   [0;1mSHOW FIELDS FROM `articles`[0m
  [4;35;1mSQL (0.0ms)[0m   [0mSELECT count(*) AS count_all FROM `articles` [0m
  [4;36;1mCategory Columns (0.0ms)[0m   [0;1mSHOW FIELDS FROM `categories`[0m
  [4;35;1mCategory Load (16.0ms)[0m   [0mSELECT * FROM `categories` WHERE (`categories`.`id` = 2) [0m
  [4;36;1mTagging Columns (0.0ms)[0m   [0;1mSHOW FIELDS FROM `taggings`[0m
  [4;35;1mTag Load (16.0ms)[0m   [0mSELECT `tags`.* FROM `tags` INNER JOIN `taggings` ON `tags`.id = `taggings`.tag_id WHERE ((`taggings`.taggable_type = 'Article') AND (`taggings`.taggable_id = 23)) [0m
  [4;36;1mComment Columns (0.0ms)[0m   [0;1mSHOW FIELDS FROM `comments`[0m
  [4;35;1mSQL (0.0ms)[0m   [0mSELECT count(`comments`.id) AS count_id FROM `comments` WHERE (commentable_id = 23) [0m
  [4;36;1mCategory Load (0.0ms)[0m   [0;1mSELECT * FROM `categories` WHERE (`categories`.`id` = 1) [0m
  [4;35;1mTag Load (0.0ms)[0m   [0mSELECT `tags`.* FROM `tags` INNER JOIN `taggings` ON `tags`.id = `taggings`.tag_id WHERE ((`taggings`.taggable_type = 'Article') AND (`taggings`.taggable_id = 22)) [0m
  [4;36;1mSQL (0.0ms)[0m   [0;1mSELECT count(`comments`.id) AS count_id FROM `comments` WHERE (commentable_id = 22) [0m
  [4;35;1mCACHE (0.0ms)[0m   [0mSELECT * FROM `categories` WHERE (`categories`.`id` = 2) [0m
  [4;36;1mTag Load (0.0ms)[0m   [0;1mSELECT `tags`.* FROM `tags` INNER JOIN `taggings` ON `tags`.id = `taggings`.tag_id WHERE ((`taggings`.taggable_type = 'Article') AND (`taggings`.taggable_id = 21)) [0m
  [4;35;1mSQL (0.0ms)[0m   [0mSELECT count(`comments`.id) AS count_id FROM `comments` WHERE (commentable_id = 21) [0m
  [4;36;1mCACHE (0.0ms)[0m   [0;1mSELECT * FROM `categories` WHERE (`categories`.`id` = 1) [0m
  [4;35;1mTag Load (0.0ms)[0m   [0mSELECT `tags`.* FROM `tags` INNER JOIN `taggings` ON `tags`.id = `taggings`.tag_id WHERE ((`taggings`.taggable_type = 'Article') AND (`taggings`.taggable_id = 20)) [0m
  [4;36;1mSQL (0.0ms)[0m   [0;1mSELECT count(`comments`.id) AS count_id FROM `comments` WHERE (commentable_id = 20) [0m
  [4;35;1mCACHE (0.0ms)[0m   [0mSELECT * FROM `categories` WHERE (`categories`.`id` = 2) [0m
  [4;36;1mTag Load (0.0ms)[0m   [0;1mSELECT `tags`.* FROM `tags` INNER JOIN `taggings` ON `tags`.id = `taggings`.tag_id WHERE ((`taggings`.taggable_type = 'Article') AND (`taggings`.taggable_id = 19)) [0m
  [4;35;1mSQL (0.0ms)[0m   [0mSELECT count(`comments`.id) AS count_id FROM `comments` WHERE (commentable_id = 19) [0m
  [4;36;1mCACHE (0.0ms)[0m   [0;1mSELECT * FROM `categories` WHERE (`categories`.`id` = 2) [0m
  [4;35;1mTag Load (0.0ms)[0m   [0mSELECT `tags`.* FROM `tags` INNER JOIN `taggings` ON `tags`.id = `taggings`.tag_id WHERE ((`taggings`.taggable_type = 'Article') AND (`taggings`.taggable_id = 18)) [0m
  [4;36;1mSQL (0.0ms)[0m   [0;1mSELECT count(`comments`.id) AS count_id FROM `comments` WHERE (commentable_id = 18) [0m
  [4;35;1mCACHE (0.0ms)[0m   [0mSELECT * FROM `categories` WHERE (`categories`.`id` = 2) [0m
  [4;36;1mTag Load (0.0ms)[0m   [0;1mSELECT `tags`.* FROM `tags` INNER JOIN `taggings` ON `tags`.id = `taggings`.tag_id WHERE ((`taggings`.taggable_type = 'Article') AND (`taggings`.taggable_id = 17)) [0m
  [4;35;1mSQL (0.0ms)[0m   [0mSELECT count(`comments`.id) AS count_id FROM `comments` WHERE (commentable_id = 17) [0m
  [4;36;1mCACHE (0.0ms)[0m   [0;1mSELECT * FROM `categories` WHERE (`categories`.`id` = 1) [0m
  [4;35;1mTag Load (0.0ms)[0m   [0mSELECT `tags`.* FROM `tags` INNER JOIN `taggings` ON `tags`.id = `taggings`.tag_id WHERE ((`taggings`.taggable_type = 'Article') AND (`taggings`.taggable_id = 16)) [0m
  [4;36;1mSQL (0.0ms)[0m   [0;1mSELECT count(`comments`.id) AS count_id FROM `comments` WHERE (commentable_id = 16) [0m
  [4;35;1mCACHE (0.0ms)[0m   [0mSELECT * FROM `categories` WHERE (`categories`.`id` = 1) [0m
  [4;36;1mTag Load (0.0ms)[0m   [0;1mSELECT `tags`.* FROM `tags` INNER JOIN `taggings` ON `tags`.id = `taggings`.tag_id WHERE ((`taggings`.taggable_type = 'Article') AND (`taggings`.taggable_id = 15)) [0m
  [4;35;1mSQL (0.0ms)[0m   [0mSELECT count(`comments`.id) AS count_id FROM `comments` WHERE (commentable_id = 15) [0m
  [4;36;1mCACHE (0.0ms)[0m   [0;1mSELECT * FROM `categories` WHERE (`categories`.`id` = 1) [0m
  [4;35;1mTag Load (0.0ms)[0m   [0mSELECT `tags`.* FROM `tags` INNER JOIN `taggings` ON `tags`.id = `taggings`.tag_id WHERE ((`taggings`.taggable_type = 'Article') AND (`taggings`.taggable_id = 14)) [0m
  [4;36;1mSQL (0.0ms)[0m   [0;1mSELECT count(`comments`.id) AS count_id FROM `comments` WHERE (commentable_id = 14) [0m
  [4;35;1mArticle Load (0.0ms)[0m   [0mSELECT * FROM `articles` ORDER BY created_at DESC LIMIT 10[0m
  [4;36;1mComment Load (0.0ms)[0m   [0;1mSELECT * FROM `comments` ORDER BY created_at DESC, created_at ASC LIMIT 5[0m
  [4;35;1mArticle Load (0.0ms)[0m   [0mSELECT * FROM `articles` WHERE (`articles`.`id` = 1) [0m
  [4;36;1mCACHE (0.0ms)[0m   [0;1mSELECT * FROM `articles` WHERE (`articles`.`id` = 1) [0m
  [4;35;1mArticle Load (0.0ms)[0m   [0mSELECT * FROM `articles` WHERE (`articles`.`id` = 8) [0m
  [4;36;1mArticle Load (16.0ms)[0m   [0;1mSELECT * FROM `articles` WHERE (`articles`.`id` = 13) [0m
  [4;35;1mCACHE (0.0ms)[0m   [0mSELECT * FROM `articles` WHERE (`articles`.`id` = 1) [0m
  [4;36;1mSQL (0.0ms)[0m   [0;1mSET NAMES 'utf8'[0m
  [4;35;1mSQL (0.0ms)[0m   [0mSET SQL_AUTO_IS_NULL=0[0m
  [4;36;1mSQL (0.0ms)[0m   [0;1mSET NAMES 'utf8'[0m
  [4;35;1mSQL (0.0ms)[0m   [0mSET SQL_AUTO_IS_NULL=0[0m
  [4;36;1mSQL (0.0ms)[0m   [0;1mSET NAMES 'utf8'[0m
  [4;35;1mSQL (0.0ms)[0m   [0mSET SQL_AUTO_IS_NULL=0[0m
  [4;36;1mSQL (0.0ms)[0m   [0;1mSHOW TABLES[0m
  [4;35;1mSQL (0.0ms)[0m   [0mSELECT version FROM schema_migrations[0m
Migrating to CreateArticles (20091012145421)
Migrating to CreateCategories (20091016114701)
Migrating to AddCategoryIdToArticles (20091023023820)
Migrating to ActsAsTaggableMigration (20091023125036)
Migrating to CreateComments (20091102041841)
Migrating to CreateUsers (20091107051238)
Migrating to CreateSessions (20091107090419)
Migrating to AddAttachmentsStuffToArticle (20091110092019)
Migrating to CreatePics (20091125095745)
  [4;36;1mSQL (234.0ms)[0m   [0;1mCREATE TABLE `pics` (`id` int(11) DEFAULT NULL auto_increment PRIMARY KEY, `title` varchar(255), `description` text) ENGINE=InnoDB[0m
  [4;35;1mSQL (16.0ms)[0m   [0mINSERT INTO schema_migrations (version) VALUES ('20091125095745')[0m
  [4;36;1mSQL (0.0ms)[0m   [0;1mSHOW TABLES[0m
  [4;35;1mSQL (0.0ms)[0m   [0mSELECT version FROM schema_migrations[0m
  [4;36;1mSQL (16.0ms)[0m   [0;1mSHOW TABLES[0m
  [4;35;1mSQL (0.0ms)[0m   [0mSHOW FIELDS FROM `articles`[0m
  [4;36;1mSQL (0.0ms)[0m   [0;1mdescribe `articles`[0m
  [4;35;1mSQL (15.0ms)[0m   [0mSHOW KEYS FROM `articles`[0m
  [4;36;1mSQL (0.0ms)[0m   [0;1mSHOW FIELDS FROM `categories`[0m
  [4;35;1mSQL (0.0ms)[0m   [0mdescribe `categories`[0m
  [4;36;1mSQL (0.0ms)[0m   [0;1mSHOW KEYS FROM `categories`[0m
  [4;35;1mSQL (16.0ms)[0m   [0mSHOW FIELDS FROM `comments`[0m
  [4;36;1mSQL (0.0ms)[0m   [0;1mdescribe `comments`[0m
  [4;35;1mSQL (0.0ms)[0m   [0mSHOW KEYS FROM `comments`[0m
  [4;36;1mSQL (0.0ms)[0m   [0;1mSHOW FIELDS FROM `pics`[0m
  [4;35;1mSQL (16.0ms)[0m   [0mdescribe `pics`[0m
  [4;36;1mSQL (0.0ms)[0m   [0;1mSHOW KEYS FROM `pics`[0m
  [4;35;1mSQL (0.0ms)[0m   [0mSHOW FIELDS FROM `sessions`[0m
  [4;36;1mSQL (0.0ms)[0m   [0;1mdescribe `sessions`[0m
  [4;35;1mSQL (15.0ms)[0m   [0mSHOW KEYS FROM `sessions`[0m
  [4;36;1mSQL (0.0ms)[0m   [0;1mSHOW FIELDS FROM `taggings`[0m
  [4;35;1mSQL (0.0ms)[0m   [0mdescribe `taggings`[0m
  [4;36;1mSQL (47.0ms)[0m   [0;1mSHOW KEYS FROM `taggings`[0m
  [4;35;1mSQL (16.0ms)[0m   [0mSHOW FIELDS FROM `tags`[0m
  [4;36;1mSQL (0.0ms)[0m   [0;1mdescribe `tags`[0m
  [4;35;1mSQL (0.0ms)[0m   [0mSHOW KEYS FROM `tags`[0m
  [4;36;1mSQL (0.0ms)[0m   [0;1mSHOW FIELDS FROM `users`[0m
  [4;35;1mSQL (0.0ms)[0m   [0mdescribe `users`[0m
  [4;36;1mSQL (0.0ms)[0m   [0;1mSHOW KEYS FROM `users`[0m
  [4;36;1mSQL (0.0ms)[0m   [0;1mSET NAMES 'utf8'[0m
  [4;35;1mSQL (0.0ms)[0m   [0mSET SQL_AUTO_IS_NULL=0[0m
  [4;36;1mSQL (0.0ms)[0m   [0;1mSET NAMES 'utf8'[0m
  [4;35;1mSQL (0.0ms)[0m   [0mSET SQL_AUTO_IS_NULL=0[0m
  [4;36;1mSQL (0.0ms)[0m   [0;1mSET NAMES 'utf8'[0m
  [4;35;1mSQL (0.0ms)[0m   [0mSET SQL_AUTO_IS_NULL=0[0m
  [4;36;1mSQL (0.0ms)[0m   [0;1mSET NAMES 'utf8'[0m
  [4;35;1mSQL (0.0ms)[0m   [0mSET SQL_AUTO_IS_NULL=0[0m
  [4;36;1mSQL (0.0ms)[0m   [0;1mSET NAMES 'utf8'[0m
  [4;35;1mSQL (0.0ms)[0m   [0mSET SQL_AUTO_IS_NULL=0[0m
  [4;36;1mSQL (0.0ms)[0m   [0;1mSET NAMES 'utf8'[0m
  [4;35;1mSQL (0.0ms)[0m   [0mSET SQL_AUTO_IS_NULL=0[0m
  [4;36;1mSQL (0.0ms)[0m   [0;1mSET NAMES 'utf8'[0m
  [4;35;1mSQL (0.0ms)[0m   [0mSET SQL_AUTO_IS_NULL=0[0m
  [4;36;1mSQL (0.0ms)[0m   [0;1mSET NAMES 'utf8'[0m
  [4;35;1mSQL (0.0ms)[0m   [0mSET SQL_AUTO_IS_NULL=0[0m
  [4;36;1mSQL (0.0ms)[0m   [0;1mSET NAMES 'utf8'[0m
  [4;35;1mSQL (0.0ms)[0m   [0mSET SQL_AUTO_IS_NULL=0[0m
  [4;36;1mSQL (0.0ms)[0m   [0;1mSET NAMES 'utf8'[0m
  [4;35;1mSQL (0.0ms)[0m   [0mSET SQL_AUTO_IS_NULL=0[0m
  [4;36;1mSQL (0.0ms)[0m   [0;1mSET NAMES 'utf8'[0m
  [4;35;1mSQL (0.0ms)[0m   [0mSET SQL_AUTO_IS_NULL=0[0m
  [4;36;1mSQL (0.0ms)[0m   [0;1mSET NAMES 'utf8'[0m
  [4;35;1mSQL (0.0ms)[0m   [0mSET SQL_AUTO_IS_NULL=0[0m
  [4;36;1mSQL (0.0ms)[0m   [0;1mSET NAMES 'utf8'[0m
  [4;35;1mSQL (0.0ms)[0m   [0mSET SQL_AUTO_IS_NULL=0[0m
  [4;36;1mSQL (0.0ms)[0m   [0;1mSET NAMES 'utf8'[0m
  [4;35;1mSQL (0.0ms)[0m   [0mSET SQL_AUTO_IS_NULL=0[0m
  [4;36;1mSQL (0.0ms)[0m   [0;1mSET NAMES 'utf8'[0m
  [4;35;1mSQL (0.0ms)[0m   [0mSET SQL_AUTO_IS_NULL=0[0m
  [4;36;1mSQL (0.0ms)[0m   [0;1mSET NAMES 'utf8'[0m
  [4;35;1mSQL (0.0ms)[0m   [0mSET SQL_AUTO_IS_NULL=0[0m
  [4;36;1mSQL (0.0ms)[0m   [0;1mSET NAMES 'utf8'[0m
  [4;35;1mSQL (0.0ms)[0m   [0mSET SQL_AUTO_IS_NULL=0[0m
  [4;36;1mSQL (0.0ms)[0m   [0;1mSET NAMES 'utf8'[0m
  [4;35;1mSQL (0.0ms)[0m   [0mSET SQL_AUTO_IS_NULL=0[0m
  [4;36;1mSQL (0.0ms)[0m   [0;1mSET NAMES 'utf8'[0m
  [4;35;1mSQL (0.0ms)[0m   [0mSET SQL_AUTO_IS_NULL=0[0m
  [4;36;1mSQL (0.0ms)[0m   [0;1mSET NAMES 'utf8'[0m
  [4;35;1mSQL (0.0ms)[0m   [0mSET SQL_AUTO_IS_NULL=0[0m
  [4;36;1mSQL (0.0ms)[0m   [0;1mSET NAMES 'utf8'[0m
  [4;35;1mSQL (0.0ms)[0m   [0mSET SQL_AUTO_IS_NULL=0[0m
  [4;36;1mSQL (0.0ms)[0m   [0;1mSET NAMES 'utf8'[0m
  [4;35;1mSQL (0.0ms)[0m   [0mSET SQL_AUTO_IS_NULL=0[0m
  [4;36;1mSQL (0.0ms)[0m   [0;1mSET NAMES 'utf8'[0m
  [4;35;1mSQL (0.0ms)[0m   [0mSET SQL_AUTO_IS_NULL=0[0m
  [4;36;1mSQL (15.0ms)[0m   [0;1mSET NAMES 'utf8'[0m
  [4;35;1mSQL (0.0ms)[0m   [0mSET SQL_AUTO_IS_NULL=0[0m
  [4;36;1mSQL (0.0ms)[0m   [0;1mSET NAMES 'utf8'[0m
  [4;35;1mSQL (0.0ms)[0m   [0mSET SQL_AUTO_IS_NULL=0[0m
  [4;36;1mSQL (0.0ms)[0m   [0;1mSET NAMES 'utf8'[0m
  [4;35;1mSQL (0.0ms)[0m   [0mSET SQL_AUTO_IS_NULL=0[0m
  [4;36;1mSQL (0.0ms)[0m   [0;1mSET NAMES 'utf8'[0m
  [4;35;1mSQL (0.0ms)[0m   [0mSET SQL_AUTO_IS_NULL=0[0m
  [4;36;1mSQL (0.0ms)[0m   [0;1mSET NAMES 'utf8'[0m
  [4;35;1mSQL (0.0ms)[0m   [0mSET SQL_AUTO_IS_NULL=0[0m
  [4;36;1mSQL (187.0ms)[0m   [0;1mSHOW TABLES[0m
  [4;35;1mPic Columns (0.0ms)[0m   [0mSHOW FIELDS FROM `pics`[0m
  [4;36;1mSQL (0.0ms)[0m   [0;1mSHOW TABLES[0m
  [4;35;1mPic Columns (0.0ms)[0m   [0mSHOW FIELDS FROM `pics`[0m
  [4;36;1mSQL (0.0ms)[0m   [0;1mSET NAMES 'utf8'[0m
  [4;35;1mSQL (0.0ms)[0m   [0mSET SQL_AUTO_IS_NULL=0[0m
  [4;36;1mSQL (0.0ms)[0m   [0;1mSET NAMES 'utf8'[0m
  [4;35;1mSQL (0.0ms)[0m   [0mSET SQL_AUTO_IS_NULL=0[0m
  [4;36;1mPic Columns (0.0ms)[0m   [0;1mSHOW FIELDS FROM `pics`[0m
  [4;35;1mSQL (0.0ms)[0m   [0mSET NAMES 'utf8'[0m
  [4;36;1mSQL (0.0ms)[0m   [0;1mSET SQL_AUTO_IS_NULL=0[0m
  [4;35;1mSQL (0.0ms)[0m   [0mSET NAMES 'utf8'[0m
  [4;36;1mSQL (0.0ms)[0m   [0;1mSET SQL_AUTO_IS_NULL=0[0m
  [4;35;1mPic Columns (0.0ms)[0m   [0mSHOW FIELDS FROM `pics`[0m
  [4;36;1mSQL (0.0ms)[0m   [0;1mSET NAMES 'utf8'[0m
  [4;35;1mSQL (0.0ms)[0m   [0mSET SQL_AUTO_IS_NULL=0[0m
  [4;36;1mSQL (0.0ms)[0m   [0;1mSET NAMES 'utf8'[0m
  [4;35;1mSQL (0.0ms)[0m   [0mSET SQL_AUTO_IS_NULL=0[0m
  [4;36;1mPic Columns (0.0ms)[0m   [0;1mSHOW FIELDS FROM `pics`[0m
  [4;35;1mSQL (0.0ms)[0m   [0mSET NAMES 'utf8'[0m
  [4;36;1mSQL (0.0ms)[0m   [0;1mSET SQL_AUTO_IS_NULL=0[0m
  [4;35;1mSQL (0.0ms)[0m   [0mSET NAMES 'utf8'[0m
  [4;36;1mSQL (0.0ms)[0m   [0;1mSET SQL_AUTO_IS_NULL=0[0m
  [4;35;1mPic Columns (0.0ms)[0m   [0mSHOW FIELDS FROM `pics`[0m
  [4;36;1mSQL (0.0ms)[0m   [0;1mSET NAMES 'utf8'[0m
  [4;35;1mSQL (0.0ms)[0m   [0mSET SQL_AUTO_IS_NULL=0[0m
  [4;36;1mSQL (0.0ms)[0m   [0;1mSET NAMES 'utf8'[0m
  [4;35;1mSQL (0.0ms)[0m   [0mSET SQL_AUTO_IS_NULL=0[0m
  [4;36;1mPic Columns (0.0ms)[0m   [0;1mSHOW FIELDS FROM `pics`[0m
  [4;35;1mPic Load (47.0ms)[0m   [0mSELECT * FROM `pics` WHERE (`pics`.`id` = 1) [0m
  [4;36;1mSQL (0.0ms)[0m   [0;1mSET NAMES 'utf8'[0m
  [4;35;1mSQL (0.0ms)[0m   [0mSET SQL_AUTO_IS_NULL=0[0m
  [4;36;1mSQL (0.0ms)[0m   [0;1mSET NAMES 'utf8'[0m
  [4;35;1mSQL (0.0ms)[0m   [0mSET SQL_AUTO_IS_NULL=0[0m
  [4;36;1mPic Columns (0.0ms)[0m   [0;1mSHOW FIELDS FROM `pics`[0m
  [4;35;1mPic Load (0.0ms)[0m   [0mSELECT * FROM `pics` WHERE (`pics`.`id` = 1) [0m
  [4;36;1mSQL (0.0ms)[0m   [0;1mSET NAMES 'utf8'[0m
  [4;35;1mSQL (0.0ms)[0m   [0mSET SQL_AUTO_IS_NULL=0[0m
  [4;36;1mSQL (0.0ms)[0m   [0;1mSET NAMES 'utf8'[0m
  [4;35;1mSQL (0.0ms)[0m   [0mSET SQL_AUTO_IS_NULL=0[0m
  [4;36;1mSQL (0.0ms)[0m   [0;1mSET NAMES 'utf8'[0m
  [4;35;1mSQL (0.0ms)[0m   [0mSET SQL_AUTO_IS_NULL=0[0m
  [4;36;1mSQL (16.0ms)[0m   [0;1mSET NAMES 'utf8'[0m
  [4;35;1mSQL (0.0ms)[0m   [0mSET SQL_AUTO_IS_NULL=0[0m
  [4;36;1mSQL (0.0ms)[0m   [0;1mSET NAMES 'utf8'[0m
  [4;35;1mSQL (0.0ms)[0m   [0mSET SQL_AUTO_IS_NULL=0[0m
  [4;36;1mSQL (0.0ms)[0m   [0;1mSET NAMES 'utf8'[0m
  [4;35;1mSQL (0.0ms)[0m   [0mSET SQL_AUTO_IS_NULL=0[0m
  [4;36;1mSQL (0.0ms)[0m   [0;1mSET NAMES 'utf8'[0m
  [4;35;1mSQL (0.0ms)[0m   [0mSET SQL_AUTO_IS_NULL=0[0m
  [4;36;1mSQL (0.0ms)[0m   [0;1mSET NAMES 'utf8'[0m
  [4;35;1mSQL (0.0ms)[0m   [0mSET SQL_AUTO_IS_NULL=0[0m
  [4;36;1mSQL (0.0ms)[0m   [0;1mSET NAMES 'utf8'[0m
  [4;35;1mSQL (0.0ms)[0m   [0mSET SQL_AUTO_IS_NULL=0[0m
  [4;36;1mSQL (0.0ms)[0m   [0;1mSET NAMES 'utf8'[0m
  [4;35;1mSQL (0.0ms)[0m   [0mSET SQL_AUTO_IS_NULL=0[0m
  [4;36;1mSQL (0.0ms)[0m   [0;1mSET NAMES 'utf8'[0m
  [4;35;1mSQL (0.0ms)[0m   [0mSET SQL_AUTO_IS_NULL=0[0m
  [4;36;1mSQL (0.0ms)[0m   [0;1mSET NAMES 'utf8'[0m
  [4;35;1mSQL (0.0ms)[0m   [0mSET SQL_AUTO_IS_NULL=0[0m
  [4;36;1mSQL (0.0ms)[0m   [0;1mSET NAMES 'utf8'[0m
  [4;35;1mSQL (0.0ms)[0m   [0mSET SQL_AUTO_IS_NULL=0[0m
  [4;36;1mSQL (0.0ms)[0m   [0;1mSET NAMES 'utf8'[0m
  [4;35;1mSQL (0.0ms)[0m   [0mSET SQL_AUTO_IS_NULL=0[0m
  [4;36;1mSQL (0.0ms)[0m   [0;1mSET NAMES 'utf8'[0m
  [4;35;1mSQL (0.0ms)[0m   [0mSET SQL_AUTO_IS_NULL=0[0m
  [4;36;1mSQL (0.0ms)[0m   [0;1mSET NAMES 'utf8'[0m
  [4;35;1mSQL (0.0ms)[0m   [0mSET SQL_AUTO_IS_NULL=0[0m
  [4;36;1mSQL (0.0ms)[0m   [0;1mSET NAMES 'utf8'[0m
  [4;35;1mSQL (0.0ms)[0m   [0mSET SQL_AUTO_IS_NULL=0[0m
  [4;36;1mSQL (0.0ms)[0m   [0;1mSET NAMES 'utf8'[0m
  [4;35;1mSQL (0.0ms)[0m   [0mSET SQL_AUTO_IS_NULL=0[0m
  [4;36;1mSQL (0.0ms)[0m   [0;1mSET NAMES 'utf8'[0m
  [4;35;1mSQL (0.0ms)[0m   [0mSET SQL_AUTO_IS_NULL=0[0m
  [4;36;1mSQL (0.0ms)[0m   [0;1mSET NAMES 'utf8'[0m
  [4;35;1mSQL (0.0ms)[0m   [0mSET SQL_AUTO_IS_NULL=0[0m
  [4;36;1mSQL (0.0ms)[0m   [0;1mSET NAMES 'utf8'[0m
  [4;35;1mSQL (0.0ms)[0m   [0mSET SQL_AUTO_IS_NULL=0[0m
  [4;36;1mSQL (0.0ms)[0m   [0;1mSET NAMES 'utf8'[0m
  [4;35;1mSQL (0.0ms)[0m   [0mSET SQL_AUTO_IS_NULL=0[0m
  [4;36;1mSQL (0.0ms)[0m   [0;1mSET NAMES 'utf8'[0m
  [4;35;1mSQL (0.0ms)[0m   [0mSET SQL_AUTO_IS_NULL=0[0m
  [4;36;1mSQL (0.0ms)[0m   [0;1mSET NAMES 'utf8'[0m
  [4;35;1mSQL (0.0ms)[0m   [0mSET SQL_AUTO_IS_NULL=0[0m
  [4;36;1mPic Columns (0.0ms)[0m   [0;1mSHOW FIELDS FROM `pics`[0m
  [4;35;1mSQL (16.0ms)[0m   [0mSET NAMES 'utf8'[0m
  [4;36;1mSQL (0.0ms)[0m   [0;1mSET SQL_AUTO_IS_NULL=0[0m
  [4;35;1mSQL (0.0ms)[0m   [0mSET NAMES 'utf8'[0m
  [4;36;1mSQL (0.0ms)[0m   [0;1mSET SQL_AUTO_IS_NULL=0[0m
  [4;35;1mSQL (0.0ms)[0m   [0mSET NAMES 'utf8'[0m
  [4;36;1mSQL (0.0ms)[0m   [0;1mSET SQL_AUTO_IS_NULL=0[0m
  [4;35;1mSQL (0.0ms)[0m   [0mSET NAMES 'utf8'[0m
  [4;36;1mSQL (0.0ms)[0m   [0;1mSET SQL_AUTO_IS_NULL=0[0m
  [4;35;1mPic Columns (0.0ms)[0m   [0mSHOW FIELDS FROM `pics`[0m
  [4;36;1mSQL (0.0ms)[0m   [0;1mSET NAMES 'utf8'[0m
  [4;35;1mSQL (0.0ms)[0m   [0mSET SQL_AUTO_IS_NULL=0[0m
  [4;36;1mSQL (0.0ms)[0m   [0;1mSET NAMES 'utf8'[0m
  [4;35;1mSQL (0.0ms)[0m   [0mSET SQL_AUTO_IS_NULL=0[0m
  [4;36;1mCategory Load (0.0ms)[0m   [0;1mSELECT * FROM `categories` [0m
  [4;35;1mArticle Load (0.0ms)[0m   [0mSELECT * FROM `articles` ORDER BY created_at DESC LIMIT 0, 10[0m
  [4;36;1mArticle Columns (0.0ms)[0m   [0;1mSHOW FIELDS FROM `articles`[0m
  [4;35;1mSQL (0.0ms)[0m   [0mSELECT count(*) AS count_all FROM `articles` [0m
  [4;36;1mCategory Columns (15.0ms)[0m   [0;1mSHOW FIELDS FROM `categories`[0m
  [4;35;1mCategory Load (0.0ms)[0m   [0mSELECT * FROM `categories` WHERE (`categories`.`id` = 2) [0m
  [4;36;1mTagging Columns (0.0ms)[0m   [0;1mSHOW FIELDS FROM `taggings`[0m
  [4;35;1mTag Load (0.0ms)[0m   [0mSELECT `tags`.* FROM `tags` INNER JOIN `taggings` ON `tags`.id = `taggings`.tag_id WHERE ((`taggings`.taggable_type = 'Article') AND (`taggings`.taggable_id = 23)) [0m
  [4;36;1mComment Columns (0.0ms)[0m   [0;1mSHOW FIELDS FROM `comments`[0m
  [4;35;1mSQL (0.0ms)[0m   [0mSELECT count(`comments`.id) AS count_id FROM `comments` WHERE (commentable_id = 23) [0m
  [4;36;1mCategory Load (0.0ms)[0m   [0;1mSELECT * FROM `categories` WHERE (`categories`.`id` = 1) [0m
  [4;35;1mTag Load (0.0ms)[0m   [0mSELECT `tags`.* FROM `tags` INNER JOIN `taggings` ON `tags`.id = `taggings`.tag_id WHERE ((`taggings`.taggable_type = 'Article') AND (`taggings`.taggable_id = 22)) [0m
  [4;36;1mSQL (0.0ms)[0m   [0;1mSELECT count(`comments`.id) AS count_id FROM `comments` WHERE (commentable_id = 22) [0m
  [4;35;1mCACHE (0.0ms)[0m   [0mSELECT * FROM `categories` WHERE (`categories`.`id` = 2) [0m
  [4;36;1mTag Load (0.0ms)[0m   [0;1mSELECT `tags`.* FROM `tags` INNER JOIN `taggings` ON `tags`.id = `taggings`.tag_id WHERE ((`taggings`.taggable_type = 'Article') AND (`taggings`.taggable_id = 21)) [0m
  [4;35;1mSQL (0.0ms)[0m   [0mSELECT count(`comments`.id) AS count_id FROM `comments` WHERE (commentable_id = 21) [0m
  [4;36;1mCACHE (0.0ms)[0m   [0;1mSELECT * FROM `categories` WHERE (`categories`.`id` = 1) [0m
  [4;35;1mTag Load (0.0ms)[0m   [0mSELECT `tags`.* FROM `tags` INNER JOIN `taggings` ON `tags`.id = `taggings`.tag_id WHERE ((`taggings`.taggable_type = 'Article') AND (`taggings`.taggable_id = 20)) [0m
  [4;36;1mSQL (0.0ms)[0m   [0;1mSELECT count(`comments`.id) AS count_id FROM `comments` WHERE (commentable_id = 20) [0m
  [4;35;1mCACHE (0.0ms)[0m   [0mSELECT * FROM `categories` WHERE (`categories`.`id` = 2) [0m
  [4;36;1mTag Load (0.0ms)[0m   [0;1mSELECT `tags`.* FROM `tags` INNER JOIN `taggings` ON `tags`.id = `taggings`.tag_id WHERE ((`taggings`.taggable_type = 'Article') AND (`taggings`.taggable_id = 19)) [0m
  [4;35;1mSQL (0.0ms)[0m   [0mSELECT count(`comments`.id) AS count_id FROM `comments` WHERE (commentable_id = 19) [0m
  [4;36;1mCACHE (0.0ms)[0m   [0;1mSELECT * FROM `categories` WHERE (`categories`.`id` = 2) [0m
  [4;35;1mTag Load (0.0ms)[0m   [0mSELECT `tags`.* FROM `tags` INNER JOIN `taggings` ON `tags`.id = `taggings`.tag_id WHERE ((`taggings`.taggable_type = 'Article') AND (`taggings`.taggable_id = 18)) [0m
  [4;36;1mSQL (0.0ms)[0m   [0;1mSELECT count(`comments`.id) AS count_id FROM `comments` WHERE (commentable_id = 18) [0m
  [4;35;1mCACHE (0.0ms)[0m   [0mSELECT * FROM `categories` WHERE (`categories`.`id` = 2) [0m
  [4;36;1mTag Load (0.0ms)[0m   [0;1mSELECT `tags`.* FROM `tags` INNER JOIN `taggings` ON `tags`.id = `taggings`.tag_id WHERE ((`taggings`.taggable_type = 'Article') AND (`taggings`.taggable_id = 17)) [0m
  [4;35;1mSQL (0.0ms)[0m   [0mSELECT count(`comments`.id) AS count_id FROM `comments` WHERE (commentable_id = 17) [0m
  [4;36;1mCACHE (0.0ms)[0m   [0;1mSELECT * FROM `categories` WHERE (`categories`.`id` = 1) [0m
  [4;35;1mTag Load (0.0ms)[0m   [0mSELECT `tags`.* FROM `tags` INNER JOIN `taggings` ON `tags`.id = `taggings`.tag_id WHERE ((`taggings`.taggable_type = 'Article') AND (`taggings`.taggable_id = 16)) [0m
  [4;36;1mSQL (0.0ms)[0m   [0;1mSELECT count(`comments`.id) AS count_id FROM `comments` WHERE (commentable_id = 16) [0m
  [4;35;1mCACHE (0.0ms)[0m   [0mSELECT * FROM `categories` WHERE (`categories`.`id` = 1) [0m
  [4;36;1mTag Load (0.0ms)[0m   [0;1mSELECT `tags`.* FROM `tags` INNER JOIN `taggings` ON `tags`.id = `taggings`.tag_id WHERE ((`taggings`.taggable_type = 'Article') AND (`taggings`.taggable_id = 15)) [0m
  [4;35;1mSQL (0.0ms)[0m   [0mSELECT count(`comments`.id) AS count_id FROM `comments` WHERE (commentable_id = 15) [0m
  [4;36;1mCACHE (0.0ms)[0m   [0;1mSELECT * FROM `categories` WHERE (`categories`.`id` = 1) [0m
  [4;35;1mTag Load (0.0ms)[0m   [0mSELECT `tags`.* FROM `tags` INNER JOIN `taggings` ON `tags`.id = `taggings`.tag_id WHERE ((`taggings`.taggable_type = 'Article') AND (`taggings`.taggable_id = 14)) [0m
  [4;36;1mSQL (15.0ms)[0m   [0;1mSELECT count(`comments`.id) AS count_id FROM `comments` WHERE (commentable_id = 14) [0m
  [4;35;1mArticle Load (0.0ms)[0m   [0mSELECT * FROM `articles` ORDER BY created_at DESC LIMIT 10[0m
  [4;36;1mComment Load (0.0ms)[0m   [0;1mSELECT * FROM `comments` ORDER BY created_at DESC, created_at ASC LIMIT 5[0m
  [4;35;1mArticle Load (0.0ms)[0m   [0mSELECT * FROM `articles` WHERE (`articles`.`id` = 1) [0m
  [4;36;1mCACHE (0.0ms)[0m   [0;1mSELECT * FROM `articles` WHERE (`articles`.`id` = 1) [0m
  [4;35;1mArticle Load (0.0ms)[0m   [0mSELECT * FROM `articles` WHERE (`articles`.`id` = 8) [0m
  [4;36;1mArticle Load (0.0ms)[0m   [0;1mSELECT * FROM `articles` WHERE (`articles`.`id` = 13) [0m
  [4;35;1mCACHE (0.0ms)[0m   [0mSELECT * FROM `articles` WHERE (`articles`.`id` = 1) [0m
  [4;36;1mSQL (0.0ms)[0m   [0;1mSET NAMES 'utf8'[0m
  [4;35;1mSQL (0.0ms)[0m   [0mSET SQL_AUTO_IS_NULL=0[0m
  [4;36;1mSQL (0.0ms)[0m   [0;1mSET NAMES 'utf8'[0m
  [4;35;1mSQL (0.0ms)[0m   [0mSET SQL_AUTO_IS_NULL=0[0m
  [4;36;1mSQL (0.0ms)[0m   [0;1mSET NAMES 'utf8'[0m
  [4;35;1mSQL (0.0ms)[0m   [0mSET SQL_AUTO_IS_NULL=0[0m
  [4;36;1mSQL (0.0ms)[0m   [0;1mSET NAMES 'utf8'[0m
  [4;35;1mSQL (0.0ms)[0m   [0mSET SQL_AUTO_IS_NULL=0[0m
  [4;36;1mSQL (0.0ms)[0m   [0;1mSET NAMES 'utf8'[0m
  [4;35;1mSQL (0.0ms)[0m   [0mSET SQL_AUTO_IS_NULL=0[0m
  [4;36;1mSQL (0.0ms)[0m   [0;1mSET NAMES 'utf8'[0m
  [4;35;1mSQL (0.0ms)[0m   [0mSET SQL_AUTO_IS_NULL=0[0m
  [4;36;1mSQL (0.0ms)[0m   [0;1mSET NAMES 'utf8'[0m
  [4;35;1mSQL (0.0ms)[0m   [0mSET SQL_AUTO_IS_NULL=0[0m
  [4;36;1mSQL (0.0ms)[0m   [0;1mSET NAMES 'utf8'[0m
  [4;35;1mSQL (0.0ms)[0m   [0mSET SQL_AUTO_IS_NULL=0[0m
  [4;36;1mSQL (0.0ms)[0m   [0;1mSET NAMES 'utf8'[0m
  [4;35;1mSQL (0.0ms)[0m   [0mSET SQL_AUTO_IS_NULL=0[0m
  [4;36;1mSQL (0.0ms)[0m   [0;1mSET NAMES 'utf8'[0m
  [4;35;1mSQL (0.0ms)[0m   [0mSET SQL_AUTO_IS_NULL=0[0m
  [4;36;1mSQL (15.0ms)[0m   [0;1mSET NAMES 'utf8'[0m
  [4;35;1mSQL (0.0ms)[0m   [0mSET SQL_AUTO_IS_NULL=0[0m
  [4;36;1mSQL (0.0ms)[0m   [0;1mSET NAMES 'utf8'[0m
  [4;35;1mSQL (0.0ms)[0m   [0mSET SQL_AUTO_IS_NULL=0[0m
  [4;36;1mSQL (0.0ms)[0m   [0;1mSET NAMES 'utf8'[0m
  [4;35;1mSQL (0.0ms)[0m   [0mSET SQL_AUTO_IS_NULL=0[0m
  [4;36;1mPic Columns (32.0ms)[0m   [0;1mSHOW FIELDS FROM `pics`[0m
  [4;35;1mSQL (0.0ms)[0m   [0mSET NAMES 'utf8'[0m
  [4;36;1mSQL (0.0ms)[0m   [0;1mSET SQL_AUTO_IS_NULL=0[0m
  [4;35;1mSQL (0.0ms)[0m   [0mSET NAMES 'utf8'[0m
  [4;36;1mSQL (0.0ms)[0m   [0;1mSET SQL_AUTO_IS_NULL=0[0m
  [4;35;1mPic Columns (0.0ms)[0m   [0mSHOW FIELDS FROM `pics`[0m
  [4;36;1mSQL (31.0ms)[0m   [0;1mBEGIN[0m
  [4;35;1mPic Create (15.0ms)[0m   [0mINSERT INTO `pics` (`title`, `description`) VALUES(NULL, NULL)[0m
  [4;36;1mSQL (16.0ms)[0m   [0;1mCOMMIT[0m
  [4;35;1mSQL (0.0ms)[0m   [0mSET NAMES 'utf8'[0m
  [4;36;1mSQL (0.0ms)[0m   [0;1mSET SQL_AUTO_IS_NULL=0[0m
  [4;35;1mPic Columns (0.0ms)[0m   [0mSHOW FIELDS FROM `pics`[0m
  [4;36;1mPic Load (16.0ms)[0m   [0;1mSELECT * FROM `pics` WHERE (`pics`.`id` = 1) [0m
  [4;35;1mSQL (0.0ms)[0m   [0mSET NAMES 'utf8'[0m
  [4;36;1mSQL (0.0ms)[0m   [0;1mSET SQL_AUTO_IS_NULL=0[0m
  [4;35;1mSQL (15.0ms)[0m   [0mSET NAMES 'utf8'[0m
  [4;36;1mSQL (0.0ms)[0m   [0;1mSET SQL_AUTO_IS_NULL=0[0m
  [4;35;1mPic Columns (16.0ms)[0m   [0mSHOW FIELDS FROM `pics`[0m
  [4;36;1mSQL (0.0ms)[0m   [0;1mSET NAMES 'utf8'[0m
  [4;35;1mSQL (0.0ms)[0m   [0mSET SQL_AUTO_IS_NULL=0[0m
  [4;36;1mSQL (0.0ms)[0m   [0;1mSET NAMES 'utf8'[0m
  [4;35;1mSQL (0.0ms)[0m   [0mSET SQL_AUTO_IS_NULL=0[0m
  [4;36;1mPic Columns (15.0ms)[0m   [0;1mSHOW FIELDS FROM `pics`[0m
  [4;35;1mSQL (0.0ms)[0m   [0mBEGIN[0m
  [4;36;1mPic Create (0.0ms)[0m   [0;1mINSERT INTO `pics` (`title`, `description`) VALUES(NULL, NULL)[0m
  [4;35;1mSQL (0.0ms)[0m   [0mCOMMIT[0m
  [4;36;1mSQL (0.0ms)[0m   [0;1mSET NAMES 'utf8'[0m
  [4;35;1mSQL (0.0ms)[0m   [0mSET SQL_AUTO_IS_NULL=0[0m
  [4;36;1mPic Columns (15.0ms)[0m   [0;1mSHOW FIELDS FROM `pics`[0m
  [4;35;1mPic Load (0.0ms)[0m   [0mSELECT * FROM `pics` WHERE (`pics`.`id` = 2) [0m
  [4;36;1mSQL (0.0ms)[0m   [0;1mSET NAMES 'utf8'[0m
  [4;35;1mSQL (0.0ms)[0m   [0mSET SQL_AUTO_IS_NULL=0[0m
  [4;36;1mSQL (0.0ms)[0m   [0;1mSET NAMES 'utf8'[0m
  [4;35;1mSQL (0.0ms)[0m   [0mSET SQL_AUTO_IS_NULL=0[0m
  [4;36;1mPic Columns (15.0ms)[0m   [0;1mSHOW FIELDS FROM `pics`[0m
  [4;35;1mPic Load (0.0ms)[0m   [0mSELECT * FROM `pics` WHERE (`pics`.`id` = 2) [0m
  [4;36;1mSQL (0.0ms)[0m   [0;1mSET NAMES 'utf8'[0m
  [4;35;1mSQL (0.0ms)[0m   [0mSET SQL_AUTO_IS_NULL=0[0m
  [4;36;1mPic Columns (0.0ms)[0m   [0;1mSHOW FIELDS FROM `pics`[0m
  [4;35;1mPic Load (0.0ms)[0m   [0mSELECT * FROM `pics` WHERE (`pics`.`id` = 2) [0m
  [4;36;1mSQL (0.0ms)[0m   [0;1mSET NAMES 'utf8'[0m
  [4;35;1mSQL (0.0ms)[0m   [0mSET SQL_AUTO_IS_NULL=0[0m
