# Logfile created on Sat Dec 05 12:21:23 +0800 2009 by /
  [4;36;1mSQL (47.0ms)[0m   [0;1mSET NAMES 'utf8'[0m
  [4;35;1mSQL (15.0ms)[0m   [0mSET SQL_AUTO_IS_NULL=0[0m
  [4;36;1mCategory Load (93.0ms)[0m   [0;1mSELECT * FROM `categories` [0m
  [4;35;1mArticle Load (47.0ms)[0m   [0mSELECT * FROM `articles` ORDER BY created_at DESC LIMIT 0, 10[0m
  [4;36;1mArticle Columns (31.0ms)[0m   [0;1mSHOW FIELDS FROM `articles`[0m
  [4;35;1mSQL (16.0ms)[0m   [0mSELECT count(*) AS count_all FROM `articles` [0m
  [4;36;1mCategory Columns (0.0ms)[0m   [0;1mSHOW FIELDS FROM `categories`[0m
  [4;35;1mCategory Load (31.0ms)[0m   [0mSELECT * FROM `categories` WHERE (`categories`.`id` = 2) [0m
  [4;36;1mTagging Columns (62.0ms)[0m   [0;1mSHOW FIELDS FROM `taggings`[0m
  [4;35;1mTag Load (47.0ms)[0m   [0mSELECT `tags`.* FROM `tags` INNER JOIN `taggings` ON `tags`.id = `taggings`.tag_id WHERE ((`taggings`.taggable_type = 'Article') AND (`taggings`.taggable_id = 23)) [0m
  [4;36;1mComment Columns (63.0ms)[0m   [0;1mSHOW FIELDS FROM `comments`[0m
  [4;35;1mSQL (0.0ms)[0m   [0mSELECT count(`comments`.id) AS count_id FROM `comments` WHERE (commentable_id = 23) [0m
  [4;36;1mCategory Load (0.0ms)[0m   [0;1mSELECT * FROM `categories` WHERE (`categories`.`id` = 1) [0m
  [4;35;1mTag Load (0.0ms)[0m   [0mSELECT `tags`.* FROM `tags` INNER JOIN `taggings` ON `tags`.id = `taggings`.tag_id WHERE ((`taggings`.taggable_type = 'Article') AND (`taggings`.taggable_id = 22)) [0m
  [4;36;1mSQL (0.0ms)[0m   [0;1mSELECT count(`comments`.id) AS count_id FROM `comments` WHERE (commentable_id = 22) [0m
  [4;35;1mCACHE (0.0ms)[0m   [0mSELECT * FROM `categories` WHERE (`categories`.`id` = 2) [0m
  [4;36;1mTag Load (0.0ms)[0m   [0;1mSELECT `tags`.* FROM `tags` INNER JOIN `taggings` ON `tags`.id = `taggings`.tag_id WHERE ((`taggings`.taggable_type = 'Article') AND (`taggings`.taggable_id = 21)) [0m
  [4;35;1mSQL (0.0ms)[0m   [0mSELECT count(`comments`.id) AS count_id FROM `comments` WHERE (commentable_id = 21) [0m
  [4;36;1mCACHE (0.0ms)[0m   [0;1mSELECT * FROM `categories` WHERE (`categories`.`id` = 1) [0m
  [4;35;1mTag Load (0.0ms)[0m   [0mSELECT `tags`.* FROM `tags` INNER JOIN `taggings` ON `tags`.id = `taggings`.tag_id WHERE ((`taggings`.taggable_type = 'Article') AND (`taggings`.taggable_id = 20)) [0m
  [4;36;1mSQL (0.0ms)[0m   [0;1mSELECT count(`comments`.id) AS count_id FROM `comments` WHERE (commentable_id = 20) [0m
  [4;35;1mCACHE (0.0ms)[0m   [0mSELECT * FROM `categories` WHERE (`categories`.`id` = 2) [0m
  [4;36;1mTag Load (0.0ms)[0m   [0;1mSELECT `tags`.* FROM `tags` INNER JOIN `taggings` ON `tags`.id = `taggings`.tag_id WHERE ((`taggings`.taggable_type = 'Article') AND (`taggings`.taggable_id = 19)) [0m
  [4;35;1mSQL (0.0ms)[0m   [0mSELECT count(`comments`.id) AS count_id FROM `comments` WHERE (commentable_id = 19) [0m
  [4;36;1mCACHE (0.0ms)[0m   [0;1mSELECT * FROM `categories` WHERE (`categories`.`id` = 2) [0m
  [4;35;1mTag Load (0.0ms)[0m   [0mSELECT `tags`.* FROM `tags` INNER JOIN `taggings` ON `tags`.id = `taggings`.tag_id WHERE ((`taggings`.taggable_type = 'Article') AND (`taggings`.taggable_id = 18)) [0m
  [4;36;1mSQL (0.0ms)[0m   [0;1mSELECT count(`comments`.id) AS count_id FROM `comments` WHERE (commentable_id = 18) [0m
  [4;35;1mCACHE (0.0ms)[0m   [0mSELECT * FROM `categories` WHERE (`categories`.`id` = 2) [0m
  [4;36;1mTag Load (0.0ms)[0m   [0;1mSELECT `tags`.* FROM `tags` INNER JOIN `taggings` ON `tags`.id = `taggings`.tag_id WHERE ((`taggings`.taggable_type = 'Article') AND (`taggings`.taggable_id = 17)) [0m
  [4;35;1mSQL (0.0ms)[0m   [0mSELECT count(`comments`.id) AS count_id FROM `comments` WHERE (commentable_id = 17) [0m
  [4;36;1mCACHE (0.0ms)[0m   [0;1mSELECT * FROM `categories` WHERE (`categories`.`id` = 1) [0m
  [4;35;1mTag Load (16.0ms)[0m   [0mSELECT `tags`.* FROM `tags` INNER JOIN `taggings` ON `tags`.id = `taggings`.tag_id WHERE ((`taggings`.taggable_type = 'Article') AND (`taggings`.taggable_id = 16)) [0m
  [4;36;1mSQL (0.0ms)[0m   [0;1mSELECT count(`comments`.id) AS count_id FROM `comments` WHERE (commentable_id = 16) [0m
  [4;35;1mCACHE (0.0ms)[0m   [0mSELECT * FROM `categories` WHERE (`categories`.`id` = 1) [0m
  [4;36;1mTag Load (0.0ms)[0m   [0;1mSELECT `tags`.* FROM `tags` INNER JOIN `taggings` ON `tags`.id = `taggings`.tag_id WHERE ((`taggings`.taggable_type = 'Article') AND (`taggings`.taggable_id = 15)) [0m
  [4;35;1mSQL (0.0ms)[0m   [0mSELECT count(`comments`.id) AS count_id FROM `comments` WHERE (commentable_id = 15) [0m
  [4;36;1mCACHE (0.0ms)[0m   [0;1mSELECT * FROM `categories` WHERE (`categories`.`id` = 1) [0m
  [4;35;1mTag Load (0.0ms)[0m   [0mSELECT `tags`.* FROM `tags` INNER JOIN `taggings` ON `tags`.id = `taggings`.tag_id WHERE ((`taggings`.taggable_type = 'Article') AND (`taggings`.taggable_id = 14)) [0m
  [4;36;1mSQL (0.0ms)[0m   [0;1mSELECT count(`comments`.id) AS count_id FROM `comments` WHERE (commentable_id = 14) [0m
  [4;35;1mArticle Load (0.0ms)[0m   [0mSELECT * FROM `articles` ORDER BY created_at DESC LIMIT 10[0m
  [4;36;1mComment Load (0.0ms)[0m   [0;1mSELECT * FROM `comments` ORDER BY created_at DESC, created_at ASC LIMIT 10[0m
  [4;35;1mArticle Load (0.0ms)[0m   [0mSELECT * FROM `articles` WHERE (`articles`.`id` = 21) [0m
  [4;36;1mArticle Load (0.0ms)[0m   [0;1mSELECT * FROM `articles` WHERE (`articles`.`id` = 23) [0m
  [4;35;1mCACHE (0.0ms)[0m   [0mSELECT * FROM `articles` WHERE (`articles`.`id` = 21) [0m
  [4;36;1mArticle Load (0.0ms)[0m   [0;1mSELECT * FROM `articles` WHERE (`articles`.`id` = 5) [0m
  [4;35;1mCACHE (0.0ms)[0m   [0mSELECT * FROM `articles` WHERE (`articles`.`id` = 5) [0m
  [4;36;1mCACHE (0.0ms)[0m   [0;1mSELECT * FROM `articles` WHERE (`articles`.`id` = 5) [0m
  [4;35;1mCACHE (0.0ms)[0m   [0mSELECT * FROM `articles` WHERE (`articles`.`id` = 5) [0m
  [4;36;1mCACHE (0.0ms)[0m   [0;1mSELECT * FROM `articles` WHERE (`articles`.`id` = 5) [0m
  [4;35;1mCACHE (0.0ms)[0m   [0mSELECT * FROM `articles` WHERE (`articles`.`id` = 5) [0m
  [4;36;1mCACHE (0.0ms)[0m   [0;1mSELECT * FROM `articles` WHERE (`articles`.`id` = 5) [0m
  [4;35;1mSQL (0.0ms)[0m   [0mSET NAMES 'utf8'[0m
  [4;36;1mSQL (0.0ms)[0m   [0;1mSET SQL_AUTO_IS_NULL=0[0m
  [4;35;1mSQL (0.0ms)[0m   [0mSET NAMES 'utf8'[0m
  [4;36;1mSQL (0.0ms)[0m   [0;1mSET SQL_AUTO_IS_NULL=0[0m
  [4;35;1mCategory Load (0.0ms)[0m   [0mSELECT * FROM `categories` [0m
  [4;36;1mArticle Load (0.0ms)[0m   [0;1mSELECT * FROM `articles` ORDER BY created_at DESC LIMIT 0, 10[0m
  [4;35;1mArticle Columns (15.0ms)[0m   [0mSHOW FIELDS FROM `articles`[0m
  [4;36;1mSQL (0.0ms)[0m   [0;1mSELECT count(*) AS count_all FROM `articles` [0m
  [4;35;1mCategory Columns (0.0ms)[0m   [0mSHOW FIELDS FROM `categories`[0m
  [4;36;1mCategory Load (0.0ms)[0m   [0;1mSELECT * FROM `categories` WHERE (`categories`.`id` = 2) [0m
  [4;35;1mTag Load (0.0ms)[0m   [0mSELECT `tags`.* FROM `tags` INNER JOIN `taggings` ON `tags`.id = `taggings`.tag_id WHERE ((`taggings`.taggable_type = 'Article') AND (`taggings`.taggable_id = 23)) [0m
  [4;36;1mComment Columns (15.0ms)[0m   [0;1mSHOW FIELDS FROM `comments`[0m
  [4;35;1mSQL (0.0ms)[0m   [0mSELECT count(`comments`.id) AS count_id FROM `comments` WHERE (commentable_id = 23) [0m
  [4;36;1mCategory Load (0.0ms)[0m   [0;1mSELECT * FROM `categories` WHERE (`categories`.`id` = 1) [0m
  [4;35;1mTag Load (0.0ms)[0m   [0mSELECT `tags`.* FROM `tags` INNER JOIN `taggings` ON `tags`.id = `taggings`.tag_id WHERE ((`taggings`.taggable_type = 'Article') AND (`taggings`.taggable_id = 22)) [0m
  [4;36;1mSQL (0.0ms)[0m   [0;1mSELECT count(`comments`.id) AS count_id FROM `comments` WHERE (commentable_id = 22) [0m
  [4;35;1mCACHE (0.0ms)[0m   [0mSELECT * FROM `categories` WHERE (`categories`.`id` = 2) [0m
  [4;36;1mTag Load (0.0ms)[0m   [0;1mSELECT `tags`.* FROM `tags` INNER JOIN `taggings` ON `tags`.id = `taggings`.tag_id WHERE ((`taggings`.taggable_type = 'Article') AND (`taggings`.taggable_id = 21)) [0m
  [4;35;1mSQL (0.0ms)[0m   [0mSELECT count(`comments`.id) AS count_id FROM `comments` WHERE (commentable_id = 21) [0m
  [4;36;1mCACHE (0.0ms)[0m   [0;1mSELECT * FROM `categories` WHERE (`categories`.`id` = 1) [0m
  [4;35;1mTag Load (15.0ms)[0m   [0mSELECT `tags`.* FROM `tags` INNER JOIN `taggings` ON `tags`.id = `taggings`.tag_id WHERE ((`taggings`.taggable_type = 'Article') AND (`taggings`.taggable_id = 20)) [0m
  [4;36;1mSQL (0.0ms)[0m   [0;1mSELECT count(`comments`.id) AS count_id FROM `comments` WHERE (commentable_id = 20) [0m
  [4;35;1mCACHE (0.0ms)[0m   [0mSELECT * FROM `categories` WHERE (`categories`.`id` = 2) [0m
  [4;36;1mTag Load (0.0ms)[0m   [0;1mSELECT `tags`.* FROM `tags` INNER JOIN `taggings` ON `tags`.id = `taggings`.tag_id WHERE ((`taggings`.taggable_type = 'Article') AND (`taggings`.taggable_id = 19)) [0m
  [4;35;1mSQL (0.0ms)[0m   [0mSELECT count(`comments`.id) AS count_id FROM `comments` WHERE (commentable_id = 19) [0m
  [4;36;1mCACHE (0.0ms)[0m   [0;1mSELECT * FROM `categories` WHERE (`categories`.`id` = 2) [0m
  [4;35;1mTag Load (0.0ms)[0m   [0mSELECT `tags`.* FROM `tags` INNER JOIN `taggings` ON `tags`.id = `taggings`.tag_id WHERE ((`taggings`.taggable_type = 'Article') AND (`taggings`.taggable_id = 18)) [0m
  [4;36;1mSQL (0.0ms)[0m   [0;1mSELECT count(`comments`.id) AS count_id FROM `comments` WHERE (commentable_id = 18) [0m
  [4;35;1mCACHE (0.0ms)[0m   [0mSELECT * FROM `categories` WHERE (`categories`.`id` = 2) [0m
  [4;36;1mTag Load (0.0ms)[0m   [0;1mSELECT `tags`.* FROM `tags` INNER JOIN `taggings` ON `tags`.id = `taggings`.tag_id WHERE ((`taggings`.taggable_type = 'Article') AND (`taggings`.taggable_id = 17)) [0m
  [4;35;1mSQL (0.0ms)[0m   [0mSELECT count(`comments`.id) AS count_id FROM `comments` WHERE (commentable_id = 17) [0m
  [4;36;1mCACHE (0.0ms)[0m   [0;1mSELECT * FROM `categories` WHERE (`categories`.`id` = 1) [0m
  [4;35;1mTag Load (0.0ms)[0m   [0mSELECT `tags`.* FROM `tags` INNER JOIN `taggings` ON `tags`.id = `taggings`.tag_id WHERE ((`taggings`.taggable_type = 'Article') AND (`taggings`.taggable_id = 16)) [0m
  [4;36;1mSQL (0.0ms)[0m   [0;1mSELECT count(`comments`.id) AS count_id FROM `comments` WHERE (commentable_id = 16) [0m
  [4;35;1mCACHE (0.0ms)[0m   [0mSELECT * FROM `categories` WHERE (`categories`.`id` = 1) [0m
  [4;36;1mTag Load (0.0ms)[0m   [0;1mSELECT `tags`.* FROM `tags` INNER JOIN `taggings` ON `tags`.id = `taggings`.tag_id WHERE ((`taggings`.taggable_type = 'Article') AND (`taggings`.taggable_id = 15)) [0m
  [4;35;1mSQL (0.0ms)[0m   [0mSELECT count(`comments`.id) AS count_id FROM `comments` WHERE (commentable_id = 15) [0m
  [4;36;1mCACHE (0.0ms)[0m   [0;1mSELECT * FROM `categories` WHERE (`categories`.`id` = 1) [0m
  [4;35;1mTag Load (0.0ms)[0m   [0mSELECT `tags`.* FROM `tags` INNER JOIN `taggings` ON `tags`.id = `taggings`.tag_id WHERE ((`taggings`.taggable_type = 'Article') AND (`taggings`.taggable_id = 14)) [0m
  [4;36;1mSQL (0.0ms)[0m   [0;1mSELECT count(`comments`.id) AS count_id FROM `comments` WHERE (commentable_id = 14) [0m
  [4;35;1mArticle Load (0.0ms)[0m   [0mSELECT * FROM `articles` ORDER BY created_at DESC LIMIT 10[0m
  [4;36;1mComment Load (0.0ms)[0m   [0;1mSELECT * FROM `comments` ORDER BY created_at DESC, created_at ASC LIMIT 10[0m
  [4;35;1mArticle Load (0.0ms)[0m   [0mSELECT * FROM `articles` WHERE (`articles`.`id` = 21) [0m
  [4;36;1mArticle Load (0.0ms)[0m   [0;1mSELECT * FROM `articles` WHERE (`articles`.`id` = 23) [0m
  [4;35;1mCACHE (0.0ms)[0m   [0mSELECT * FROM `articles` WHERE (`articles`.`id` = 21) [0m
  [4;36;1mArticle Load (0.0ms)[0m   [0;1mSELECT * FROM `articles` WHERE (`articles`.`id` = 5) [0m
  [4;35;1mCACHE (0.0ms)[0m   [0mSELECT * FROM `articles` WHERE (`articles`.`id` = 5) [0m
  [4;36;1mCACHE (0.0ms)[0m   [0;1mSELECT * FROM `articles` WHERE (`articles`.`id` = 5) [0m
  [4;35;1mCACHE (0.0ms)[0m   [0mSELECT * FROM `articles` WHERE (`articles`.`id` = 5) [0m
  [4;36;1mCACHE (0.0ms)[0m   [0;1mSELECT * FROM `articles` WHERE (`articles`.`id` = 5) [0m
  [4;35;1mCACHE (0.0ms)[0m   [0mSELECT * FROM `articles` WHERE (`articles`.`id` = 5) [0m
  [4;36;1mCACHE (0.0ms)[0m   [0;1mSELECT * FROM `articles` WHERE (`articles`.`id` = 5) [0m
  [4;36;1mSQL (0.0ms)[0m   [0;1mSET NAMES 'utf8'[0m
  [4;35;1mSQL (0.0ms)[0m   [0mSET SQL_AUTO_IS_NULL=0[0m
  [4;36;1mCategory Load (0.0ms)[0m   [0;1mSELECT * FROM `categories` [0m
  [4;35;1mArticle Load (0.0ms)[0m   [0mSELECT * FROM `articles` ORDER BY created_at DESC LIMIT 0, 10[0m
  [4;36;1mArticle Columns (16.0ms)[0m   [0;1mSHOW FIELDS FROM `articles`[0m
  [4;35;1mSQL (0.0ms)[0m   [0mSELECT count(*) AS count_all FROM `articles` [0m
  [4;36;1mCategory Columns (0.0ms)[0m   [0;1mSHOW FIELDS FROM `categories`[0m
  [4;35;1mCategory Load (15.0ms)[0m   [0mSELECT * FROM `categories` WHERE (`categories`.`id` = 2) [0m
  [4;36;1mTagging Columns (16.0ms)[0m   [0;1mSHOW FIELDS FROM `taggings`[0m
  [4;35;1mTag Load (0.0ms)[0m   [0mSELECT `tags`.* FROM `tags` INNER JOIN `taggings` ON `tags`.id = `taggings`.tag_id WHERE ((`taggings`.taggable_type = 'Article') AND (`taggings`.taggable_id = 23)) [0m
  [4;36;1mComment Columns (0.0ms)[0m   [0;1mSHOW FIELDS FROM `comments`[0m
  [4;35;1mSQL (0.0ms)[0m   [0mSELECT count(`comments`.id) AS count_id FROM `comments` WHERE (commentable_id = 23) [0m
  [4;36;1mCategory Load (0.0ms)[0m   [0;1mSELECT * FROM `categories` WHERE (`categories`.`id` = 1) [0m
  [4;35;1mTag Load (0.0ms)[0m   [0mSELECT `tags`.* FROM `tags` INNER JOIN `taggings` ON `tags`.id = `taggings`.tag_id WHERE ((`taggings`.taggable_type = 'Article') AND (`taggings`.taggable_id = 22)) [0m
  [4;36;1mSQL (0.0ms)[0m   [0;1mSELECT count(`comments`.id) AS count_id FROM `comments` WHERE (commentable_id = 22) [0m
  [4;35;1mCACHE (0.0ms)[0m   [0mSELECT * FROM `categories` WHERE (`categories`.`id` = 2) [0m
  [4;36;1mTag Load (0.0ms)[0m   [0;1mSELECT `tags`.* FROM `tags` INNER JOIN `taggings` ON `tags`.id = `taggings`.tag_id WHERE ((`taggings`.taggable_type = 'Article') AND (`taggings`.taggable_id = 21)) [0m
  [4;35;1mSQL (0.0ms)[0m   [0mSELECT count(`comments`.id) AS count_id FROM `comments` WHERE (commentable_id = 21) [0m
  [4;36;1mCACHE (0.0ms)[0m   [0;1mSELECT * FROM `categories` WHERE (`categories`.`id` = 1) [0m
  [4;35;1mTag Load (0.0ms)[0m   [0mSELECT `tags`.* FROM `tags` INNER JOIN `taggings` ON `tags`.id = `taggings`.tag_id WHERE ((`taggings`.taggable_type = 'Article') AND (`taggings`.taggable_id = 20)) [0m
  [4;36;1mSQL (0.0ms)[0m   [0;1mSELECT count(`comments`.id) AS count_id FROM `comments` WHERE (commentable_id = 20) [0m
  [4;35;1mCACHE (0.0ms)[0m   [0mSELECT * FROM `categories` WHERE (`categories`.`id` = 2) [0m
  [4;36;1mTag Load (0.0ms)[0m   [0;1mSELECT `tags`.* FROM `tags` INNER JOIN `taggings` ON `tags`.id = `taggings`.tag_id WHERE ((`taggings`.taggable_type = 'Article') AND (`taggings`.taggable_id = 19)) [0m
  [4;35;1mSQL (0.0ms)[0m   [0mSELECT count(`comments`.id) AS count_id FROM `comments` WHERE (commentable_id = 19) [0m
  [4;36;1mCACHE (0.0ms)[0m   [0;1mSELECT * FROM `categories` WHERE (`categories`.`id` = 2) [0m
  [4;35;1mTag Load (0.0ms)[0m   [0mSELECT `tags`.* FROM `tags` INNER JOIN `taggings` ON `tags`.id = `taggings`.tag_id WHERE ((`taggings`.taggable_type = 'Article') AND (`taggings`.taggable_id = 18)) [0m
  [4;36;1mSQL (0.0ms)[0m   [0;1mSELECT count(`comments`.id) AS count_id FROM `comments` WHERE (commentable_id = 18) [0m
  [4;35;1mCACHE (0.0ms)[0m   [0mSELECT * FROM `categories` WHERE (`categories`.`id` = 2) [0m
  [4;36;1mTag Load (0.0ms)[0m   [0;1mSELECT `tags`.* FROM `tags` INNER JOIN `taggings` ON `tags`.id = `taggings`.tag_id WHERE ((`taggings`.taggable_type = 'Article') AND (`taggings`.taggable_id = 17)) [0m
  [4;35;1mSQL (0.0ms)[0m   [0mSELECT count(`comments`.id) AS count_id FROM `comments` WHERE (commentable_id = 17) [0m
  [4;36;1mCACHE (0.0ms)[0m   [0;1mSELECT * FROM `categories` WHERE (`categories`.`id` = 1) [0m
  [4;35;1mTag Load (0.0ms)[0m   [0mSELECT `tags`.* FROM `tags` INNER JOIN `taggings` ON `tags`.id = `taggings`.tag_id WHERE ((`taggings`.taggable_type = 'Article') AND (`taggings`.taggable_id = 16)) [0m
  [4;36;1mSQL (0.0ms)[0m   [0;1mSELECT count(`comments`.id) AS count_id FROM `comments` WHERE (commentable_id = 16) [0m
  [4;35;1mCACHE (0.0ms)[0m   [0mSELECT * FROM `categories` WHERE (`categories`.`id` = 1) [0m
  [4;36;1mTag Load (0.0ms)[0m   [0;1mSELECT `tags`.* FROM `tags` INNER JOIN `taggings` ON `tags`.id = `taggings`.tag_id WHERE ((`taggings`.taggable_type = 'Article') AND (`taggings`.taggable_id = 15)) [0m
  [4;35;1mSQL (0.0ms)[0m   [0mSELECT count(`comments`.id) AS count_id FROM `comments` WHERE (commentable_id = 15) [0m
  [4;36;1mCACHE (0.0ms)[0m   [0;1mSELECT * FROM `categories` WHERE (`categories`.`id` = 1) [0m
  [4;35;1mTag Load (0.0ms)[0m   [0mSELECT `tags`.* FROM `tags` INNER JOIN `taggings` ON `tags`.id = `taggings`.tag_id WHERE ((`taggings`.taggable_type = 'Article') AND (`taggings`.taggable_id = 14)) [0m
  [4;36;1mSQL (0.0ms)[0m   [0;1mSELECT count(`comments`.id) AS count_id FROM `comments` WHERE (commentable_id = 14) [0m
  [4;35;1mArticle Load (0.0ms)[0m   [0mSELECT * FROM `articles` ORDER BY created_at DESC LIMIT 10[0m
  [4;36;1mComment Load (0.0ms)[0m   [0;1mSELECT * FROM `comments` ORDER BY created_at DESC, created_at ASC LIMIT 10[0m
  [4;35;1mArticle Load (0.0ms)[0m   [0mSELECT * FROM `articles` WHERE (`articles`.`id` = 21) [0m
  [4;36;1mArticle Load (0.0ms)[0m   [0;1mSELECT * FROM `articles` WHERE (`articles`.`id` = 23) [0m
  [4;35;1mCACHE (0.0ms)[0m   [0mSELECT * FROM `articles` WHERE (`articles`.`id` = 21) [0m
  [4;36;1mArticle Load (0.0ms)[0m   [0;1mSELECT * FROM `articles` WHERE (`articles`.`id` = 5) [0m
  [4;35;1mCACHE (0.0ms)[0m   [0mSELECT * FROM `articles` WHERE (`articles`.`id` = 5) [0m
  [4;36;1mCACHE (0.0ms)[0m   [0;1mSELECT * FROM `articles` WHERE (`articles`.`id` = 5) [0m
  [4;35;1mCACHE (0.0ms)[0m   [0mSELECT * FROM `articles` WHERE (`articles`.`id` = 5) [0m
  [4;36;1mCACHE (0.0ms)[0m   [0;1mSELECT * FROM `articles` WHERE (`articles`.`id` = 5) [0m
  [4;35;1mCACHE (0.0ms)[0m   [0mSELECT * FROM `articles` WHERE (`articles`.`id` = 5) [0m
  [4;36;1mCACHE (0.0ms)[0m   [0;1mSELECT * FROM `articles` WHERE (`articles`.`id` = 5) [0m
  [4;35;1mSQL (0.0ms)[0m   [0mSET NAMES 'utf8'[0m
  [4;36;1mSQL (0.0ms)[0m   [0;1mSET SQL_AUTO_IS_NULL=0[0m
  [4;35;1mCategory Load (0.0ms)[0m   [0mSELECT * FROM `categories` [0m
  [4;36;1mArticle Load (0.0ms)[0m   [0;1mSELECT * FROM `articles` ORDER BY created_at DESC LIMIT 0, 10[0m
  [4;35;1mArticle Columns (16.0ms)[0m   [0mSHOW FIELDS FROM `articles`[0m
  [4;36;1mSQL (0.0ms)[0m   [0;1mSELECT count(*) AS count_all FROM `articles` [0m
  [4;35;1mCategory Columns (0.0ms)[0m   [0mSHOW FIELDS FROM `categories`[0m
  [4;36;1mCategory Load (0.0ms)[0m   [0;1mSELECT * FROM `categories` WHERE (`categories`.`id` = 2) [0m
  [4;35;1mTag Load (0.0ms)[0m   [0mSELECT `tags`.* FROM `tags` INNER JOIN `taggings` ON `tags`.id = `taggings`.tag_id WHERE ((`taggings`.taggable_type = 'Article') AND (`taggings`.taggable_id = 23)) [0m
  [4;36;1mComment Columns (0.0ms)[0m   [0;1mSHOW FIELDS FROM `comments`[0m
  [4;35;1mSQL (0.0ms)[0m   [0mSELECT count(`comments`.id) AS count_id FROM `comments` WHERE (commentable_id = 23) [0m
  [4;36;1mCategory Load (0.0ms)[0m   [0;1mSELECT * FROM `categories` WHERE (`categories`.`id` = 1) [0m
  [4;35;1mTag Load (0.0ms)[0m   [0mSELECT `tags`.* FROM `tags` INNER JOIN `taggings` ON `tags`.id = `taggings`.tag_id WHERE ((`taggings`.taggable_type = 'Article') AND (`taggings`.taggable_id = 22)) [0m
  [4;36;1mSQL (0.0ms)[0m   [0;1mSELECT count(`comments`.id) AS count_id FROM `comments` WHERE (commentable_id = 22) [0m
  [4;35;1mCACHE (0.0ms)[0m   [0mSELECT * FROM `categories` WHERE (`categories`.`id` = 2) [0m
  [4;36;1mTag Load (0.0ms)[0m   [0;1mSELECT `tags`.* FROM `tags` INNER JOIN `taggings` ON `tags`.id = `taggings`.tag_id WHERE ((`taggings`.taggable_type = 'Article') AND (`taggings`.taggable_id = 21)) [0m
  [4;35;1mSQL (0.0ms)[0m   [0mSELECT count(`comments`.id) AS count_id FROM `comments` WHERE (commentable_id = 21) [0m
  [4;36;1mCACHE (0.0ms)[0m   [0;1mSELECT * FROM `categories` WHERE (`categories`.`id` = 1) [0m
  [4;35;1mTag Load (0.0ms)[0m   [0mSELECT `tags`.* FROM `tags` INNER JOIN `taggings` ON `tags`.id = `taggings`.tag_id WHERE ((`taggings`.taggable_type = 'Article') AND (`taggings`.taggable_id = 20)) [0m
  [4;36;1mSQL (0.0ms)[0m   [0;1mSELECT count(`comments`.id) AS count_id FROM `comments` WHERE (commentable_id = 20) [0m
  [4;35;1mCACHE (0.0ms)[0m   [0mSELECT * FROM `categories` WHERE (`categories`.`id` = 2) [0m
  [4;36;1mTag Load (0.0ms)[0m   [0;1mSELECT `tags`.* FROM `tags` INNER JOIN `taggings` ON `tags`.id = `taggings`.tag_id WHERE ((`taggings`.taggable_type = 'Article') AND (`taggings`.taggable_id = 19)) [0m
  [4;35;1mSQL (0.0ms)[0m   [0mSELECT count(`comments`.id) AS count_id FROM `comments` WHERE (commentable_id = 19) [0m
  [4;36;1mCACHE (0.0ms)[0m   [0;1mSELECT * FROM `categories` WHERE (`categories`.`id` = 2) [0m
  [4;35;1mTag Load (0.0ms)[0m   [0mSELECT `tags`.* FROM `tags` INNER JOIN `taggings` ON `tags`.id = `taggings`.tag_id WHERE ((`taggings`.taggable_type = 'Article') AND (`taggings`.taggable_id = 18)) [0m
  [4;36;1mSQL (0.0ms)[0m   [0;1mSELECT count(`comments`.id) AS count_id FROM `comments` WHERE (commentable_id = 18) [0m
  [4;35;1mCACHE (0.0ms)[0m   [0mSELECT * FROM `categories` WHERE (`categories`.`id` = 2) [0m
  [4;36;1mTag Load (0.0ms)[0m   [0;1mSELECT `tags`.* FROM `tags` INNER JOIN `taggings` ON `tags`.id = `taggings`.tag_id WHERE ((`taggings`.taggable_type = 'Article') AND (`taggings`.taggable_id = 17)) [0m
  [4;35;1mSQL (0.0ms)[0m   [0mSELECT count(`comments`.id) AS count_id FROM `comments` WHERE (commentable_id = 17) [0m
  [4;36;1mCACHE (0.0ms)[0m   [0;1mSELECT * FROM `categories` WHERE (`categories`.`id` = 1) [0m
  [4;35;1mTag Load (0.0ms)[0m   [0mSELECT `tags`.* FROM `tags` INNER JOIN `taggings` ON `tags`.id = `taggings`.tag_id WHERE ((`taggings`.taggable_type = 'Article') AND (`taggings`.taggable_id = 16)) [0m
  [4;36;1mSQL (0.0ms)[0m   [0;1mSELECT count(`comments`.id) AS count_id FROM `comments` WHERE (commentable_id = 16) [0m
  [4;35;1mCACHE (0.0ms)[0m   [0mSELECT * FROM `categories` WHERE (`categories`.`id` = 1) [0m
  [4;36;1mTag Load (0.0ms)[0m   [0;1mSELECT `tags`.* FROM `tags` INNER JOIN `taggings` ON `tags`.id = `taggings`.tag_id WHERE ((`taggings`.taggable_type = 'Article') AND (`taggings`.taggable_id = 15)) [0m
  [4;35;1mSQL (0.0ms)[0m   [0mSELECT count(`comments`.id) AS count_id FROM `comments` WHERE (commentable_id = 15) [0m
  [4;36;1mCACHE (0.0ms)[0m   [0;1mSELECT * FROM `categories` WHERE (`categories`.`id` = 1) [0m
  [4;35;1mTag Load (0.0ms)[0m   [0mSELECT `tags`.* FROM `tags` INNER JOIN `taggings` ON `tags`.id = `taggings`.tag_id WHERE ((`taggings`.taggable_type = 'Article') AND (`taggings`.taggable_id = 14)) [0m
  [4;36;1mSQL (0.0ms)[0m   [0;1mSELECT count(`comments`.id) AS count_id FROM `comments` WHERE (commentable_id = 14) [0m
  [4;35;1mArticle Load (0.0ms)[0m   [0mSELECT * FROM `articles` ORDER BY created_at DESC LIMIT 10[0m
  [4;36;1mComment Load (0.0ms)[0m   [0;1mSELECT * FROM `comments` ORDER BY created_at DESC, created_at ASC LIMIT 10[0m
  [4;35;1mArticle Load (0.0ms)[0m   [0mSELECT * FROM `articles` WHERE (`articles`.`id` = 21) [0m
  [4;36;1mArticle Load (0.0ms)[0m   [0;1mSELECT * FROM `articles` WHERE (`articles`.`id` = 23) [0m
  [4;35;1mCACHE (0.0ms)[0m   [0mSELECT * FROM `articles` WHERE (`articles`.`id` = 21) [0m
  [4;36;1mArticle Load (0.0ms)[0m   [0;1mSELECT * FROM `articles` WHERE (`articles`.`id` = 5) [0m
  [4;35;1mCACHE (0.0ms)[0m   [0mSELECT * FROM `articles` WHERE (`articles`.`id` = 5) [0m
  [4;36;1mCACHE (0.0ms)[0m   [0;1mSELECT * FROM `articles` WHERE (`articles`.`id` = 5) [0m
  [4;35;1mCACHE (0.0ms)[0m   [0mSELECT * FROM `articles` WHERE (`articles`.`id` = 5) [0m
  [4;36;1mCACHE (0.0ms)[0m   [0;1mSELECT * FROM `articles` WHERE (`articles`.`id` = 5) [0m
  [4;35;1mCACHE (0.0ms)[0m   [0mSELECT * FROM `articles` WHERE (`articles`.`id` = 5) [0m
  [4;36;1mCACHE (0.0ms)[0m   [0;1mSELECT * FROM `articles` WHERE (`articles`.`id` = 5) [0m
  [4;35;1mSQL (0.0ms)[0m   [0mSET NAMES 'utf8'[0m
  [4;36;1mSQL (0.0ms)[0m   [0;1mSET SQL_AUTO_IS_NULL=0[0m
  [4;35;1mCategory Load (0.0ms)[0m   [0mSELECT * FROM `categories` [0m
  [4;36;1mArticle Load (0.0ms)[0m   [0;1mSELECT * FROM `articles` ORDER BY created_at DESC LIMIT 0, 10[0m
  [4;35;1mArticle Columns (0.0ms)[0m   [0mSHOW FIELDS FROM `articles`[0m
  [4;36;1mSQL (0.0ms)[0m   [0;1mSELECT count(*) AS count_all FROM `articles` [0m
  [4;35;1mCategory Columns (0.0ms)[0m   [0mSHOW FIELDS FROM `categories`[0m
  [4;36;1mCategory Load (0.0ms)[0m   [0;1mSELECT * FROM `categories` WHERE (`categories`.`id` = 2) [0m
  [4;35;1mTag Load (0.0ms)[0m   [0mSELECT `tags`.* FROM `tags` INNER JOIN `taggings` ON `tags`.id = `taggings`.tag_id WHERE ((`taggings`.taggable_type = 'Article') AND (`taggings`.taggable_id = 23)) [0m
  [4;36;1mComment Columns (0.0ms)[0m   [0;1mSHOW FIELDS FROM `comments`[0m
  [4;35;1mSQL (0.0ms)[0m   [0mSELECT count(`comments`.id) AS count_id FROM `comments` WHERE (commentable_id = 23) [0m
  [4;36;1mCategory Load (0.0ms)[0m   [0;1mSELECT * FROM `categories` WHERE (`categories`.`id` = 1) [0m
  [4;35;1mTag Load (0.0ms)[0m   [0mSELECT `tags`.* FROM `tags` INNER JOIN `taggings` ON `tags`.id = `taggings`.tag_id WHERE ((`taggings`.taggable_type = 'Article') AND (`taggings`.taggable_id = 22)) [0m
  [4;36;1mSQL (0.0ms)[0m   [0;1mSELECT count(`comments`.id) AS count_id FROM `comments` WHERE (commentable_id = 22) [0m
  [4;35;1mCACHE (0.0ms)[0m   [0mSELECT * FROM `categories` WHERE (`categories`.`id` = 2) [0m
  [4;36;1mTag Load (0.0ms)[0m   [0;1mSELECT `tags`.* FROM `tags` INNER JOIN `taggings` ON `tags`.id = `taggings`.tag_id WHERE ((`taggings`.taggable_type = 'Article') AND (`taggings`.taggable_id = 21)) [0m
  [4;35;1mSQL (0.0ms)[0m   [0mSELECT count(`comments`.id) AS count_id FROM `comments` WHERE (commentable_id = 21) [0m
  [4;36;1mCACHE (0.0ms)[0m   [0;1mSELECT * FROM `categories` WHERE (`categories`.`id` = 1) [0m
  [4;35;1mTag Load (0.0ms)[0m   [0mSELECT `tags`.* FROM `tags` INNER JOIN `taggings` ON `tags`.id = `taggings`.tag_id WHERE ((`taggings`.taggable_type = 'Article') AND (`taggings`.taggable_id = 20)) [0m
  [4;36;1mSQL (0.0ms)[0m   [0;1mSELECT count(`comments`.id) AS count_id FROM `comments` WHERE (commentable_id = 20) [0m
  [4;35;1mCACHE (0.0ms)[0m   [0mSELECT * FROM `categories` WHERE (`categories`.`id` = 2) [0m
  [4;36;1mTag Load (0.0ms)[0m   [0;1mSELECT `tags`.* FROM `tags` INNER JOIN `taggings` ON `tags`.id = `taggings`.tag_id WHERE ((`taggings`.taggable_type = 'Article') AND (`taggings`.taggable_id = 19)) [0m
  [4;35;1mSQL (0.0ms)[0m   [0mSELECT count(`comments`.id) AS count_id FROM `comments` WHERE (commentable_id = 19) [0m
  [4;36;1mCACHE (0.0ms)[0m   [0;1mSELECT * FROM `categories` WHERE (`categories`.`id` = 2) [0m
  [4;35;1mTag Load (16.0ms)[0m   [0mSELECT `tags`.* FROM `tags` INNER JOIN `taggings` ON `tags`.id = `taggings`.tag_id WHERE ((`taggings`.taggable_type = 'Article') AND (`taggings`.taggable_id = 18)) [0m
  [4;36;1mSQL (0.0ms)[0m   [0;1mSELECT count(`comments`.id) AS count_id FROM `comments` WHERE (commentable_id = 18) [0m
  [4;35;1mCACHE (0.0ms)[0m   [0mSELECT * FROM `categories` WHERE (`categories`.`id` = 2) [0m
  [4;36;1mTag Load (0.0ms)[0m   [0;1mSELECT `tags`.* FROM `tags` INNER JOIN `taggings` ON `tags`.id = `taggings`.tag_id WHERE ((`taggings`.taggable_type = 'Article') AND (`taggings`.taggable_id = 17)) [0m
  [4;35;1mSQL (0.0ms)[0m   [0mSELECT count(`comments`.id) AS count_id FROM `comments` WHERE (commentable_id = 17) [0m
  [4;36;1mCACHE (0.0ms)[0m   [0;1mSELECT * FROM `categories` WHERE (`categories`.`id` = 1) [0m
  [4;35;1mTag Load (0.0ms)[0m   [0mSELECT `tags`.* FROM `tags` INNER JOIN `taggings` ON `tags`.id = `taggings`.tag_id WHERE ((`taggings`.taggable_type = 'Article') AND (`taggings`.taggable_id = 16)) [0m
  [4;36;1mSQL (0.0ms)[0m   [0;1mSELECT count(`comments`.id) AS count_id FROM `comments` WHERE (commentable_id = 16) [0m
  [4;35;1mCACHE (0.0ms)[0m   [0mSELECT * FROM `categories` WHERE (`categories`.`id` = 1) [0m
  [4;36;1mTag Load (0.0ms)[0m   [0;1mSELECT `tags`.* FROM `tags` INNER JOIN `taggings` ON `tags`.id = `taggings`.tag_id WHERE ((`taggings`.taggable_type = 'Article') AND (`taggings`.taggable_id = 15)) [0m
  [4;35;1mSQL (0.0ms)[0m   [0mSELECT count(`comments`.id) AS count_id FROM `comments` WHERE (commentable_id = 15) [0m
  [4;36;1mCACHE (0.0ms)[0m   [0;1mSELECT * FROM `categories` WHERE (`categories`.`id` = 1) [0m
  [4;35;1mTag Load (0.0ms)[0m   [0mSELECT `tags`.* FROM `tags` INNER JOIN `taggings` ON `tags`.id = `taggings`.tag_id WHERE ((`taggings`.taggable_type = 'Article') AND (`taggings`.taggable_id = 14)) [0m
  [4;36;1mSQL (0.0ms)[0m   [0;1mSELECT count(`comments`.id) AS count_id FROM `comments` WHERE (commentable_id = 14) [0m
  [4;35;1mArticle Load (0.0ms)[0m   [0mSELECT * FROM `articles` ORDER BY created_at DESC LIMIT 10[0m
  [4;36;1mComment Load (0.0ms)[0m   [0;1mSELECT * FROM `comments` ORDER BY created_at DESC, created_at ASC LIMIT 10[0m
  [4;35;1mArticle Load (0.0ms)[0m   [0mSELECT * FROM `articles` WHERE (`articles`.`id` = 21) [0m
  [4;36;1mArticle Load (0.0ms)[0m   [0;1mSELECT * FROM `articles` WHERE (`articles`.`id` = 23) [0m
  [4;35;1mCACHE (0.0ms)[0m   [0mSELECT * FROM `articles` WHERE (`articles`.`id` = 21) [0m
  [4;36;1mArticle Load (0.0ms)[0m   [0;1mSELECT * FROM `articles` WHERE (`articles`.`id` = 5) [0m
  [4;35;1mCACHE (0.0ms)[0m   [0mSELECT * FROM `articles` WHERE (`articles`.`id` = 5) [0m
  [4;36;1mCACHE (0.0ms)[0m   [0;1mSELECT * FROM `articles` WHERE (`articles`.`id` = 5) [0m
  [4;35;1mCACHE (0.0ms)[0m   [0mSELECT * FROM `articles` WHERE (`articles`.`id` = 5) [0m
  [4;36;1mCACHE (0.0ms)[0m   [0;1mSELECT * FROM `articles` WHERE (`articles`.`id` = 5) [0m
  [4;35;1mCACHE (0.0ms)[0m   [0mSELECT * FROM `articles` WHERE (`articles`.`id` = 5) [0m
  [4;36;1mCACHE (0.0ms)[0m   [0;1mSELECT * FROM `articles` WHERE (`articles`.`id` = 5) [0m
  [4;35;1mSQL (0.0ms)[0m   [0mSET NAMES 'utf8'[0m
  [4;36;1mSQL (0.0ms)[0m   [0;1mSET SQL_AUTO_IS_NULL=0[0m
  [4;35;1mArticle Load (15.0ms)[0m   [0mSELECT * FROM `articles` ORDER BY created_at DESC[0m
  [4;36;1mArticle Columns (16.0ms)[0m   [0;1mSHOW FIELDS FROM `articles`[0m
  [4;35;1mSQL (0.0ms)[0m   [0mSET NAMES 'utf8'[0m
  [4;36;1mSQL (0.0ms)[0m   [0;1mSET SQL_AUTO_IS_NULL=0[0m
  [4;35;1mSQL (0.0ms)[0m   [0mSET NAMES 'utf8'[0m
  [4;36;1mSQL (0.0ms)[0m   [0;1mSET SQL_AUTO_IS_NULL=0[0m
  [4;35;1mArticle Load (0.0ms)[0m   [0mSELECT * FROM `articles` ORDER BY created_at DESC[0m
  [4;36;1mArticle Columns (0.0ms)[0m   [0;1mSHOW FIELDS FROM `articles`[0m
  [4;35;1mSQL (0.0ms)[0m   [0mSET NAMES 'utf8'[0m
  [4;36;1mSQL (0.0ms)[0m   [0;1mSET SQL_AUTO_IS_NULL=0[0m
  [4;35;1mCategory Load (0.0ms)[0m   [0mSELECT * FROM `categories` [0m
  [4;36;1mArticle Load (0.0ms)[0m   [0;1mSELECT * FROM `articles` ORDER BY created_at DESC LIMIT 0, 10[0m
  [4;35;1mArticle Columns (0.0ms)[0m   [0mSHOW FIELDS FROM `articles`[0m
  [4;36;1mSQL (0.0ms)[0m   [0;1mSELECT count(*) AS count_all FROM `articles` [0m
  [4;35;1mCategory Columns (0.0ms)[0m   [0mSHOW FIELDS FROM `categories`[0m
  [4;36;1mCategory Load (0.0ms)[0m   [0;1mSELECT * FROM `categories` WHERE (`categories`.`id` = 2) [0m
  [4;35;1mTag Load (0.0ms)[0m   [0mSELECT `tags`.* FROM `tags` INNER JOIN `taggings` ON `tags`.id = `taggings`.tag_id WHERE ((`taggings`.taggable_type = 'Article') AND (`taggings`.taggable_id = 23)) [0m
  [4;36;1mComment Columns (0.0ms)[0m   [0;1mSHOW FIELDS FROM `comments`[0m
  [4;35;1mSQL (0.0ms)[0m   [0mSELECT count(`comments`.id) AS count_id FROM `comments` WHERE (commentable_id = 23) [0m
  [4;36;1mCategory Load (0.0ms)[0m   [0;1mSELECT * FROM `categories` WHERE (`categories`.`id` = 1) [0m
  [4;35;1mTag Load (0.0ms)[0m   [0mSELECT `tags`.* FROM `tags` INNER JOIN `taggings` ON `tags`.id = `taggings`.tag_id WHERE ((`taggings`.taggable_type = 'Article') AND (`taggings`.taggable_id = 22)) [0m
  [4;36;1mSQL (0.0ms)[0m   [0;1mSELECT count(`comments`.id) AS count_id FROM `comments` WHERE (commentable_id = 22) [0m
  [4;35;1mCACHE (0.0ms)[0m   [0mSELECT * FROM `categories` WHERE (`categories`.`id` = 2) [0m
  [4;36;1mTag Load (0.0ms)[0m   [0;1mSELECT `tags`.* FROM `tags` INNER JOIN `taggings` ON `tags`.id = `taggings`.tag_id WHERE ((`taggings`.taggable_type = 'Article') AND (`taggings`.taggable_id = 21)) [0m
  [4;35;1mSQL (0.0ms)[0m   [0mSELECT count(`comments`.id) AS count_id FROM `comments` WHERE (commentable_id = 21) [0m
  [4;36;1mCACHE (0.0ms)[0m   [0;1mSELECT * FROM `categories` WHERE (`categories`.`id` = 1) [0m
  [4;35;1mTag Load (0.0ms)[0m   [0mSELECT `tags`.* FROM `tags` INNER JOIN `taggings` ON `tags`.id = `taggings`.tag_id WHERE ((`taggings`.taggable_type = 'Article') AND (`taggings`.taggable_id = 20)) [0m
  [4;36;1mSQL (0.0ms)[0m   [0;1mSELECT count(`comments`.id) AS count_id FROM `comments` WHERE (commentable_id = 20) [0m
  [4;35;1mCACHE (0.0ms)[0m   [0mSELECT * FROM `categories` WHERE (`categories`.`id` = 2) [0m
  [4;36;1mTag Load (0.0ms)[0m   [0;1mSELECT `tags`.* FROM `tags` INNER JOIN `taggings` ON `tags`.id = `taggings`.tag_id WHERE ((`taggings`.taggable_type = 'Article') AND (`taggings`.taggable_id = 19)) [0m
  [4;35;1mSQL (0.0ms)[0m   [0mSELECT count(`comments`.id) AS count_id FROM `comments` WHERE (commentable_id = 19) [0m
  [4;36;1mCACHE (0.0ms)[0m   [0;1mSELECT * FROM `categories` WHERE (`categories`.`id` = 2) [0m
  [4;35;1mTag Load (0.0ms)[0m   [0mSELECT `tags`.* FROM `tags` INNER JOIN `taggings` ON `tags`.id = `taggings`.tag_id WHERE ((`taggings`.taggable_type = 'Article') AND (`taggings`.taggable_id = 18)) [0m
  [4;36;1mSQL (0.0ms)[0m   [0;1mSELECT count(`comments`.id) AS count_id FROM `comments` WHERE (commentable_id = 18) [0m
  [4;35;1mCACHE (0.0ms)[0m   [0mSELECT * FROM `categories` WHERE (`categories`.`id` = 2) [0m
  [4;36;1mTag Load (0.0ms)[0m   [0;1mSELECT `tags`.* FROM `tags` INNER JOIN `taggings` ON `tags`.id = `taggings`.tag_id WHERE ((`taggings`.taggable_type = 'Article') AND (`taggings`.taggable_id = 17)) [0m
  [4;35;1mSQL (0.0ms)[0m   [0mSELECT count(`comments`.id) AS count_id FROM `comments` WHERE (commentable_id = 17) [0m
  [4;36;1mCACHE (0.0ms)[0m   [0;1mSELECT * FROM `categories` WHERE (`categories`.`id` = 1) [0m
  [4;35;1mTag Load (0.0ms)[0m   [0mSELECT `tags`.* FROM `tags` INNER JOIN `taggings` ON `tags`.id = `taggings`.tag_id WHERE ((`taggings`.taggable_type = 'Article') AND (`taggings`.taggable_id = 16)) [0m
  [4;36;1mSQL (0.0ms)[0m   [0;1mSELECT count(`comments`.id) AS count_id FROM `comments` WHERE (commentable_id = 16) [0m
  [4;35;1mCACHE (0.0ms)[0m   [0mSELECT * FROM `categories` WHERE (`categories`.`id` = 1) [0m
  [4;36;1mTag Load (0.0ms)[0m   [0;1mSELECT `tags`.* FROM `tags` INNER JOIN `taggings` ON `tags`.id = `taggings`.tag_id WHERE ((`taggings`.taggable_type = 'Article') AND (`taggings`.taggable_id = 15)) [0m
  [4;35;1mSQL (0.0ms)[0m   [0mSELECT count(`comments`.id) AS count_id FROM `comments` WHERE (commentable_id = 15) [0m
  [4;36;1mCACHE (0.0ms)[0m   [0;1mSELECT * FROM `categories` WHERE (`categories`.`id` = 1) [0m
  [4;35;1mTag Load (0.0ms)[0m   [0mSELECT `tags`.* FROM `tags` INNER JOIN `taggings` ON `tags`.id = `taggings`.tag_id WHERE ((`taggings`.taggable_type = 'Article') AND (`taggings`.taggable_id = 14)) [0m
  [4;36;1mSQL (0.0ms)[0m   [0;1mSELECT count(`comments`.id) AS count_id FROM `comments` WHERE (commentable_id = 14) [0m
  [4;35;1mArticle Load (0.0ms)[0m   [0mSELECT * FROM `articles` ORDER BY created_at DESC LIMIT 10[0m
  [4;36;1mComment Load (0.0ms)[0m   [0;1mSELECT * FROM `comments` ORDER BY created_at DESC, created_at ASC LIMIT 10[0m
  [4;35;1mArticle Load (0.0ms)[0m   [0mSELECT * FROM `articles` WHERE (`articles`.`id` = 21) [0m
  [4;36;1mArticle Load (0.0ms)[0m   [0;1mSELECT * FROM `articles` WHERE (`articles`.`id` = 23) [0m
  [4;35;1mCACHE (0.0ms)[0m   [0mSELECT * FROM `articles` WHERE (`articles`.`id` = 21) [0m
  [4;36;1mArticle Load (0.0ms)[0m   [0;1mSELECT * FROM `articles` WHERE (`articles`.`id` = 5) [0m
  [4;35;1mCACHE (0.0ms)[0m   [0mSELECT * FROM `articles` WHERE (`articles`.`id` = 5) [0m
  [4;36;1mCACHE (0.0ms)[0m   [0;1mSELECT * FROM `articles` WHERE (`articles`.`id` = 5) [0m
  [4;35;1mCACHE (0.0ms)[0m   [0mSELECT * FROM `articles` WHERE (`articles`.`id` = 5) [0m
  [4;36;1mCACHE (0.0ms)[0m   [0;1mSELECT * FROM `articles` WHERE (`articles`.`id` = 5) [0m
  [4;35;1mCACHE (0.0ms)[0m   [0mSELECT * FROM `articles` WHERE (`articles`.`id` = 5) [0m
  [4;36;1mCACHE (0.0ms)[0m   [0;1mSELECT * FROM `articles` WHERE (`articles`.`id` = 5) [0m
  [4;35;1mSQL (0.0ms)[0m   [0mSET NAMES 'utf8'[0m
  [4;36;1mSQL (0.0ms)[0m   [0;1mSET SQL_AUTO_IS_NULL=0[0m
  [4;35;1mArticle Load (0.0ms)[0m   [0mSELECT * FROM `articles` ORDER BY created_at DESC[0m
  [4;36;1mArticle Columns (16.0ms)[0m   [0;1mSHOW FIELDS FROM `articles`[0m
  [4;35;1mSQL (0.0ms)[0m   [0mSET NAMES 'utf8'[0m
  [4;36;1mSQL (0.0ms)[0m   [0;1mSET SQL_AUTO_IS_NULL=0[0m
  [4;35;1mArticle Load (0.0ms)[0m   [0mSELECT * FROM `articles` WHERE (category_id = '5') ORDER BY created_at DESC[0m
  [4;36;1mSQL (0.0ms)[0m   [0;1mSET NAMES 'utf8'[0m
  [4;35;1mSQL (0.0ms)[0m   [0mSET SQL_AUTO_IS_NULL=0[0m
  [4;36;1mSQL (0.0ms)[0m   [0;1mSHOW TABLES[0m
  [4;35;1mSQL (15.0ms)[0m   [0mSELECT version FROM schema_migrations[0m
Migrating to CreateArticles (20091012145421)
Migrating to CreateCategories (20091016114701)
Migrating to AddCategoryIdToArticles (20091023023820)
Migrating to ActsAsTaggableMigration (20091023125036)
Migrating to CreateComments (20091102041841)
Migrating to CreateUsers (20091107051238)
Migrating to CreateSessions (20091107090419)
Migrating to AddAttachmentsStuffToArticle (20091110092019)
Migrating to CreatePics (20091125095745)
Migrating to AddCateableTypeToCategories (20091130103727)
Migrating to AddPicCategoryIdToPics (20091130104236)
Migrating to AddCategoryIdToPics (20091201171947)
Migrating to AddUrlAddressToPics (20091202083512)
  [4;36;1mSQL (125.0ms)[0m   [0;1mALTER TABLE `pics` ADD `url_address` varchar(255)[0m
  [4;35;1mSQL (0.0ms)[0m   [0mINSERT INTO schema_migrations (version) VALUES ('20091202083512')[0m
Migrating to CreateShares (20091205072514)
  [4;36;1mSQL (0.0ms)[0m   [0;1mCREATE TABLE `shares` (`id` int(11) DEFAULT NULL auto_increment PRIMARY KEY, `stuff_file_name` varchar(255), `stuff_content_type` varchar(255), `stuff_file_size` int(11), `created_at` datetime, `updated_at` datetime) ENGINE=InnoDB[0m
  [4;35;1mSQL (0.0ms)[0m   [0mINSERT INTO schema_migrations (version) VALUES ('20091205072514')[0m
Migrating to RemoveStuffFormArticles (20091205080946)
  [4;36;1mSQL (31.0ms)[0m   [0;1mALTER TABLE `articles` DROP `stuff_file_name`[0m
  [4;35;1mSQL (16.0ms)[0m   [0mALTER TABLE `articles` DROP `stuff_content_type`[0m
  [4;36;1mSQL (16.0ms)[0m   [0;1mALTER TABLE `articles` DROP `stuff_file_size`[0m
  [4;35;1mSQL (16.0ms)[0m   [0mALTER TABLE `articles` DROP `stuff_updated_at`[0m
  [4;36;1mSQL (0.0ms)[0m   [0;1mINSERT INTO schema_migrations (version) VALUES ('20091205080946')[0m
  [4;35;1mSQL (15.0ms)[0m   [0mSHOW TABLES[0m
  [4;36;1mSQL (0.0ms)[0m   [0;1mSELECT version FROM schema_migrations[0m
  [4;35;1mSQL (0.0ms)[0m   [0mSHOW TABLES[0m
  [4;36;1mSQL (0.0ms)[0m   [0;1mSHOW FIELDS FROM `articles`[0m
  [4;35;1mSQL (16.0ms)[0m   [0mdescribe `articles`[0m
  [4;36;1mSQL (0.0ms)[0m   [0;1mSHOW KEYS FROM `articles`[0m
  [4;35;1mSQL (16.0ms)[0m   [0mSHOW FIELDS FROM `categories`[0m
  [4;36;1mSQL (0.0ms)[0m   [0;1mdescribe `categories`[0m
  [4;35;1mSQL (0.0ms)[0m   [0mSHOW KEYS FROM `categories`[0m
  [4;36;1mSQL (0.0ms)[0m   [0;1mSHOW FIELDS FROM `comments`[0m
  [4;35;1mSQL (0.0ms)[0m   [0mdescribe `comments`[0m
  [4;36;1mSQL (0.0ms)[0m   [0;1mSHOW KEYS FROM `comments`[0m
  [4;35;1mSQL (16.0ms)[0m   [0mSHOW FIELDS FROM `pics`[0m
  [4;36;1mSQL (0.0ms)[0m   [0;1mdescribe `pics`[0m
  [4;35;1mSQL (0.0ms)[0m   [0mSHOW KEYS FROM `pics`[0m
  [4;36;1mSQL (15.0ms)[0m   [0;1mSHOW FIELDS FROM `sessions`[0m
  [4;35;1mSQL (16.0ms)[0m   [0mdescribe `sessions`[0m
  [4;36;1mSQL (0.0ms)[0m   [0;1mSHOW KEYS FROM `sessions`[0m
  [4;35;1mSQL (0.0ms)[0m   [0mSHOW FIELDS FROM `shares`[0m
  [4;36;1mSQL (16.0ms)[0m   [0;1mdescribe `shares`[0m
  [4;35;1mSQL (0.0ms)[0m   [0mSHOW KEYS FROM `shares`[0m
  [4;36;1mSQL (0.0ms)[0m   [0;1mSHOW FIELDS FROM `taggings`[0m
  [4;35;1mSQL (0.0ms)[0m   [0mdescribe `taggings`[0m
  [4;36;1mSQL (0.0ms)[0m   [0;1mSHOW KEYS FROM `taggings`[0m
  [4;35;1mSQL (0.0ms)[0m   [0mSHOW FIELDS FROM `tags`[0m
  [4;36;1mSQL (0.0ms)[0m   [0;1mdescribe `tags`[0m
  [4;35;1mSQL (0.0ms)[0m   [0mSHOW KEYS FROM `tags`[0m
  [4;36;1mSQL (0.0ms)[0m   [0;1mSHOW FIELDS FROM `users`[0m
  [4;35;1mSQL (0.0ms)[0m   [0mdescribe `users`[0m
  [4;36;1mSQL (16.0ms)[0m   [0;1mSHOW KEYS FROM `users`[0m
  [4;36;1mSQL (0.0ms)[0m   [0;1mSET NAMES 'utf8'[0m
  [4;35;1mSQL (0.0ms)[0m   [0mSET SQL_AUTO_IS_NULL=0[0m
  [4;36;1mSQL (0.0ms)[0m   [0;1mSET NAMES 'utf8'[0m
  [4;35;1mSQL (0.0ms)[0m   [0mSET SQL_AUTO_IS_NULL=0[0m
  [4;36;1mArticle Load (0.0ms)[0m   [0;1mSELECT * FROM `articles` ORDER BY created_at DESC[0m
  [4;35;1mArticle Columns (0.0ms)[0m   [0mSHOW FIELDS FROM `articles`[0m
  [4;36;1mSQL (0.0ms)[0m   [0;1mSET NAMES 'utf8'[0m
  [4;35;1mSQL (0.0ms)[0m   [0mSET SQL_AUTO_IS_NULL=0[0m
  [4;36;1mSQL (0.0ms)[0m   [0;1mSET NAMES 'utf8'[0m
  [4;35;1mSQL (0.0ms)[0m   [0mSET SQL_AUTO_IS_NULL=0[0m
  [4;36;1mSQL (0.0ms)[0m   [0;1mSET NAMES 'utf8'[0m
  [4;35;1mSQL (0.0ms)[0m   [0mSET SQL_AUTO_IS_NULL=0[0m
  [4;36;1mSQL (0.0ms)[0m   [0;1mSET NAMES 'utf8'[0m
  [4;35;1mSQL (0.0ms)[0m   [0mSET SQL_AUTO_IS_NULL=0[0m
  [4;36;1mSQL (0.0ms)[0m   [0;1mSET NAMES 'utf8'[0m
  [4;35;1mSQL (0.0ms)[0m   [0mSET SQL_AUTO_IS_NULL=0[0m
  [4;36;1mSQL (0.0ms)[0m   [0;1mSET NAMES 'utf8'[0m
  [4;35;1mSQL (0.0ms)[0m   [0mSET SQL_AUTO_IS_NULL=0[0m
  [4;36;1mSQL (0.0ms)[0m   [0;1mSET NAMES 'utf8'[0m
  [4;35;1mSQL (0.0ms)[0m   [0mSET SQL_AUTO_IS_NULL=0[0m
  [4;36;1mSQL (0.0ms)[0m   [0;1mSET NAMES 'utf8'[0m
  [4;35;1mSQL (0.0ms)[0m   [0mSET SQL_AUTO_IS_NULL=0[0m
  [4;36;1mSQL (0.0ms)[0m   [0;1mSET NAMES 'utf8'[0m
  [4;35;1mSQL (0.0ms)[0m   [0mSET SQL_AUTO_IS_NULL=0[0m
  [4;36;1mSQL (0.0ms)[0m   [0;1mSET NAMES 'utf8'[0m
  [4;35;1mSQL (0.0ms)[0m   [0mSET SQL_AUTO_IS_NULL=0[0m
  [4;36;1mSQL (0.0ms)[0m   [0;1mSET NAMES 'utf8'[0m
  [4;35;1mSQL (0.0ms)[0m   [0mSET SQL_AUTO_IS_NULL=0[0m
  [4;36;1mSQL (0.0ms)[0m   [0;1mSET NAMES 'utf8'[0m
  [4;35;1mSQL (0.0ms)[0m   [0mSET SQL_AUTO_IS_NULL=0[0m
  [4;36;1mSQL (0.0ms)[0m   [0;1mSET NAMES 'utf8'[0m
  [4;35;1mSQL (0.0ms)[0m   [0mSET SQL_AUTO_IS_NULL=0[0m
  [4;36;1mShare Columns (0.0ms)[0m   [0;1mSHOW FIELDS FROM `shares`[0m
  [4;35;1mSQL (31.0ms)[0m   [0mBEGIN[0m
  [4;36;1mShare Create (0.0ms)[0m   [0;1mINSERT INTO `shares` (`stuff_content_type`, `updated_at`, `stuff_file_name`, `stuff_file_size`, `created_at`) VALUES('unknown/unknown', '2009-12-05 08:24:33', 'clearbox.rar', 1381462, '2009-12-05 08:24:33')[0m
[paperclip] Saving attachments.
[paperclip] saving E:/zblog/public/system/stuffs/1/original/clearbox.rar
  [4;35;1mSQL (0.0ms)[0m   [0mCOMMIT[0m
  [4;36;1mSQL (0.0ms)[0m   [0;1mSET NAMES 'utf8'[0m
  [4;35;1mSQL (0.0ms)[0m   [0mSET SQL_AUTO_IS_NULL=0[0m
  [4;36;1mSQL (0.0ms)[0m   [0;1mSET NAMES 'utf8'[0m
  [4;35;1mSQL (0.0ms)[0m   [0mSET SQL_AUTO_IS_NULL=0[0m
  [4;36;1mShare Columns (0.0ms)[0m   [0;1mSHOW FIELDS FROM `shares`[0m
  [4;35;1mSQL (0.0ms)[0m   [0mBEGIN[0m
  [4;36;1mShare Create (0.0ms)[0m   [0;1mINSERT INTO `shares` (`stuff_content_type`, `updated_at`, `stuff_file_name`, `stuff_file_size`, `created_at`) VALUES('unknown/unknown', '2009-12-05 08:26:10', 'clearbox.rar', 1381462, '2009-12-05 08:26:10')[0m
[paperclip] Saving attachments.
[paperclip] saving E:/zblog/public/system/stuffs/2/original/clearbox.rar
  [4;35;1mSQL (0.0ms)[0m   [0mCOMMIT[0m
  [4;36;1mSQL (0.0ms)[0m   [0;1mSET NAMES 'utf8'[0m
  [4;35;1mSQL (0.0ms)[0m   [0mSET SQL_AUTO_IS_NULL=0[0m
  [4;36;1mSQL (0.0ms)[0m   [0;1mSET NAMES 'utf8'[0m
  [4;35;1mSQL (0.0ms)[0m   [0mSET SQL_AUTO_IS_NULL=0[0m
  [4;36;1mSQL (0.0ms)[0m   [0;1mSET NAMES 'utf8'[0m
  [4;35;1mSQL (0.0ms)[0m   [0mSET SQL_AUTO_IS_NULL=0[0m
  [4;36;1mSQL (0.0ms)[0m   [0;1mSET NAMES 'utf8'[0m
  [4;35;1mSQL (0.0ms)[0m   [0mSET SQL_AUTO_IS_NULL=0[0m
  [4;36;1mSQL (0.0ms)[0m   [0;1mSET NAMES 'utf8'[0m
  [4;35;1mSQL (0.0ms)[0m   [0mSET SQL_AUTO_IS_NULL=0[0m
  [4;36;1mSQL (0.0ms)[0m   [0;1mSET NAMES 'utf8'[0m
  [4;35;1mSQL (0.0ms)[0m   [0mSET SQL_AUTO_IS_NULL=0[0m
  [4;36;1mShare Columns (0.0ms)[0m   [0;1mSHOW FIELDS FROM `shares`[0m
  [4;35;1mSQL (0.0ms)[0m   [0mBEGIN[0m
  [4;36;1mShare Create (0.0ms)[0m   [0;1mINSERT INTO `shares` (`stuff_content_type`, `updated_at`, `stuff_file_name`, `stuff_file_size`, `created_at`) VALUES('unknown/unknown', '2009-12-05 08:37:29', 'clearbox.rar', 1381462, '2009-12-05 08:37:29')[0m
[paperclip] Saving attachments.
[paperclip] saving E:/zblog/public/uploads/stuffs/3/original/clearbox.rar
  [4;35;1mSQL (16.0ms)[0m   [0mCOMMIT[0m
  [4;36;1mSQL (0.0ms)[0m   [0;1mSET NAMES 'utf8'[0m
  [4;35;1mSQL (0.0ms)[0m   [0mSET SQL_AUTO_IS_NULL=0[0m
  [4;36;1mShare Columns (0.0ms)[0m   [0;1mSHOW FIELDS FROM `shares`[0m
  [4;35;1mSQL (0.0ms)[0m   [0mBEGIN[0m
  [4;36;1mShare Create (0.0ms)[0m   [0;1mINSERT INTO `shares` (`stuff_content_type`, `updated_at`, `stuff_file_name`, `stuff_file_size`, `created_at`) VALUES('unknown/unknown', '2009-12-05 08:38:42', 'clearbox.rar', 1381462, '2009-12-05 08:38:42')[0m
[paperclip] Saving attachments.
[paperclip] saving E:/zblog/public/uploads/stuffs/4/original/clearbox.rar
  [4;35;1mSQL (0.0ms)[0m   [0mCOMMIT[0m
  [4;36;1mSQL (0.0ms)[0m   [0;1mSET NAMES 'utf8'[0m
  [4;35;1mSQL (0.0ms)[0m   [0mSET SQL_AUTO_IS_NULL=0[0m
  [4;36;1mSQL (0.0ms)[0m   [0;1mSET NAMES 'utf8'[0m
  [4;35;1mSQL (0.0ms)[0m   [0mSET SQL_AUTO_IS_NULL=0[0m
  [4;36;1mShare Columns (0.0ms)[0m   [0;1mSHOW FIELDS FROM `shares`[0m
  [4;35;1mSQL (0.0ms)[0m   [0mBEGIN[0m
  [4;36;1mSQL (0.0ms)[0m   [0;1mROLLBACK[0m
  [4;35;1mSQL (0.0ms)[0m   [0mSET NAMES 'utf8'[0m
  [4;36;1mSQL (0.0ms)[0m   [0;1mSET SQL_AUTO_IS_NULL=0[0m
  [4;35;1mSQL (0.0ms)[0m   [0mSET NAMES 'utf8'[0m
  [4;36;1mSQL (0.0ms)[0m   [0;1mSET SQL_AUTO_IS_NULL=0[0m
  [4;35;1mSQL (0.0ms)[0m   [0mSET NAMES 'utf8'[0m
  [4;36;1mSQL (0.0ms)[0m   [0;1mSET SQL_AUTO_IS_NULL=0[0m
  [4;35;1mShare Columns (0.0ms)[0m   [0mSHOW FIELDS FROM `shares`[0m
  [4;36;1mSQL (0.0ms)[0m   [0;1mBEGIN[0m
  [4;35;1mSQL (0.0ms)[0m   [0mROLLBACK[0m
  [4;36;1mSQL (0.0ms)[0m   [0;1mSET NAMES 'utf8'[0m
  [4;35;1mSQL (0.0ms)[0m   [0mSET SQL_AUTO_IS_NULL=0[0m
  [4;36;1mSQL (0.0ms)[0m   [0;1mSET NAMES 'utf8'[0m
  [4;35;1mSQL (0.0ms)[0m   [0mSET SQL_AUTO_IS_NULL=0[0m
  [4;36;1mShare Columns (0.0ms)[0m   [0;1mSHOW FIELDS FROM `shares`[0m
  [4;35;1mSQL (0.0ms)[0m   [0mBEGIN[0m
  [4;36;1mSQL (0.0ms)[0m   [0;1mROLLBACK[0m
  [4;35;1mSQL (16.0ms)[0m   [0mSET NAMES 'utf8'[0m
  [4;36;1mSQL (0.0ms)[0m   [0;1mSET SQL_AUTO_IS_NULL=0[0m
  [4;35;1mSQL (0.0ms)[0m   [0mSET NAMES 'utf8'[0m
  [4;36;1mSQL (0.0ms)[0m   [0;1mSET SQL_AUTO_IS_NULL=0[0m
  [4;35;1mSQL (0.0ms)[0m   [0mSET NAMES 'utf8'[0m
  [4;36;1mSQL (0.0ms)[0m   [0;1mSET SQL_AUTO_IS_NULL=0[0m
  [4;35;1mShare Columns (0.0ms)[0m   [0mSHOW FIELDS FROM `shares`[0m
  [4;36;1mSQL (0.0ms)[0m   [0;1mBEGIN[0m
  [4;35;1mShare Create (15.0ms)[0m   [0mINSERT INTO `shares` (`stuff_content_type`, `updated_at`, `stuff_file_name`, `stuff_file_size`, `created_at`) VALUES('application/x-zip-compressed', '2009-12-05 08:47:22', 'nicEdit-9a421d0f121556dc6f9894558d06266b.zip', 14721, '2009-12-05 08:47:22')[0m
[paperclip] Saving attachments.
[paperclip] saving E:/zblog/public/uploads/stuffs/5/original/nicEdit-9a421d0f121556dc6f9894558d06266b.zip
  [4;36;1mSQL (0.0ms)[0m   [0;1mCOMMIT[0m
