# Logfile created on Mon Nov 30 12:43:43 +0800 2009 by /
  [4;36;1mSQL (47.0ms)[0m   [0;1mSET NAMES 'utf8'[0m
  [4;35;1mSQL (16.0ms)[0m   [0mSET SQL_AUTO_IS_NULL=0[0m
  [4;36;1mCategory Load (109.0ms)[0m   [0;1mSELECT * FROM `categories` [0m
  [4;35;1mArticle Load (31.0ms)[0m   [0mSELECT * FROM `articles` ORDER BY created_at DESC LIMIT 0, 10[0m
  [4;36;1mArticle Columns (31.0ms)[0m   [0;1mSHOW FIELDS FROM `articles`[0m
  [4;35;1mSQL (16.0ms)[0m   [0mSELECT count(*) AS count_all FROM `articles` [0m
  [4;36;1mCategory Columns (0.0ms)[0m   [0;1mSHOW FIELDS FROM `categories`[0m
  [4;35;1mCategory Load (32.0ms)[0m   [0mSELECT * FROM `categories` WHERE (`categories`.`id` = 2) [0m
  [4;36;1mTagging Columns (94.0ms)[0m   [0;1mSHOW FIELDS FROM `taggings`[0m
  [4;35;1mTag Load (62.0ms)[0m   [0mSELECT `tags`.* FROM `tags` INNER JOIN `taggings` ON `tags`.id = `taggings`.tag_id WHERE ((`taggings`.taggable_type = 'Article') AND (`taggings`.taggable_id = 23)) [0m
  [4;36;1mComment Columns (47.0ms)[0m   [0;1mSHOW FIELDS FROM `comments`[0m
  [4;35;1mSQL (0.0ms)[0m   [0mSELECT count(`comments`.id) AS count_id FROM `comments` WHERE (commentable_id = 23) [0m
  [4;36;1mCategory Load (0.0ms)[0m   [0;1mSELECT * FROM `categories` WHERE (`categories`.`id` = 1) [0m
  [4;35;1mTag Load (0.0ms)[0m   [0mSELECT `tags`.* FROM `tags` INNER JOIN `taggings` ON `tags`.id = `taggings`.tag_id WHERE ((`taggings`.taggable_type = 'Article') AND (`taggings`.taggable_id = 22)) [0m
  [4;36;1mSQL (0.0ms)[0m   [0;1mSELECT count(`comments`.id) AS count_id FROM `comments` WHERE (commentable_id = 22) [0m
  [4;35;1mCACHE (0.0ms)[0m   [0mSELECT * FROM `categories` WHERE (`categories`.`id` = 2) [0m
  [4;36;1mTag Load (0.0ms)[0m   [0;1mSELECT `tags`.* FROM `tags` INNER JOIN `taggings` ON `tags`.id = `taggings`.tag_id WHERE ((`taggings`.taggable_type = 'Article') AND (`taggings`.taggable_id = 21)) [0m
  [4;35;1mSQL (0.0ms)[0m   [0mSELECT count(`comments`.id) AS count_id FROM `comments` WHERE (commentable_id = 21) [0m
  [4;36;1mCACHE (0.0ms)[0m   [0;1mSELECT * FROM `categories` WHERE (`categories`.`id` = 1) [0m
  [4;35;1mTag Load (0.0ms)[0m   [0mSELECT `tags`.* FROM `tags` INNER JOIN `taggings` ON `tags`.id = `taggings`.tag_id WHERE ((`taggings`.taggable_type = 'Article') AND (`taggings`.taggable_id = 20)) [0m
  [4;36;1mSQL (0.0ms)[0m   [0;1mSELECT count(`comments`.id) AS count_id FROM `comments` WHERE (commentable_id = 20) [0m
  [4;35;1mCACHE (0.0ms)[0m   [0mSELECT * FROM `categories` WHERE (`categories`.`id` = 2) [0m
  [4;36;1mTag Load (0.0ms)[0m   [0;1mSELECT `tags`.* FROM `tags` INNER JOIN `taggings` ON `tags`.id = `taggings`.tag_id WHERE ((`taggings`.taggable_type = 'Article') AND (`taggings`.taggable_id = 19)) [0m
  [4;35;1mSQL (0.0ms)[0m   [0mSELECT count(`comments`.id) AS count_id FROM `comments` WHERE (commentable_id = 19) [0m
  [4;36;1mCACHE (0.0ms)[0m   [0;1mSELECT * FROM `categories` WHERE (`categories`.`id` = 2) [0m
  [4;35;1mTag Load (0.0ms)[0m   [0mSELECT `tags`.* FROM `tags` INNER JOIN `taggings` ON `tags`.id = `taggings`.tag_id WHERE ((`taggings`.taggable_type = 'Article') AND (`taggings`.taggable_id = 18)) [0m
  [4;36;1mSQL (0.0ms)[0m   [0;1mSELECT count(`comments`.id) AS count_id FROM `comments` WHERE (commentable_id = 18) [0m
  [4;35;1mCACHE (0.0ms)[0m   [0mSELECT * FROM `categories` WHERE (`categories`.`id` = 2) [0m
  [4;36;1mTag Load (0.0ms)[0m   [0;1mSELECT `tags`.* FROM `tags` INNER JOIN `taggings` ON `tags`.id = `taggings`.tag_id WHERE ((`taggings`.taggable_type = 'Article') AND (`taggings`.taggable_id = 17)) [0m
  [4;35;1mSQL (0.0ms)[0m   [0mSELECT count(`comments`.id) AS count_id FROM `comments` WHERE (commentable_id = 17) [0m
  [4;36;1mCACHE (0.0ms)[0m   [0;1mSELECT * FROM `categories` WHERE (`categories`.`id` = 1) [0m
  [4;35;1mTag Load (0.0ms)[0m   [0mSELECT `tags`.* FROM `tags` INNER JOIN `taggings` ON `tags`.id = `taggings`.tag_id WHERE ((`taggings`.taggable_type = 'Article') AND (`taggings`.taggable_id = 16)) [0m
  [4;36;1mSQL (0.0ms)[0m   [0;1mSELECT count(`comments`.id) AS count_id FROM `comments` WHERE (commentable_id = 16) [0m
  [4;35;1mCACHE (0.0ms)[0m   [0mSELECT * FROM `categories` WHERE (`categories`.`id` = 1) [0m
  [4;36;1mTag Load (0.0ms)[0m   [0;1mSELECT `tags`.* FROM `tags` INNER JOIN `taggings` ON `tags`.id = `taggings`.tag_id WHERE ((`taggings`.taggable_type = 'Article') AND (`taggings`.taggable_id = 15)) [0m
  [4;35;1mSQL (0.0ms)[0m   [0mSELECT count(`comments`.id) AS count_id FROM `comments` WHERE (commentable_id = 15) [0m
  [4;36;1mCACHE (0.0ms)[0m   [0;1mSELECT * FROM `categories` WHERE (`categories`.`id` = 1) [0m
  [4;35;1mTag Load (0.0ms)[0m   [0mSELECT `tags`.* FROM `tags` INNER JOIN `taggings` ON `tags`.id = `taggings`.tag_id WHERE ((`taggings`.taggable_type = 'Article') AND (`taggings`.taggable_id = 14)) [0m
  [4;36;1mSQL (0.0ms)[0m   [0;1mSELECT count(`comments`.id) AS count_id FROM `comments` WHERE (commentable_id = 14) [0m
  [4;35;1mArticle Load (0.0ms)[0m   [0mSELECT * FROM `articles` ORDER BY created_at DESC LIMIT 10[0m
  [4;36;1mComment Load (0.0ms)[0m   [0;1mSELECT * FROM `comments` ORDER BY created_at DESC, created_at ASC LIMIT 10[0m
  [4;35;1mArticle Load (0.0ms)[0m   [0mSELECT * FROM `articles` WHERE (`articles`.`id` = 23) [0m
  [4;36;1mArticle Load (0.0ms)[0m   [0;1mSELECT * FROM `articles` WHERE (`articles`.`id` = 21) [0m
  [4;35;1mArticle Load (0.0ms)[0m   [0mSELECT * FROM `articles` WHERE (`articles`.`id` = 5) [0m
  [4;36;1mCACHE (0.0ms)[0m   [0;1mSELECT * FROM `articles` WHERE (`articles`.`id` = 5) [0m
  [4;35;1mCACHE (0.0ms)[0m   [0mSELECT * FROM `articles` WHERE (`articles`.`id` = 5) [0m
  [4;36;1mCACHE (0.0ms)[0m   [0;1mSELECT * FROM `articles` WHERE (`articles`.`id` = 5) [0m
  [4;35;1mCACHE (0.0ms)[0m   [0mSELECT * FROM `articles` WHERE (`articles`.`id` = 5) [0m
  [4;36;1mCACHE (0.0ms)[0m   [0;1mSELECT * FROM `articles` WHERE (`articles`.`id` = 5) [0m
  [4;35;1mCACHE (0.0ms)[0m   [0mSELECT * FROM `articles` WHERE (`articles`.`id` = 5) [0m
  [4;36;1mCACHE (0.0ms)[0m   [0;1mSELECT * FROM `articles` WHERE (`articles`.`id` = 5) [0m
  [4;35;1mSQL (0.0ms)[0m   [0mSET NAMES 'utf8'[0m
  [4;36;1mSQL (0.0ms)[0m   [0;1mSET SQL_AUTO_IS_NULL=0[0m
  [4;35;1mArticle Load (16.0ms)[0m   [0mSELECT * FROM `articles` ORDER BY created_at DESC[0m
  [4;36;1mArticle Columns (0.0ms)[0m   [0;1mSHOW FIELDS FROM `articles`[0m
  [4;35;1mSQL (0.0ms)[0m   [0mSET NAMES 'utf8'[0m
  [4;36;1mSQL (0.0ms)[0m   [0;1mSET SQL_AUTO_IS_NULL=0[0m
  [4;35;1mArticle Columns (16.0ms)[0m   [0mSHOW FIELDS FROM `articles`[0m
  [4;36;1mArticle Load (0.0ms)[0m   [0;1mSELECT * FROM `articles` WHERE (`articles`.`id` = 23) [0m
  [4;35;1mCategory Columns (0.0ms)[0m   [0mSHOW FIELDS FROM `categories`[0m
  [4;36;1mCategory Load (0.0ms)[0m   [0;1mSELECT * FROM `categories` WHERE (`categories`.`id` = 2) [0m
  [4;35;1mTag Load (16.0ms)[0m   [0mSELECT `tags`.* FROM `tags` INNER JOIN `taggings` ON `tags`.id = `taggings`.tag_id WHERE ((`taggings`.taggable_type = 'Article') AND (`taggings`.taggable_id = 23)) [0m
  [4;36;1mComment Load (15.0ms)[0m   [0;1mSELECT * FROM `comments` WHERE (`comments`.commentable_id = 23 AND `comments`.commentable_type = 'Article') ORDER BY created_at ASC[0m
  [4;35;1mComment Columns (0.0ms)[0m   [0mSHOW FIELDS FROM `comments`[0m
  [4;36;1mSQL (0.0ms)[0m   [0;1mSET NAMES 'utf8'[0m
  [4;35;1mSQL (0.0ms)[0m   [0mSET SQL_AUTO_IS_NULL=0[0m
  [4;36;1mArticle Columns (16.0ms)[0m   [0;1mSHOW FIELDS FROM `articles`[0m
  [4;35;1mArticle Load (0.0ms)[0m   [0mSELECT * FROM `articles` WHERE (`articles`.`id` = 15) [0m
  [4;36;1mCategory Columns (0.0ms)[0m   [0;1mSHOW FIELDS FROM `categories`[0m
  [4;35;1mCategory Load (0.0ms)[0m   [0mSELECT * FROM `categories` WHERE (`categories`.`id` = 1) [0m
  [4;36;1mTag Load (0.0ms)[0m   [0;1mSELECT `tags`.* FROM `tags` INNER JOIN `taggings` ON `tags`.id = `taggings`.tag_id WHERE ((`taggings`.taggable_type = 'Article') AND (`taggings`.taggable_id = 15)) [0m
  [4;35;1mComment Load (0.0ms)[0m   [0mSELECT * FROM `comments` WHERE (`comments`.commentable_id = 15 AND `comments`.commentable_type = 'Article') ORDER BY created_at ASC[0m
  [4;36;1mSQL (0.0ms)[0m   [0;1mSET NAMES 'utf8'[0m
  [4;35;1mSQL (0.0ms)[0m   [0mSET SQL_AUTO_IS_NULL=0[0m
  [4;36;1mArticle Columns (0.0ms)[0m   [0;1mSHOW FIELDS FROM `articles`[0m
  [4;35;1mArticle Load (0.0ms)[0m   [0mSELECT * FROM `articles` WHERE (`articles`.`id` = 13) [0m
  [4;36;1mCategory Columns (0.0ms)[0m   [0;1mSHOW FIELDS FROM `categories`[0m
  [4;35;1mCategory Load (0.0ms)[0m   [0mSELECT * FROM `categories` WHERE (`categories`.`id` = 1) [0m
  [4;36;1mTag Load (0.0ms)[0m   [0;1mSELECT `tags`.* FROM `tags` INNER JOIN `taggings` ON `tags`.id = `taggings`.tag_id WHERE ((`taggings`.taggable_type = 'Article') AND (`taggings`.taggable_id = 13)) [0m
  [4;35;1mTag Columns (16.0ms)[0m   [0mSHOW FIELDS FROM `tags`[0m
  [4;36;1mComment Load (0.0ms)[0m   [0;1mSELECT * FROM `comments` WHERE (`comments`.commentable_id = 13 AND `comments`.commentable_type = 'Article') ORDER BY created_at ASC[0m
  [4;35;1mComment Columns (0.0ms)[0m   [0mSHOW FIELDS FROM `comments`[0m
  [4;36;1mSQL (0.0ms)[0m   [0;1mSET NAMES 'utf8'[0m
  [4;35;1mSQL (0.0ms)[0m   [0mSET SQL_AUTO_IS_NULL=0[0m
  [4;36;1mSQL (0.0ms)[0m   [0;1mSET NAMES 'utf8'[0m
  [4;35;1mSQL (0.0ms)[0m   [0mSET SQL_AUTO_IS_NULL=0[0m
  [4;36;1mSQL (0.0ms)[0m   [0;1mSET NAMES 'utf8'[0m
  [4;35;1mSQL (0.0ms)[0m   [0mSET SQL_AUTO_IS_NULL=0[0m
  [4;36;1mSQL (0.0ms)[0m   [0;1mSET NAMES 'utf8'[0m
  [4;35;1mSQL (0.0ms)[0m   [0mSET SQL_AUTO_IS_NULL=0[0m
  [4;36;1mSQL (0.0ms)[0m   [0;1mSET NAMES 'utf8'[0m
  [4;35;1mSQL (0.0ms)[0m   [0mSET SQL_AUTO_IS_NULL=0[0m
  [4;36;1mSQL (0.0ms)[0m   [0;1mSET NAMES 'utf8'[0m
  [4;35;1mSQL (0.0ms)[0m   [0mSET SQL_AUTO_IS_NULL=0[0m
  [4;36;1mUser Columns (47.0ms)[0m   [0;1mSHOW FIELDS FROM `users`[0m
  [4;35;1mUser Load (0.0ms)[0m   [0mSELECT * FROM `users` WHERE (`users`.`login` = 'zshuaibin') LIMIT 1[0m
  [4;36;1mSQL (0.0ms)[0m   [0;1mBEGIN[0m
  [4;35;1mSQL (0.0ms)[0m   [0mCOMMIT[0m
  [4;36;1mSQL (0.0ms)[0m   [0;1mSET NAMES 'utf8'[0m
  [4;35;1mSQL (0.0ms)[0m   [0mSET SQL_AUTO_IS_NULL=0[0m
  [4;36;1mSQL (0.0ms)[0m   [0;1mSET NAMES 'utf8'[0m
  [4;35;1mSQL (0.0ms)[0m   [0mSET SQL_AUTO_IS_NULL=0[0m
  [4;36;1mSQL (0.0ms)[0m   [0;1mSET NAMES 'utf8'[0m
  [4;35;1mSQL (0.0ms)[0m   [0mSET SQL_AUTO_IS_NULL=0[0m
  [4;36;1mUser Columns (0.0ms)[0m   [0;1mSHOW FIELDS FROM `users`[0m
  [4;35;1mUser Load (0.0ms)[0m   [0mSELECT * FROM `users` WHERE (`users`.`id` = 1) LIMIT 1[0m
  [4;36;1mPic Columns (32.0ms)[0m   [0;1mSHOW FIELDS FROM `pics`[0m
  [4;35;1mSQL (0.0ms)[0m   [0mSET NAMES 'utf8'[0m
  [4;36;1mSQL (0.0ms)[0m   [0;1mSET SQL_AUTO_IS_NULL=0[0m
  [4;35;1mUser Columns (0.0ms)[0m   [0mSHOW FIELDS FROM `users`[0m
  [4;36;1mUser Load (0.0ms)[0m   [0;1mSELECT * FROM `users` WHERE (`users`.`id` = 1) LIMIT 1[0m
  [4;35;1mPic Columns (0.0ms)[0m   [0mSHOW FIELDS FROM `pics`[0m
  [4;36;1mSQL (0.0ms)[0m   [0;1mBEGIN[0m
  [4;35;1mPic Create (15.0ms)[0m   [0mINSERT INTO `pics` (`title`, `description`) VALUES('阿森纳', '亨利')[0m
  [4;36;1mSQL (0.0ms)[0m   [0;1mCOMMIT[0m
  [4;35;1mSQL (0.0ms)[0m   [0mSET NAMES 'utf8'[0m
  [4;36;1mSQL (0.0ms)[0m   [0;1mSET SQL_AUTO_IS_NULL=0[0m
  [4;35;1mPic Columns (16.0ms)[0m   [0mSHOW FIELDS FROM `pics`[0m
  [4;36;1mPic Load (0.0ms)[0m   [0;1mSELECT * FROM `pics` WHERE (`pics`.`id` = 4) [0m
  [4;36;1mSQL (0.0ms)[0m   [0;1mSET NAMES 'utf8'[0m
  [4;35;1mSQL (0.0ms)[0m   [0mSET SQL_AUTO_IS_NULL=0[0m
  [4;36;1mSQL (188.0ms)[0m   [0;1mSHOW TABLES[0m
  [4;35;1mSQL (31.0ms)[0m   [0mSELECT version FROM schema_migrations[0m
Migrating to CreateArticles (20091012145421)
Migrating to CreateCategories (20091016114701)
Migrating to AddCategoryIdToArticles (20091023023820)
Migrating to ActsAsTaggableMigration (20091023125036)
Migrating to CreateComments (20091102041841)
Migrating to CreateUsers (20091107051238)
Migrating to CreateSessions (20091107090419)
Migrating to AddAttachmentsStuffToArticle (20091110092019)
Migrating to CreatePics (20091125095745)
Migrating to AddPicCategoryIdToCategories (20091130080358)
  [4;36;1mSQL (109.0ms)[0m   [0;1mALTER TABLE `categories` ADD `pic_category_id` int(11)[0m
  [4;35;1mSQL (16.0ms)[0m   [0mINSERT INTO schema_migrations (version) VALUES ('20091130080358')[0m
  [4;36;1mSQL (0.0ms)[0m   [0;1mSHOW TABLES[0m
  [4;35;1mSQL (0.0ms)[0m   [0mSELECT version FROM schema_migrations[0m
  [4;36;1mSQL (0.0ms)[0m   [0;1mSHOW TABLES[0m
  [4;35;1mSQL (31.0ms)[0m   [0mSHOW FIELDS FROM `articles`[0m
  [4;36;1mSQL (0.0ms)[0m   [0;1mdescribe `articles`[0m
  [4;35;1mSQL (0.0ms)[0m   [0mSHOW KEYS FROM `articles`[0m
  [4;36;1mSQL (0.0ms)[0m   [0;1mSHOW FIELDS FROM `categories`[0m
  [4;35;1mSQL (16.0ms)[0m   [0mdescribe `categories`[0m
  [4;36;1mSQL (0.0ms)[0m   [0;1mSHOW KEYS FROM `categories`[0m
  [4;35;1mSQL (0.0ms)[0m   [0mSHOW FIELDS FROM `comments`[0m
  [4;36;1mSQL (0.0ms)[0m   [0;1mdescribe `comments`[0m
  [4;35;1mSQL (0.0ms)[0m   [0mSHOW KEYS FROM `comments`[0m
  [4;36;1mSQL (16.0ms)[0m   [0;1mSHOW FIELDS FROM `pics`[0m
  [4;35;1mSQL (15.0ms)[0m   [0mdescribe `pics`[0m
  [4;36;1mSQL (0.0ms)[0m   [0;1mSHOW KEYS FROM `pics`[0m
  [4;35;1mSQL (32.0ms)[0m   [0mSHOW FIELDS FROM `sessions`[0m
  [4;36;1mSQL (0.0ms)[0m   [0;1mdescribe `sessions`[0m
  [4;35;1mSQL (0.0ms)[0m   [0mSHOW KEYS FROM `sessions`[0m
  [4;36;1mSQL (46.0ms)[0m   [0;1mSHOW FIELDS FROM `taggings`[0m
  [4;35;1mSQL (0.0ms)[0m   [0mdescribe `taggings`[0m
  [4;36;1mSQL (0.0ms)[0m   [0;1mSHOW KEYS FROM `taggings`[0m
  [4;35;1mSQL (32.0ms)[0m   [0mSHOW FIELDS FROM `tags`[0m
  [4;36;1mSQL (0.0ms)[0m   [0;1mdescribe `tags`[0m
  [4;35;1mSQL (0.0ms)[0m   [0mSHOW KEYS FROM `tags`[0m
  [4;36;1mSQL (15.0ms)[0m   [0;1mSHOW FIELDS FROM `users`[0m
  [4;35;1mSQL (0.0ms)[0m   [0mdescribe `users`[0m
  [4;36;1mSQL (0.0ms)[0m   [0;1mSHOW KEYS FROM `users`[0m
  [4;36;1mSQL (0.0ms)[0m   [0;1mSET NAMES 'utf8'[0m
  [4;35;1mSQL (0.0ms)[0m   [0mSET SQL_AUTO_IS_NULL=0[0m
  [4;36;1mSQL (0.0ms)[0m   [0;1mSHOW TABLES[0m
  [4;35;1mSQL (0.0ms)[0m   [0mSELECT version FROM schema_migrations[0m
  [4;36;1mSQL (0.0ms)[0m   [0;1mSHOW TABLES[0m
  [4;35;1mSQL (0.0ms)[0m   [0mSELECT version FROM schema_migrations[0m
Migrating to AddPicCategoryIdToCategories (20091130080358)
  [4;36;1mSQL (31.0ms)[0m   [0;1mALTER TABLE `categories` DROP `pic_category_id`[0m
  [4;35;1mSQL (16.0ms)[0m   [0mDELETE FROM schema_migrations WHERE version = '20091130080358'[0m
  [4;36;1mSQL (0.0ms)[0m   [0;1mSHOW TABLES[0m
  [4;35;1mSQL (0.0ms)[0m   [0mSELECT version FROM schema_migrations[0m
  [4;36;1mSQL (16.0ms)[0m   [0;1mSHOW TABLES[0m
  [4;35;1mSQL (0.0ms)[0m   [0mSHOW FIELDS FROM `articles`[0m
  [4;36;1mSQL (0.0ms)[0m   [0;1mdescribe `articles`[0m
  [4;35;1mSQL (0.0ms)[0m   [0mSHOW KEYS FROM `articles`[0m
  [4;36;1mSQL (16.0ms)[0m   [0;1mSHOW FIELDS FROM `categories`[0m
  [4;35;1mSQL (15.0ms)[0m   [0mdescribe `categories`[0m
  [4;36;1mSQL (0.0ms)[0m   [0;1mSHOW KEYS FROM `categories`[0m
  [4;35;1mSQL (0.0ms)[0m   [0mSHOW FIELDS FROM `comments`[0m
  [4;36;1mSQL (0.0ms)[0m   [0;1mdescribe `comments`[0m
  [4;35;1mSQL (0.0ms)[0m   [0mSHOW KEYS FROM `comments`[0m
  [4;36;1mSQL (16.0ms)[0m   [0;1mSHOW FIELDS FROM `pics`[0m
  [4;35;1mSQL (0.0ms)[0m   [0mdescribe `pics`[0m
  [4;36;1mSQL (0.0ms)[0m   [0;1mSHOW KEYS FROM `pics`[0m
  [4;35;1mSQL (0.0ms)[0m   [0mSHOW FIELDS FROM `sessions`[0m
  [4;36;1mSQL (0.0ms)[0m   [0;1mdescribe `sessions`[0m
  [4;35;1mSQL (0.0ms)[0m   [0mSHOW KEYS FROM `sessions`[0m
  [4;36;1mSQL (0.0ms)[0m   [0;1mSHOW FIELDS FROM `taggings`[0m
  [4;35;1mSQL (0.0ms)[0m   [0mdescribe `taggings`[0m
  [4;36;1mSQL (0.0ms)[0m   [0;1mSHOW KEYS FROM `taggings`[0m
  [4;35;1mSQL (0.0ms)[0m   [0mSHOW FIELDS FROM `tags`[0m
  [4;36;1mSQL (0.0ms)[0m   [0;1mdescribe `tags`[0m
  [4;35;1mSQL (0.0ms)[0m   [0mSHOW KEYS FROM `tags`[0m
  [4;36;1mSQL (0.0ms)[0m   [0;1mSHOW FIELDS FROM `users`[0m
  [4;35;1mSQL (0.0ms)[0m   [0mdescribe `users`[0m
  [4;36;1mSQL (16.0ms)[0m   [0;1mSHOW KEYS FROM `users`[0m
  [4;36;1mSQL (0.0ms)[0m   [0;1mSET NAMES 'utf8'[0m
  [4;35;1mSQL (0.0ms)[0m   [0mSET SQL_AUTO_IS_NULL=0[0m
  [4;36;1mCategory Load (0.0ms)[0m   [0;1mSELECT * FROM `categories` [0m
  [4;35;1mArticle Load (0.0ms)[0m   [0mSELECT * FROM `articles` ORDER BY created_at DESC LIMIT 0, 10[0m
  [4;36;1mArticle Columns (16.0ms)[0m   [0;1mSHOW FIELDS FROM `articles`[0m
  [4;35;1mSQL (31.0ms)[0m   [0mSELECT count(*) AS count_all FROM `articles` [0m
  [4;36;1mCategory Columns (0.0ms)[0m   [0;1mSHOW FIELDS FROM `categories`[0m
  [4;35;1mCategory Load (0.0ms)[0m   [0mSELECT * FROM `categories` WHERE (`categories`.`id` = 2) [0m
  [4;36;1mTagging Columns (0.0ms)[0m   [0;1mSHOW FIELDS FROM `taggings`[0m
  [4;35;1mTag Load (31.0ms)[0m   [0mSELECT `tags`.* FROM `tags` INNER JOIN `taggings` ON `tags`.id = `taggings`.tag_id WHERE ((`taggings`.taggable_type = 'Article') AND (`taggings`.taggable_id = 23)) [0m
  [4;36;1mComment Columns (16.0ms)[0m   [0;1mSHOW FIELDS FROM `comments`[0m
  [4;35;1mSQL (0.0ms)[0m   [0mSELECT count(`comments`.id) AS count_id FROM `comments` WHERE (commentable_id = 23) [0m
  [4;36;1mCategory Load (15.0ms)[0m   [0;1mSELECT * FROM `categories` WHERE (`categories`.`id` = 1) [0m
  [4;35;1mTag Load (0.0ms)[0m   [0mSELECT `tags`.* FROM `tags` INNER JOIN `taggings` ON `tags`.id = `taggings`.tag_id WHERE ((`taggings`.taggable_type = 'Article') AND (`taggings`.taggable_id = 22)) [0m
  [4;36;1mSQL (16.0ms)[0m   [0;1mSELECT count(`comments`.id) AS count_id FROM `comments` WHERE (commentable_id = 22) [0m
  [4;35;1mCACHE (0.0ms)[0m   [0mSELECT * FROM `categories` WHERE (`categories`.`id` = 2) [0m
  [4;36;1mTag Load (0.0ms)[0m   [0;1mSELECT `tags`.* FROM `tags` INNER JOIN `taggings` ON `tags`.id = `taggings`.tag_id WHERE ((`taggings`.taggable_type = 'Article') AND (`taggings`.taggable_id = 21)) [0m
  [4;35;1mSQL (0.0ms)[0m   [0mSELECT count(`comments`.id) AS count_id FROM `comments` WHERE (commentable_id = 21) [0m
  [4;36;1mCACHE (0.0ms)[0m   [0;1mSELECT * FROM `categories` WHERE (`categories`.`id` = 1) [0m
  [4;35;1mTag Load (0.0ms)[0m   [0mSELECT `tags`.* FROM `tags` INNER JOIN `taggings` ON `tags`.id = `taggings`.tag_id WHERE ((`taggings`.taggable_type = 'Article') AND (`taggings`.taggable_id = 20)) [0m
  [4;36;1mSQL (0.0ms)[0m   [0;1mSELECT count(`comments`.id) AS count_id FROM `comments` WHERE (commentable_id = 20) [0m
  [4;35;1mCACHE (0.0ms)[0m   [0mSELECT * FROM `categories` WHERE (`categories`.`id` = 2) [0m
  [4;36;1mTag Load (0.0ms)[0m   [0;1mSELECT `tags`.* FROM `tags` INNER JOIN `taggings` ON `tags`.id = `taggings`.tag_id WHERE ((`taggings`.taggable_type = 'Article') AND (`taggings`.taggable_id = 19)) [0m
  [4;35;1mSQL (0.0ms)[0m   [0mSELECT count(`comments`.id) AS count_id FROM `comments` WHERE (commentable_id = 19) [0m
  [4;36;1mCACHE (0.0ms)[0m   [0;1mSELECT * FROM `categories` WHERE (`categories`.`id` = 2) [0m
  [4;35;1mTag Load (0.0ms)[0m   [0mSELECT `tags`.* FROM `tags` INNER JOIN `taggings` ON `tags`.id = `taggings`.tag_id WHERE ((`taggings`.taggable_type = 'Article') AND (`taggings`.taggable_id = 18)) [0m
  [4;36;1mSQL (0.0ms)[0m   [0;1mSELECT count(`comments`.id) AS count_id FROM `comments` WHERE (commentable_id = 18) [0m
  [4;35;1mCACHE (0.0ms)[0m   [0mSELECT * FROM `categories` WHERE (`categories`.`id` = 2) [0m
  [4;36;1mTag Load (0.0ms)[0m   [0;1mSELECT `tags`.* FROM `tags` INNER JOIN `taggings` ON `tags`.id = `taggings`.tag_id WHERE ((`taggings`.taggable_type = 'Article') AND (`taggings`.taggable_id = 17)) [0m
  [4;35;1mSQL (0.0ms)[0m   [0mSELECT count(`comments`.id) AS count_id FROM `comments` WHERE (commentable_id = 17) [0m
  [4;36;1mCACHE (0.0ms)[0m   [0;1mSELECT * FROM `categories` WHERE (`categories`.`id` = 1) [0m
  [4;35;1mTag Load (0.0ms)[0m   [0mSELECT `tags`.* FROM `tags` INNER JOIN `taggings` ON `tags`.id = `taggings`.tag_id WHERE ((`taggings`.taggable_type = 'Article') AND (`taggings`.taggable_id = 16)) [0m
  [4;36;1mSQL (0.0ms)[0m   [0;1mSELECT count(`comments`.id) AS count_id FROM `comments` WHERE (commentable_id = 16) [0m
  [4;35;1mCACHE (0.0ms)[0m   [0mSELECT * FROM `categories` WHERE (`categories`.`id` = 1) [0m
  [4;36;1mTag Load (0.0ms)[0m   [0;1mSELECT `tags`.* FROM `tags` INNER JOIN `taggings` ON `tags`.id = `taggings`.tag_id WHERE ((`taggings`.taggable_type = 'Article') AND (`taggings`.taggable_id = 15)) [0m
  [4;35;1mSQL (0.0ms)[0m   [0mSELECT count(`comments`.id) AS count_id FROM `comments` WHERE (commentable_id = 15) [0m
  [4;36;1mCACHE (0.0ms)[0m   [0;1mSELECT * FROM `categories` WHERE (`categories`.`id` = 1) [0m
  [4;35;1mTag Load (0.0ms)[0m   [0mSELECT `tags`.* FROM `tags` INNER JOIN `taggings` ON `tags`.id = `taggings`.tag_id WHERE ((`taggings`.taggable_type = 'Article') AND (`taggings`.taggable_id = 14)) [0m
  [4;36;1mSQL (0.0ms)[0m   [0;1mSELECT count(`comments`.id) AS count_id FROM `comments` WHERE (commentable_id = 14) [0m
  [4;35;1mArticle Load (0.0ms)[0m   [0mSELECT * FROM `articles` ORDER BY created_at DESC LIMIT 10[0m
  [4;36;1mComment Load (0.0ms)[0m   [0;1mSELECT * FROM `comments` ORDER BY created_at DESC, created_at ASC LIMIT 10[0m
  [4;35;1mArticle Load (0.0ms)[0m   [0mSELECT * FROM `articles` WHERE (`articles`.`id` = 23) [0m
  [4;36;1mArticle Load (0.0ms)[0m   [0;1mSELECT * FROM `articles` WHERE (`articles`.`id` = 21) [0m
  [4;35;1mArticle Load (0.0ms)[0m   [0mSELECT * FROM `articles` WHERE (`articles`.`id` = 5) [0m
  [4;36;1mCACHE (0.0ms)[0m   [0;1mSELECT * FROM `articles` WHERE (`articles`.`id` = 5) [0m
  [4;35;1mCACHE (0.0ms)[0m   [0mSELECT * FROM `articles` WHERE (`articles`.`id` = 5) [0m
  [4;36;1mCACHE (0.0ms)[0m   [0;1mSELECT * FROM `articles` WHERE (`articles`.`id` = 5) [0m
  [4;35;1mCACHE (0.0ms)[0m   [0mSELECT * FROM `articles` WHERE (`articles`.`id` = 5) [0m
  [4;36;1mCACHE (0.0ms)[0m   [0;1mSELECT * FROM `articles` WHERE (`articles`.`id` = 5) [0m
  [4;35;1mCACHE (0.0ms)[0m   [0mSELECT * FROM `articles` WHERE (`articles`.`id` = 5) [0m
  [4;36;1mCACHE (0.0ms)[0m   [0;1mSELECT * FROM `articles` WHERE (`articles`.`id` = 5) [0m
  [4;35;1mSQL (0.0ms)[0m   [0mSET NAMES 'utf8'[0m
  [4;36;1mSQL (0.0ms)[0m   [0;1mSET SQL_AUTO_IS_NULL=0[0m
  [4;35;1mArticle Load (0.0ms)[0m   [0mSELECT * FROM `articles` ORDER BY created_at DESC[0m
  [4;36;1mArticle Columns (0.0ms)[0m   [0;1mSHOW FIELDS FROM `articles`[0m
  [4;35;1mSQL (0.0ms)[0m   [0mSET NAMES 'utf8'[0m
  [4;36;1mSQL (0.0ms)[0m   [0;1mSET SQL_AUTO_IS_NULL=0[0m
  [4;35;1mArticle Columns (16.0ms)[0m   [0mSHOW FIELDS FROM `articles`[0m
  [4;36;1mArticle Load (0.0ms)[0m   [0;1mSELECT * FROM `articles` WHERE (`articles`.`id` = 23) [0m
  [4;35;1mCategory Columns (16.0ms)[0m   [0mSHOW FIELDS FROM `categories`[0m
  [4;36;1mCategory Load (0.0ms)[0m   [0;1mSELECT * FROM `categories` WHERE (`categories`.`id` = 2) [0m
  [4;35;1mTag Load (0.0ms)[0m   [0mSELECT `tags`.* FROM `tags` INNER JOIN `taggings` ON `tags`.id = `taggings`.tag_id WHERE ((`taggings`.taggable_type = 'Article') AND (`taggings`.taggable_id = 23)) [0m
  [4;36;1mComment Load (31.0ms)[0m   [0;1mSELECT * FROM `comments` WHERE (`comments`.commentable_id = 23 AND `comments`.commentable_type = 'Article') ORDER BY created_at ASC[0m
  [4;35;1mComment Columns (0.0ms)[0m   [0mSHOW FIELDS FROM `comments`[0m
  [4;36;1mSQL (0.0ms)[0m   [0;1mSET NAMES 'utf8'[0m
  [4;35;1mSQL (0.0ms)[0m   [0mSET SQL_AUTO_IS_NULL=0[0m
  [4;36;1mCategory Load (0.0ms)[0m   [0;1mSELECT * FROM `categories` [0m
  [4;35;1mArticle Load (0.0ms)[0m   [0mSELECT * FROM `articles` ORDER BY created_at DESC LIMIT 0, 10[0m
  [4;36;1mArticle Columns (0.0ms)[0m   [0;1mSHOW FIELDS FROM `articles`[0m
  [4;35;1mSQL (0.0ms)[0m   [0mSELECT count(*) AS count_all FROM `articles` [0m
  [4;36;1mCategory Columns (0.0ms)[0m   [0;1mSHOW FIELDS FROM `categories`[0m
  [4;35;1mCategory Load (0.0ms)[0m   [0mSELECT * FROM `categories` WHERE (`categories`.`id` = 2) [0m
  [4;36;1mTag Load (0.0ms)[0m   [0;1mSELECT `tags`.* FROM `tags` INNER JOIN `taggings` ON `tags`.id = `taggings`.tag_id WHERE ((`taggings`.taggable_type = 'Article') AND (`taggings`.taggable_id = 23)) [0m
  [4;35;1mComment Columns (15.0ms)[0m   [0mSHOW FIELDS FROM `comments`[0m
  [4;36;1mSQL (0.0ms)[0m   [0;1mSELECT count(`comments`.id) AS count_id FROM `comments` WHERE (commentable_id = 23) [0m
  [4;35;1mCategory Load (0.0ms)[0m   [0mSELECT * FROM `categories` WHERE (`categories`.`id` = 1) [0m
  [4;36;1mTag Load (0.0ms)[0m   [0;1mSELECT `tags`.* FROM `tags` INNER JOIN `taggings` ON `tags`.id = `taggings`.tag_id WHERE ((`taggings`.taggable_type = 'Article') AND (`taggings`.taggable_id = 22)) [0m
  [4;35;1mSQL (0.0ms)[0m   [0mSELECT count(`comments`.id) AS count_id FROM `comments` WHERE (commentable_id = 22) [0m
  [4;36;1mCACHE (0.0ms)[0m   [0;1mSELECT * FROM `categories` WHERE (`categories`.`id` = 2) [0m
  [4;35;1mTag Load (0.0ms)[0m   [0mSELECT `tags`.* FROM `tags` INNER JOIN `taggings` ON `tags`.id = `taggings`.tag_id WHERE ((`taggings`.taggable_type = 'Article') AND (`taggings`.taggable_id = 21)) [0m
  [4;36;1mSQL (0.0ms)[0m   [0;1mSELECT count(`comments`.id) AS count_id FROM `comments` WHERE (commentable_id = 21) [0m
  [4;35;1mCACHE (0.0ms)[0m   [0mSELECT * FROM `categories` WHERE (`categories`.`id` = 1) [0m
  [4;36;1mTag Load (0.0ms)[0m   [0;1mSELECT `tags`.* FROM `tags` INNER JOIN `taggings` ON `tags`.id = `taggings`.tag_id WHERE ((`taggings`.taggable_type = 'Article') AND (`taggings`.taggable_id = 20)) [0m
  [4;35;1mSQL (0.0ms)[0m   [0mSELECT count(`comments`.id) AS count_id FROM `comments` WHERE (commentable_id = 20) [0m
  [4;36;1mCACHE (0.0ms)[0m   [0;1mSELECT * FROM `categories` WHERE (`categories`.`id` = 2) [0m
  [4;35;1mTag Load (0.0ms)[0m   [0mSELECT `tags`.* FROM `tags` INNER JOIN `taggings` ON `tags`.id = `taggings`.tag_id WHERE ((`taggings`.taggable_type = 'Article') AND (`taggings`.taggable_id = 19)) [0m
  [4;36;1mSQL (0.0ms)[0m   [0;1mSELECT count(`comments`.id) AS count_id FROM `comments` WHERE (commentable_id = 19) [0m
  [4;35;1mCACHE (0.0ms)[0m   [0mSELECT * FROM `categories` WHERE (`categories`.`id` = 2) [0m
  [4;36;1mTag Load (0.0ms)[0m   [0;1mSELECT `tags`.* FROM `tags` INNER JOIN `taggings` ON `tags`.id = `taggings`.tag_id WHERE ((`taggings`.taggable_type = 'Article') AND (`taggings`.taggable_id = 18)) [0m
  [4;35;1mSQL (0.0ms)[0m   [0mSELECT count(`comments`.id) AS count_id FROM `comments` WHERE (commentable_id = 18) [0m
  [4;36;1mCACHE (0.0ms)[0m   [0;1mSELECT * FROM `categories` WHERE (`categories`.`id` = 2) [0m
  [4;35;1mTag Load (0.0ms)[0m   [0mSELECT `tags`.* FROM `tags` INNER JOIN `taggings` ON `tags`.id = `taggings`.tag_id WHERE ((`taggings`.taggable_type = 'Article') AND (`taggings`.taggable_id = 17)) [0m
  [4;36;1mSQL (0.0ms)[0m   [0;1mSELECT count(`comments`.id) AS count_id FROM `comments` WHERE (commentable_id = 17) [0m
  [4;35;1mCACHE (0.0ms)[0m   [0mSELECT * FROM `categories` WHERE (`categories`.`id` = 1) [0m
  [4;36;1mTag Load (0.0ms)[0m   [0;1mSELECT `tags`.* FROM `tags` INNER JOIN `taggings` ON `tags`.id = `taggings`.tag_id WHERE ((`taggings`.taggable_type = 'Article') AND (`taggings`.taggable_id = 16)) [0m
  [4;35;1mSQL (0.0ms)[0m   [0mSELECT count(`comments`.id) AS count_id FROM `comments` WHERE (commentable_id = 16) [0m
  [4;36;1mCACHE (0.0ms)[0m   [0;1mSELECT * FROM `categories` WHERE (`categories`.`id` = 1) [0m
  [4;35;1mTag Load (0.0ms)[0m   [0mSELECT `tags`.* FROM `tags` INNER JOIN `taggings` ON `tags`.id = `taggings`.tag_id WHERE ((`taggings`.taggable_type = 'Article') AND (`taggings`.taggable_id = 15)) [0m
  [4;36;1mSQL (0.0ms)[0m   [0;1mSELECT count(`comments`.id) AS count_id FROM `comments` WHERE (commentable_id = 15) [0m
  [4;35;1mCACHE (0.0ms)[0m   [0mSELECT * FROM `categories` WHERE (`categories`.`id` = 1) [0m
  [4;36;1mTag Load (0.0ms)[0m   [0;1mSELECT `tags`.* FROM `tags` INNER JOIN `taggings` ON `tags`.id = `taggings`.tag_id WHERE ((`taggings`.taggable_type = 'Article') AND (`taggings`.taggable_id = 14)) [0m
  [4;35;1mSQL (0.0ms)[0m   [0mSELECT count(`comments`.id) AS count_id FROM `comments` WHERE (commentable_id = 14) [0m
  [4;36;1mArticle Load (0.0ms)[0m   [0;1mSELECT * FROM `articles` ORDER BY created_at DESC LIMIT 10[0m
  [4;35;1mComment Load (0.0ms)[0m   [0mSELECT * FROM `comments` ORDER BY created_at DESC, created_at ASC LIMIT 10[0m
  [4;36;1mArticle Load (0.0ms)[0m   [0;1mSELECT * FROM `articles` WHERE (`articles`.`id` = 23) [0m
  [4;35;1mArticle Load (0.0ms)[0m   [0mSELECT * FROM `articles` WHERE (`articles`.`id` = 21) [0m
  [4;36;1mArticle Load (0.0ms)[0m   [0;1mSELECT * FROM `articles` WHERE (`articles`.`id` = 5) [0m
  [4;35;1mCACHE (0.0ms)[0m   [0mSELECT * FROM `articles` WHERE (`articles`.`id` = 5) [0m
  [4;36;1mCACHE (0.0ms)[0m   [0;1mSELECT * FROM `articles` WHERE (`articles`.`id` = 5) [0m
  [4;35;1mCACHE (0.0ms)[0m   [0mSELECT * FROM `articles` WHERE (`articles`.`id` = 5) [0m
  [4;36;1mCACHE (0.0ms)[0m   [0;1mSELECT * FROM `articles` WHERE (`articles`.`id` = 5) [0m
  [4;35;1mCACHE (0.0ms)[0m   [0mSELECT * FROM `articles` WHERE (`articles`.`id` = 5) [0m
  [4;36;1mCACHE (0.0ms)[0m   [0;1mSELECT * FROM `articles` WHERE (`articles`.`id` = 5) [0m
  [4;35;1mCACHE (0.0ms)[0m   [0mSELECT * FROM `articles` WHERE (`articles`.`id` = 5) [0m
  [4;36;1mSQL (0.0ms)[0m   [0;1mSET NAMES 'utf8'[0m
  [4;35;1mSQL (0.0ms)[0m   [0mSET SQL_AUTO_IS_NULL=0[0m
  [4;36;1mArticle Load (0.0ms)[0m   [0;1mSELECT * FROM `articles` ORDER BY created_at DESC[0m
  [4;35;1mArticle Columns (0.0ms)[0m   [0mSHOW FIELDS FROM `articles`[0m
  [4;36;1mSQL (0.0ms)[0m   [0;1mSET NAMES 'utf8'[0m
  [4;35;1mSQL (0.0ms)[0m   [0mSET SQL_AUTO_IS_NULL=0[0m
  [4;36;1mSQL (0.0ms)[0m   [0;1mSET NAMES 'utf8'[0m
  [4;35;1mSQL (0.0ms)[0m   [0mSET SQL_AUTO_IS_NULL=0[0m
  [4;36;1mSQL (0.0ms)[0m   [0;1mSET NAMES 'utf8'[0m
  [4;35;1mSQL (0.0ms)[0m   [0mSET SQL_AUTO_IS_NULL=0[0m
  [4;36;1mSQL (0.0ms)[0m   [0;1mSET NAMES 'utf8'[0m
  [4;35;1mSQL (0.0ms)[0m   [0mSET SQL_AUTO_IS_NULL=0[0m
  [4;36;1mPic Columns (31.0ms)[0m   [0;1mSHOW FIELDS FROM `pics`[0m
  [4;35;1mPic Load (0.0ms)[0m   [0mSELECT * FROM `pics` WHERE (`pics`.`id` = 1) [0m
  [4;36;1mSQL (0.0ms)[0m   [0;1mSET NAMES 'utf8'[0m
  [4;35;1mSQL (0.0ms)[0m   [0mSET SQL_AUTO_IS_NULL=0[0m
  [4;36;1mSQL (0.0ms)[0m   [0;1mSET NAMES 'utf8'[0m
  [4;35;1mSQL (0.0ms)[0m   [0mSET SQL_AUTO_IS_NULL=0[0m
  [4;36;1mSQL (0.0ms)[0m   [0;1mSET NAMES 'utf8'[0m
  [4;35;1mSQL (0.0ms)[0m   [0mSET SQL_AUTO_IS_NULL=0[0m
  [4;36;1mSQL (0.0ms)[0m   [0;1mSET NAMES 'utf8'[0m
  [4;35;1mSQL (0.0ms)[0m   [0mSET SQL_AUTO_IS_NULL=0[0m
  [4;36;1mSQL (0.0ms)[0m   [0;1mSET NAMES 'utf8'[0m
  [4;35;1mSQL (0.0ms)[0m   [0mSET SQL_AUTO_IS_NULL=0[0m
  [4;36;1mSQL (0.0ms)[0m   [0;1mSET NAMES 'utf8'[0m
  [4;35;1mSQL (0.0ms)[0m   [0mSET SQL_AUTO_IS_NULL=0[0m
  [4;36;1mSQL (0.0ms)[0m   [0;1mSET NAMES 'utf8'[0m
  [4;35;1mSQL (0.0ms)[0m   [0mSET SQL_AUTO_IS_NULL=0[0m
  [4;36;1mSQL (0.0ms)[0m   [0;1mSET NAMES 'utf8'[0m
  [4;35;1mSQL (0.0ms)[0m   [0mSET SQL_AUTO_IS_NULL=0[0m
  [4;36;1mPic Columns (0.0ms)[0m   [0;1mSHOW FIELDS FROM `pics`[0m
  [4;35;1mPic Load (0.0ms)[0m   [0mSELECT * FROM `pics` WHERE (`pics`.`id` = 1) [0m
  [4;36;1mSQL (0.0ms)[0m   [0;1mSET NAMES 'utf8'[0m
  [4;35;1mSQL (0.0ms)[0m   [0mSET SQL_AUTO_IS_NULL=0[0m
  [4;36;1mSQL (0.0ms)[0m   [0;1mSET NAMES 'utf8'[0m
  [4;35;1mSQL (0.0ms)[0m   [0mSET SQL_AUTO_IS_NULL=0[0m
  [4;36;1mPic Columns (16.0ms)[0m   [0;1mSHOW FIELDS FROM `pics`[0m
  [4;35;1mPic Load (0.0ms)[0m   [0mSELECT * FROM `pics` WHERE (`pics`.`id` = 1) [0m
  [4;36;1mSQL (0.0ms)[0m   [0;1mSET NAMES 'utf8'[0m
  [4;35;1mSQL (0.0ms)[0m   [0mSET SQL_AUTO_IS_NULL=0[0m
  [4;36;1mSQL (0.0ms)[0m   [0;1mSET NAMES 'utf8'[0m
  [4;35;1mSQL (0.0ms)[0m   [0mSET SQL_AUTO_IS_NULL=0[0m
  [4;36;1mPic Columns (0.0ms)[0m   [0;1mSHOW FIELDS FROM `pics`[0m
  [4;35;1mPic Load (0.0ms)[0m   [0mSELECT * FROM `pics` WHERE (`pics`.`id` = 2) [0m
  [4;36;1mSQL (0.0ms)[0m   [0;1mSET NAMES 'utf8'[0m
  [4;35;1mSQL (0.0ms)[0m   [0mSET SQL_AUTO_IS_NULL=0[0m
  [4;36;1mSQL (0.0ms)[0m   [0;1mSET NAMES 'utf8'[0m
  [4;35;1mSQL (0.0ms)[0m   [0mSET SQL_AUTO_IS_NULL=0[0m
  [4;36;1mPic Columns (16.0ms)[0m   [0;1mSHOW FIELDS FROM `pics`[0m
  [4;35;1mPic Load (0.0ms)[0m   [0mSELECT * FROM `pics` WHERE (`pics`.`id` = 3) [0m
  [4;36;1mSQL (0.0ms)[0m   [0;1mSET NAMES 'utf8'[0m
  [4;35;1mSQL (0.0ms)[0m   [0mSET SQL_AUTO_IS_NULL=0[0m
  [4;36;1mSQL (0.0ms)[0m   [0;1mSET NAMES 'utf8'[0m
  [4;35;1mSQL (0.0ms)[0m   [0mSET SQL_AUTO_IS_NULL=0[0m
  [4;36;1mSQL (0.0ms)[0m   [0;1mSET NAMES 'utf8'[0m
  [4;35;1mSQL (0.0ms)[0m   [0mSET SQL_AUTO_IS_NULL=0[0m
  [4;36;1mPic Columns (15.0ms)[0m   [0;1mSHOW FIELDS FROM `pics`[0m
  [4;35;1mPic Load (16.0ms)[0m   [0mSELECT * FROM `pics` WHERE (`pics`.`id` = 3) [0m
  [4;36;1mSQL (0.0ms)[0m   [0;1mSET NAMES 'utf8'[0m
  [4;35;1mSQL (0.0ms)[0m   [0mSET SQL_AUTO_IS_NULL=0[0m
  [4;36;1mPic Columns (0.0ms)[0m   [0;1mSHOW FIELDS FROM `pics`[0m
  [4;35;1mPic Load (0.0ms)[0m   [0mSELECT * FROM `pics` WHERE (`pics`.`id` = 3) [0m
  [4;36;1mSQL (0.0ms)[0m   [0;1mSET NAMES 'utf8'[0m
  [4;35;1mSQL (0.0ms)[0m   [0mSET SQL_AUTO_IS_NULL=0[0m
  [4;36;1mPic Columns (0.0ms)[0m   [0;1mSHOW FIELDS FROM `pics`[0m
  [4;35;1mPic Load (0.0ms)[0m   [0mSELECT * FROM `pics` WHERE (`pics`.`id` = 4) [0m
  [4;36;1mSQL (0.0ms)[0m   [0;1mSET NAMES 'utf8'[0m
  [4;35;1mSQL (0.0ms)[0m   [0mSET SQL_AUTO_IS_NULL=0[0m
  [4;36;1mPic Columns (0.0ms)[0m   [0;1mSHOW FIELDS FROM `pics`[0m
  [4;35;1mPic Load (0.0ms)[0m   [0mSELECT * FROM `pics` WHERE (`pics`.`id` = 4) [0m
  [4;36;1mSQL (0.0ms)[0m   [0;1mSET NAMES 'utf8'[0m
  [4;35;1mSQL (0.0ms)[0m   [0mSET SQL_AUTO_IS_NULL=0[0m
  [4;36;1mPic Columns (0.0ms)[0m   [0;1mSHOW FIELDS FROM `pics`[0m
  [4;35;1mPic Load (16.0ms)[0m   [0mSELECT * FROM `pics` WHERE (`pics`.`id` = 1) [0m
  [4;36;1mSQL (0.0ms)[0m   [0;1mSET NAMES 'utf8'[0m
  [4;35;1mSQL (0.0ms)[0m   [0mSET SQL_AUTO_IS_NULL=0[0m
  [4;36;1mPic Columns (31.0ms)[0m   [0;1mSHOW FIELDS FROM `pics`[0m
  [4;35;1mPic Load (0.0ms)[0m   [0mSELECT * FROM `pics` WHERE (`pics`.`id` = 1) [0m
  [4;36;1mSQL (0.0ms)[0m   [0;1mSET NAMES 'utf8'[0m
  [4;35;1mSQL (0.0ms)[0m   [0mSET SQL_AUTO_IS_NULL=0[0m
  [4;36;1mPic Columns (47.0ms)[0m   [0;1mSHOW FIELDS FROM `pics`[0m
  [4;35;1mPic Load (0.0ms)[0m   [0mSELECT * FROM `pics` WHERE (`pics`.`id` = 1) [0m
  [4;36;1mSQL (0.0ms)[0m   [0;1mSET NAMES 'utf8'[0m
  [4;35;1mSQL (0.0ms)[0m   [0mSET SQL_AUTO_IS_NULL=0[0m
  [4;36;1mSQL (0.0ms)[0m   [0;1mSET NAMES 'utf8'[0m
  [4;35;1mSQL (0.0ms)[0m   [0mSET SQL_AUTO_IS_NULL=0[0m
  [4;36;1mPic Columns (16.0ms)[0m   [0;1mSHOW FIELDS FROM `pics`[0m
  [4;35;1mPic Load (15.0ms)[0m   [0mSELECT * FROM `pics` WHERE (`pics`.`id` = 1) [0m
  [4;36;1mSQL (0.0ms)[0m   [0;1mSET NAMES 'utf8'[0m
  [4;35;1mSQL (0.0ms)[0m   [0mSET SQL_AUTO_IS_NULL=0[0m
  [4;36;1mPic Columns (0.0ms)[0m   [0;1mSHOW FIELDS FROM `pics`[0m
  [4;35;1mPic Load (0.0ms)[0m   [0mSELECT * FROM `pics` WHERE (`pics`.`id` = 1) [0m
  [4;36;1mSQL (16.0ms)[0m   [0;1mSET NAMES 'utf8'[0m
  [4;35;1mSQL (0.0ms)[0m   [0mSET SQL_AUTO_IS_NULL=0[0m
  [4;36;1mPic Columns (16.0ms)[0m   [0;1mSHOW FIELDS FROM `pics`[0m
  [4;35;1mPic Load (0.0ms)[0m   [0mSELECT * FROM `pics` WHERE (`pics`.`id` = 1) [0m
  [4;36;1mSQL (0.0ms)[0m   [0;1mSET NAMES 'utf8'[0m
  [4;35;1mSQL (0.0ms)[0m   [0mSET SQL_AUTO_IS_NULL=0[0m
  [4;36;1mPic Columns (0.0ms)[0m   [0;1mSHOW FIELDS FROM `pics`[0m
  [4;35;1mPic Load (16.0ms)[0m   [0mSELECT * FROM `pics` WHERE (`pics`.`id` = 1) [0m
  [4;36;1mSQL (0.0ms)[0m   [0;1mSET NAMES 'utf8'[0m
  [4;35;1mSQL (0.0ms)[0m   [0mSET SQL_AUTO_IS_NULL=0[0m
  [4;36;1mPic Columns (0.0ms)[0m   [0;1mSHOW FIELDS FROM `pics`[0m
  [4;35;1mPic Load (0.0ms)[0m   [0mSELECT * FROM `pics` WHERE (`pics`.`id` = 1) [0m
  [4;36;1mSQL (0.0ms)[0m   [0;1mSET NAMES 'utf8'[0m
  [4;35;1mSQL (0.0ms)[0m   [0mSET SQL_AUTO_IS_NULL=0[0m
  [4;36;1mPic Columns (0.0ms)[0m   [0;1mSHOW FIELDS FROM `pics`[0m
  [4;35;1mPic Load (16.0ms)[0m   [0mSELECT * FROM `pics` WHERE (`pics`.`id` = 1) [0m
  [4;36;1mSQL (0.0ms)[0m   [0;1mSET NAMES 'utf8'[0m
  [4;35;1mSQL (0.0ms)[0m   [0mSET SQL_AUTO_IS_NULL=0[0m
  [4;36;1mPic Columns (16.0ms)[0m   [0;1mSHOW FIELDS FROM `pics`[0m
  [4;35;1mPic Load (0.0ms)[0m   [0mSELECT * FROM `pics` WHERE (`pics`.`id` = 0) [0m
  [4;36;1mSQL (0.0ms)[0m   [0;1mSET NAMES 'utf8'[0m
  [4;35;1mSQL (0.0ms)[0m   [0mSET SQL_AUTO_IS_NULL=0[0m
  [4;36;1mSQL (0.0ms)[0m   [0;1mSET NAMES 'utf8'[0m
  [4;35;1mSQL (0.0ms)[0m   [0mSET SQL_AUTO_IS_NULL=0[0m
  [4;36;1mPic Columns (0.0ms)[0m   [0;1mSHOW FIELDS FROM `pics`[0m
  [4;35;1mPic Load (0.0ms)[0m   [0mSELECT * FROM `pics` WHERE (`pics`.`id` = 1) [0m
  [4;36;1mSQL (0.0ms)[0m   [0;1mSET NAMES 'utf8'[0m
  [4;35;1mSQL (0.0ms)[0m   [0mSET SQL_AUTO_IS_NULL=0[0m
  [4;36;1mSQL (0.0ms)[0m   [0;1mSET NAMES 'utf8'[0m
  [4;35;1mSQL (0.0ms)[0m   [0mSET SQL_AUTO_IS_NULL=0[0m
  [4;36;1mCategory Load (0.0ms)[0m   [0;1mSELECT * FROM `categories` [0m
  [4;35;1mArticle Load (0.0ms)[0m   [0mSELECT * FROM `articles` ORDER BY created_at DESC LIMIT 0, 10[0m
  [4;36;1mArticle Columns (31.0ms)[0m   [0;1mSHOW FIELDS FROM `articles`[0m
  [4;35;1mSQL (0.0ms)[0m   [0mSELECT count(*) AS count_all FROM `articles` [0m
  [4;36;1mCategory Columns (0.0ms)[0m   [0;1mSHOW FIELDS FROM `categories`[0m
  [4;35;1mCategory Load (0.0ms)[0m   [0mSELECT * FROM `categories` WHERE (`categories`.`id` = 2) [0m
  [4;36;1mTagging Columns (0.0ms)[0m   [0;1mSHOW FIELDS FROM `taggings`[0m
  [4;35;1mTag Load (0.0ms)[0m   [0mSELECT `tags`.* FROM `tags` INNER JOIN `taggings` ON `tags`.id = `taggings`.tag_id WHERE ((`taggings`.taggable_type = 'Article') AND (`taggings`.taggable_id = 23)) [0m
  [4;36;1mComment Columns (0.0ms)[0m   [0;1mSHOW FIELDS FROM `comments`[0m
  [4;35;1mSQL (16.0ms)[0m   [0mSELECT count(`comments`.id) AS count_id FROM `comments` WHERE (commentable_id = 23) [0m
  [4;36;1mCategory Load (0.0ms)[0m   [0;1mSELECT * FROM `categories` WHERE (`categories`.`id` = 1) [0m
  [4;35;1mTag Load (0.0ms)[0m   [0mSELECT `tags`.* FROM `tags` INNER JOIN `taggings` ON `tags`.id = `taggings`.tag_id WHERE ((`taggings`.taggable_type = 'Article') AND (`taggings`.taggable_id = 22)) [0m
  [4;36;1mSQL (0.0ms)[0m   [0;1mSELECT count(`comments`.id) AS count_id FROM `comments` WHERE (commentable_id = 22) [0m
  [4;35;1mCACHE (0.0ms)[0m   [0mSELECT * FROM `categories` WHERE (`categories`.`id` = 2) [0m
  [4;36;1mTag Load (0.0ms)[0m   [0;1mSELECT `tags`.* FROM `tags` INNER JOIN `taggings` ON `tags`.id = `taggings`.tag_id WHERE ((`taggings`.taggable_type = 'Article') AND (`taggings`.taggable_id = 21)) [0m
  [4;35;1mSQL (0.0ms)[0m   [0mSELECT count(`comments`.id) AS count_id FROM `comments` WHERE (commentable_id = 21) [0m
  [4;36;1mCACHE (0.0ms)[0m   [0;1mSELECT * FROM `categories` WHERE (`categories`.`id` = 1) [0m
  [4;35;1mTag Load (0.0ms)[0m   [0mSELECT `tags`.* FROM `tags` INNER JOIN `taggings` ON `tags`.id = `taggings`.tag_id WHERE ((`taggings`.taggable_type = 'Article') AND (`taggings`.taggable_id = 20)) [0m
  [4;36;1mSQL (0.0ms)[0m   [0;1mSELECT count(`comments`.id) AS count_id FROM `comments` WHERE (commentable_id = 20) [0m
  [4;35;1mCACHE (0.0ms)[0m   [0mSELECT * FROM `categories` WHERE (`categories`.`id` = 2) [0m
  [4;36;1mTag Load (0.0ms)[0m   [0;1mSELECT `tags`.* FROM `tags` INNER JOIN `taggings` ON `tags`.id = `taggings`.tag_id WHERE ((`taggings`.taggable_type = 'Article') AND (`taggings`.taggable_id = 19)) [0m
  [4;35;1mSQL (0.0ms)[0m   [0mSELECT count(`comments`.id) AS count_id FROM `comments` WHERE (commentable_id = 19) [0m
  [4;36;1mCACHE (0.0ms)[0m   [0;1mSELECT * FROM `categories` WHERE (`categories`.`id` = 2) [0m
  [4;35;1mTag Load (0.0ms)[0m   [0mSELECT `tags`.* FROM `tags` INNER JOIN `taggings` ON `tags`.id = `taggings`.tag_id WHERE ((`taggings`.taggable_type = 'Article') AND (`taggings`.taggable_id = 18)) [0m
  [4;36;1mSQL (0.0ms)[0m   [0;1mSELECT count(`comments`.id) AS count_id FROM `comments` WHERE (commentable_id = 18) [0m
  [4;35;1mCACHE (0.0ms)[0m   [0mSELECT * FROM `categories` WHERE (`categories`.`id` = 2) [0m
  [4;36;1mTag Load (15.0ms)[0m   [0;1mSELECT `tags`.* FROM `tags` INNER JOIN `taggings` ON `tags`.id = `taggings`.tag_id WHERE ((`taggings`.taggable_type = 'Article') AND (`taggings`.taggable_id = 17)) [0m
  [4;35;1mSQL (0.0ms)[0m   [0mSELECT count(`comments`.id) AS count_id FROM `comments` WHERE (commentable_id = 17) [0m
  [4;36;1mCACHE (0.0ms)[0m   [0;1mSELECT * FROM `categories` WHERE (`categories`.`id` = 1) [0m
  [4;35;1mTag Load (0.0ms)[0m   [0mSELECT `tags`.* FROM `tags` INNER JOIN `taggings` ON `tags`.id = `taggings`.tag_id WHERE ((`taggings`.taggable_type = 'Article') AND (`taggings`.taggable_id = 16)) [0m
  [4;36;1mSQL (0.0ms)[0m   [0;1mSELECT count(`comments`.id) AS count_id FROM `comments` WHERE (commentable_id = 16) [0m
  [4;35;1mCACHE (0.0ms)[0m   [0mSELECT * FROM `categories` WHERE (`categories`.`id` = 1) [0m
  [4;36;1mTag Load (0.0ms)[0m   [0;1mSELECT `tags`.* FROM `tags` INNER JOIN `taggings` ON `tags`.id = `taggings`.tag_id WHERE ((`taggings`.taggable_type = 'Article') AND (`taggings`.taggable_id = 15)) [0m
  [4;35;1mSQL (0.0ms)[0m   [0mSELECT count(`comments`.id) AS count_id FROM `comments` WHERE (commentable_id = 15) [0m
  [4;36;1mCACHE (0.0ms)[0m   [0;1mSELECT * FROM `categories` WHERE (`categories`.`id` = 1) [0m
  [4;35;1mTag Load (0.0ms)[0m   [0mSELECT `tags`.* FROM `tags` INNER JOIN `taggings` ON `tags`.id = `taggings`.tag_id WHERE ((`taggings`.taggable_type = 'Article') AND (`taggings`.taggable_id = 14)) [0m
  [4;36;1mSQL (0.0ms)[0m   [0;1mSELECT count(`comments`.id) AS count_id FROM `comments` WHERE (commentable_id = 14) [0m
  [4;35;1mArticle Load (0.0ms)[0m   [0mSELECT * FROM `articles` ORDER BY created_at DESC LIMIT 10[0m
  [4;36;1mComment Load (0.0ms)[0m   [0;1mSELECT * FROM `comments` ORDER BY created_at DESC, created_at ASC LIMIT 10[0m
  [4;35;1mArticle Load (0.0ms)[0m   [0mSELECT * FROM `articles` WHERE (`articles`.`id` = 23) [0m
  [4;36;1mArticle Load (0.0ms)[0m   [0;1mSELECT * FROM `articles` WHERE (`articles`.`id` = 21) [0m
  [4;35;1mArticle Load (0.0ms)[0m   [0mSELECT * FROM `articles` WHERE (`articles`.`id` = 5) [0m
  [4;36;1mCACHE (0.0ms)[0m   [0;1mSELECT * FROM `articles` WHERE (`articles`.`id` = 5) [0m
  [4;35;1mCACHE (0.0ms)[0m   [0mSELECT * FROM `articles` WHERE (`articles`.`id` = 5) [0m
  [4;36;1mCACHE (0.0ms)[0m   [0;1mSELECT * FROM `articles` WHERE (`articles`.`id` = 5) [0m
  [4;35;1mCACHE (0.0ms)[0m   [0mSELECT * FROM `articles` WHERE (`articles`.`id` = 5) [0m
  [4;36;1mCACHE (0.0ms)[0m   [0;1mSELECT * FROM `articles` WHERE (`articles`.`id` = 5) [0m
  [4;35;1mCACHE (0.0ms)[0m   [0mSELECT * FROM `articles` WHERE (`articles`.`id` = 5) [0m
  [4;36;1mCACHE (0.0ms)[0m   [0;1mSELECT * FROM `articles` WHERE (`articles`.`id` = 5) [0m
  [4;35;1mSQL (0.0ms)[0m   [0mSET NAMES 'utf8'[0m
  [4;36;1mSQL (0.0ms)[0m   [0;1mSET SQL_AUTO_IS_NULL=0[0m
  [4;35;1mArticle Load (0.0ms)[0m   [0mSELECT * FROM `articles` ORDER BY created_at DESC[0m
  [4;36;1mArticle Columns (16.0ms)[0m   [0;1mSHOW FIELDS FROM `articles`[0m
  [4;35;1mSQL (0.0ms)[0m   [0mSET NAMES 'utf8'[0m
  [4;36;1mSQL (0.0ms)[0m   [0;1mSET SQL_AUTO_IS_NULL=0[0m
  [4;35;1mSQL (0.0ms)[0m   [0mSET NAMES 'utf8'[0m
  [4;36;1mSQL (0.0ms)[0m   [0;1mSET SQL_AUTO_IS_NULL=0[0m
  [4;35;1mCategory Load (0.0ms)[0m   [0mSELECT * FROM `categories` [0m
  [4;36;1mArticle Load (0.0ms)[0m   [0;1mSELECT * FROM `articles` ORDER BY created_at DESC LIMIT 0, 10[0m
  [4;35;1mArticle Columns (15.0ms)[0m   [0mSHOW FIELDS FROM `articles`[0m
  [4;36;1mSQL (0.0ms)[0m   [0;1mSELECT count(*) AS count_all FROM `articles` [0m
  [4;35;1mCategory Columns (0.0ms)[0m   [0mSHOW FIELDS FROM `categories`[0m
  [4;36;1mCategory Load (0.0ms)[0m   [0;1mSELECT * FROM `categories` WHERE (`categories`.`id` = 2) [0m
  [4;35;1mTag Load (0.0ms)[0m   [0mSELECT `tags`.* FROM `tags` INNER JOIN `taggings` ON `tags`.id = `taggings`.tag_id WHERE ((`taggings`.taggable_type = 'Article') AND (`taggings`.taggable_id = 23)) [0m
  [4;36;1mComment Columns (0.0ms)[0m   [0;1mSHOW FIELDS FROM `comments`[0m
  [4;35;1mSQL (0.0ms)[0m   [0mSELECT count(`comments`.id) AS count_id FROM `comments` WHERE (commentable_id = 23) [0m
  [4;36;1mCategory Load (0.0ms)[0m   [0;1mSELECT * FROM `categories` WHERE (`categories`.`id` = 1) [0m
  [4;35;1mTag Load (0.0ms)[0m   [0mSELECT `tags`.* FROM `tags` INNER JOIN `taggings` ON `tags`.id = `taggings`.tag_id WHERE ((`taggings`.taggable_type = 'Article') AND (`taggings`.taggable_id = 22)) [0m
  [4;36;1mSQL (0.0ms)[0m   [0;1mSELECT count(`comments`.id) AS count_id FROM `comments` WHERE (commentable_id = 22) [0m
  [4;35;1mCACHE (0.0ms)[0m   [0mSELECT * FROM `categories` WHERE (`categories`.`id` = 2) [0m
  [4;36;1mTag Load (0.0ms)[0m   [0;1mSELECT `tags`.* FROM `tags` INNER JOIN `taggings` ON `tags`.id = `taggings`.tag_id WHERE ((`taggings`.taggable_type = 'Article') AND (`taggings`.taggable_id = 21)) [0m
  [4;35;1mSQL (16.0ms)[0m   [0mSELECT count(`comments`.id) AS count_id FROM `comments` WHERE (commentable_id = 21) [0m
  [4;36;1mCACHE (0.0ms)[0m   [0;1mSELECT * FROM `categories` WHERE (`categories`.`id` = 1) [0m
  [4;35;1mTag Load (0.0ms)[0m   [0mSELECT `tags`.* FROM `tags` INNER JOIN `taggings` ON `tags`.id = `taggings`.tag_id WHERE ((`taggings`.taggable_type = 'Article') AND (`taggings`.taggable_id = 20)) [0m
  [4;36;1mSQL (0.0ms)[0m   [0;1mSELECT count(`comments`.id) AS count_id FROM `comments` WHERE (commentable_id = 20) [0m
  [4;35;1mCACHE (0.0ms)[0m   [0mSELECT * FROM `categories` WHERE (`categories`.`id` = 2) [0m
  [4;36;1mTag Load (0.0ms)[0m   [0;1mSELECT `tags`.* FROM `tags` INNER JOIN `taggings` ON `tags`.id = `taggings`.tag_id WHERE ((`taggings`.taggable_type = 'Article') AND (`taggings`.taggable_id = 19)) [0m
  [4;35;1mSQL (0.0ms)[0m   [0mSELECT count(`comments`.id) AS count_id FROM `comments` WHERE (commentable_id = 19) [0m
  [4;36;1mCACHE (0.0ms)[0m   [0;1mSELECT * FROM `categories` WHERE (`categories`.`id` = 2) [0m
  [4;35;1mTag Load (0.0ms)[0m   [0mSELECT `tags`.* FROM `tags` INNER JOIN `taggings` ON `tags`.id = `taggings`.tag_id WHERE ((`taggings`.taggable_type = 'Article') AND (`taggings`.taggable_id = 18)) [0m
  [4;36;1mSQL (0.0ms)[0m   [0;1mSELECT count(`comments`.id) AS count_id FROM `comments` WHERE (commentable_id = 18) [0m
  [4;35;1mCACHE (0.0ms)[0m   [0mSELECT * FROM `categories` WHERE (`categories`.`id` = 2) [0m
  [4;36;1mTag Load (0.0ms)[0m   [0;1mSELECT `tags`.* FROM `tags` INNER JOIN `taggings` ON `tags`.id = `taggings`.tag_id WHERE ((`taggings`.taggable_type = 'Article') AND (`taggings`.taggable_id = 17)) [0m
  [4;35;1mSQL (0.0ms)[0m   [0mSELECT count(`comments`.id) AS count_id FROM `comments` WHERE (commentable_id = 17) [0m
  [4;36;1mCACHE (0.0ms)[0m   [0;1mSELECT * FROM `categories` WHERE (`categories`.`id` = 1) [0m
  [4;35;1mTag Load (0.0ms)[0m   [0mSELECT `tags`.* FROM `tags` INNER JOIN `taggings` ON `tags`.id = `taggings`.tag_id WHERE ((`taggings`.taggable_type = 'Article') AND (`taggings`.taggable_id = 16)) [0m
  [4;36;1mSQL (0.0ms)[0m   [0;1mSELECT count(`comments`.id) AS count_id FROM `comments` WHERE (commentable_id = 16) [0m
  [4;35;1mCACHE (0.0ms)[0m   [0mSELECT * FROM `categories` WHERE (`categories`.`id` = 1) [0m
  [4;36;1mTag Load (0.0ms)[0m   [0;1mSELECT `tags`.* FROM `tags` INNER JOIN `taggings` ON `tags`.id = `taggings`.tag_id WHERE ((`taggings`.taggable_type = 'Article') AND (`taggings`.taggable_id = 15)) [0m
  [4;35;1mSQL (0.0ms)[0m   [0mSELECT count(`comments`.id) AS count_id FROM `comments` WHERE (commentable_id = 15) [0m
  [4;36;1mCACHE (0.0ms)[0m   [0;1mSELECT * FROM `categories` WHERE (`categories`.`id` = 1) [0m
  [4;35;1mTag Load (0.0ms)[0m   [0mSELECT `tags`.* FROM `tags` INNER JOIN `taggings` ON `tags`.id = `taggings`.tag_id WHERE ((`taggings`.taggable_type = 'Article') AND (`taggings`.taggable_id = 14)) [0m
  [4;36;1mSQL (0.0ms)[0m   [0;1mSELECT count(`comments`.id) AS count_id FROM `comments` WHERE (commentable_id = 14) [0m
  [4;35;1mArticle Load (0.0ms)[0m   [0mSELECT * FROM `articles` ORDER BY created_at DESC LIMIT 10[0m
  [4;36;1mComment Load (0.0ms)[0m   [0;1mSELECT * FROM `comments` ORDER BY created_at DESC, created_at ASC LIMIT 10[0m
  [4;35;1mArticle Load (0.0ms)[0m   [0mSELECT * FROM `articles` WHERE (`articles`.`id` = 23) [0m
  [4;36;1mArticle Load (0.0ms)[0m   [0;1mSELECT * FROM `articles` WHERE (`articles`.`id` = 21) [0m
  [4;35;1mArticle Load (0.0ms)[0m   [0mSELECT * FROM `articles` WHERE (`articles`.`id` = 5) [0m
  [4;36;1mCACHE (0.0ms)[0m   [0;1mSELECT * FROM `articles` WHERE (`articles`.`id` = 5) [0m
  [4;35;1mCACHE (0.0ms)[0m   [0mSELECT * FROM `articles` WHERE (`articles`.`id` = 5) [0m
  [4;36;1mCACHE (0.0ms)[0m   [0;1mSELECT * FROM `articles` WHERE (`articles`.`id` = 5) [0m
  [4;35;1mCACHE (0.0ms)[0m   [0mSELECT * FROM `articles` WHERE (`articles`.`id` = 5) [0m
  [4;36;1mCACHE (0.0ms)[0m   [0;1mSELECT * FROM `articles` WHERE (`articles`.`id` = 5) [0m
  [4;35;1mCACHE (0.0ms)[0m   [0mSELECT * FROM `articles` WHERE (`articles`.`id` = 5) [0m
  [4;36;1mCACHE (0.0ms)[0m   [0;1mSELECT * FROM `articles` WHERE (`articles`.`id` = 5) [0m
  [4;35;1mSQL (0.0ms)[0m   [0mSET NAMES 'utf8'[0m
  [4;36;1mSQL (0.0ms)[0m   [0;1mSET SQL_AUTO_IS_NULL=0[0m
  [4;35;1mArticle Load (0.0ms)[0m   [0mSELECT * FROM `articles` ORDER BY created_at DESC[0m
  [4;36;1mArticle Columns (0.0ms)[0m   [0;1mSHOW FIELDS FROM `articles`[0m
  [4;35;1mSQL (0.0ms)[0m   [0mSET NAMES 'utf8'[0m
  [4;36;1mSQL (0.0ms)[0m   [0;1mSET SQL_AUTO_IS_NULL=0[0m
  [4;36;1mSQL (16.0ms)[0m   [0;1mSET NAMES 'utf8'[0m
  [4;35;1mSQL (0.0ms)[0m   [0mSET SQL_AUTO_IS_NULL=0[0m
  [4;36;1mSQL (250.0ms)[0m   [0;1mSHOW TABLES[0m
  [4;35;1mSQL (0.0ms)[0m   [0mSELECT version FROM schema_migrations[0m
Migrating to CreateArticles (20091012145421)
Migrating to CreateCategories (20091016114701)
Migrating to AddCategoryIdToArticles (20091023023820)
Migrating to ActsAsTaggableMigration (20091023125036)
Migrating to CreateComments (20091102041841)
Migrating to CreateUsers (20091107051238)
Migrating to CreateSessions (20091107090419)
Migrating to AddAttachmentsStuffToArticle (20091110092019)
Migrating to CreatePics (20091125095745)
Migrating to AddSomethingToCategories (20091130080358)
  [4;36;1mSQL (0.0ms)[0m   [0;1mMysql::Error: You have an error in your SQL syntax; check the manual that corresponds to your MySQL server version for the right syntax to use near 'references' at line 1: ALTER TABLE `categories` ADD `catable` references[0m
  [4;36;1mSQL (31.0ms)[0m   [0;1mSET NAMES 'utf8'[0m
  [4;35;1mSQL (32.0ms)[0m   [0mSET SQL_AUTO_IS_NULL=0[0m
  [4;36;1mSQL (250.0ms)[0m   [0;1mSHOW TABLES[0m
  [4;35;1mSQL (0.0ms)[0m   [0mSELECT version FROM schema_migrations[0m
Migrating to CreateArticles (20091012145421)
Migrating to CreateCategories (20091016114701)
Migrating to AddCategoryIdToArticles (20091023023820)
Migrating to ActsAsTaggableMigration (20091023125036)
Migrating to CreateComments (20091102041841)
Migrating to CreateUsers (20091107051238)
Migrating to CreateSessions (20091107090419)
Migrating to AddAttachmentsStuffToArticle (20091110092019)
Migrating to CreatePics (20091125095745)
Migrating to AddCateableTypeToCategories (20091130080358)
  [4;36;1mSQL (0.0ms)[0m   [0;1mSET NAMES 'utf8'[0m
  [4;35;1mSQL (0.0ms)[0m   [0mSET SQL_AUTO_IS_NULL=0[0m
  [4;36;1mSQL (0.0ms)[0m   [0;1mSHOW TABLES[0m
  [4;36;1mSQL (0.0ms)[0m   [0;1mSET NAMES 'utf8'[0m
  [4;35;1mSQL (0.0ms)[0m   [0mSET SQL_AUTO_IS_NULL=0[0m
  [4;36;1mSQL (0.0ms)[0m   [0;1mSHOW TABLES[0m
  [4;35;1mSQL (0.0ms)[0m   [0mSELECT version FROM schema_migrations[0m
Migrating to CreateArticles (20091012145421)
Migrating to CreateCategories (20091016114701)
Migrating to AddCategoryIdToArticles (20091023023820)
Migrating to ActsAsTaggableMigration (20091023125036)
Migrating to CreateComments (20091102041841)
Migrating to CreateUsers (20091107051238)
Migrating to CreateSessions (20091107090419)
Migrating to AddAttachmentsStuffToArticle (20091110092019)
Migrating to CreatePics (20091125095745)
Migrating to AddSomethingToCategories (20091130080358)
  [4;36;1mSQL (0.0ms)[0m   [0;1mSET NAMES 'utf8'[0m
  [4;35;1mSQL (0.0ms)[0m   [0mSET SQL_AUTO_IS_NULL=0[0m
  [4;36;1mSQL (16.0ms)[0m   [0;1mSHOW TABLES[0m
  [4;35;1mSQL (0.0ms)[0m   [0mSELECT version FROM schema_migrations[0m
Migrating to CreateArticles (20091012145421)
Migrating to CreateCategories (20091016114701)
Migrating to AddCategoryIdToArticles (20091023023820)
Migrating to ActsAsTaggableMigration (20091023125036)
Migrating to CreateComments (20091102041841)
Migrating to CreateUsers (20091107051238)
Migrating to CreateSessions (20091107090419)
Migrating to AddAttachmentsStuffToArticle (20091110092019)
Migrating to CreatePics (20091125095745)
Migrating to AddSomethingToCategories (20091130080358)
  [4;36;1mSQL (0.0ms)[0m   [0;1mSET NAMES 'utf8'[0m
  [4;35;1mSQL (0.0ms)[0m   [0mSET SQL_AUTO_IS_NULL=0[0m
  [4;36;1mSQL (0.0ms)[0m   [0;1mSHOW TABLES[0m
  [4;35;1mSQL (0.0ms)[0m   [0mSELECT version FROM schema_migrations[0m
Migrating to CreateArticles (20091012145421)
Migrating to CreateCategories (20091016114701)
Migrating to AddCategoryIdToArticles (20091023023820)
Migrating to ActsAsTaggableMigration (20091023125036)
Migrating to CreateComments (20091102041841)
Migrating to CreateUsers (20091107051238)
Migrating to CreateSessions (20091107090419)
Migrating to AddAttachmentsStuffToArticle (20091110092019)
Migrating to CreatePics (20091125095745)
Migrating to AddSomethingToCategories (20091130080358)
  [4;36;1mSQL (0.0ms)[0m   [0;1mSET NAMES 'utf8'[0m
  [4;35;1mSQL (0.0ms)[0m   [0mSET SQL_AUTO_IS_NULL=0[0m
  [4;36;1mSQL (16.0ms)[0m   [0;1mSHOW TABLES[0m
  [4;35;1mSQL (0.0ms)[0m   [0mSELECT version FROM schema_migrations[0m
Migrating to CreateArticles (20091012145421)
Migrating to CreateCategories (20091016114701)
Migrating to AddCategoryIdToArticles (20091023023820)
Migrating to ActsAsTaggableMigration (20091023125036)
Migrating to CreateComments (20091102041841)
Migrating to CreateUsers (20091107051238)
Migrating to CreateSessions (20091107090419)
Migrating to AddAttachmentsStuffToArticle (20091110092019)
Migrating to CreatePics (20091125095745)
Migrating to AddCateableTypeToCategories (20091130103727)
  [4;36;1mSQL (359.0ms)[0m   [0;1mALTER TABLE `categories` ADD `cateable_type` varchar(255)[0m
  [4;35;1mSQL (0.0ms)[0m   [0mINSERT INTO schema_migrations (version) VALUES ('20091130103727')[0m
  [4;36;1mSQL (0.0ms)[0m   [0;1mSHOW TABLES[0m
  [4;35;1mSQL (15.0ms)[0m   [0mSELECT version FROM schema_migrations[0m
  [4;36;1mSQL (0.0ms)[0m   [0;1mSHOW TABLES[0m
  [4;35;1mSQL (109.0ms)[0m   [0mSHOW FIELDS FROM `articles`[0m
  [4;36;1mSQL (16.0ms)[0m   [0;1mdescribe `articles`[0m
  [4;35;1mSQL (0.0ms)[0m   [0mSHOW KEYS FROM `articles`[0m
  [4;36;1mSQL (0.0ms)[0m   [0;1mSHOW FIELDS FROM `categories`[0m
  [4;35;1mSQL (15.0ms)[0m   [0mdescribe `categories`[0m
  [4;36;1mSQL (0.0ms)[0m   [0;1mSHOW KEYS FROM `categories`[0m
  [4;35;1mSQL (0.0ms)[0m   [0mSHOW FIELDS FROM `comments`[0m
  [4;36;1mSQL (0.0ms)[0m   [0;1mdescribe `comments`[0m
  [4;35;1mSQL (16.0ms)[0m   [0mSHOW KEYS FROM `comments`[0m
  [4;36;1mSQL (0.0ms)[0m   [0;1mSHOW FIELDS FROM `pics`[0m
  [4;35;1mSQL (0.0ms)[0m   [0mdescribe `pics`[0m
  [4;36;1mSQL (0.0ms)[0m   [0;1mSHOW KEYS FROM `pics`[0m
  [4;35;1mSQL (0.0ms)[0m   [0mSHOW FIELDS FROM `sessions`[0m
  [4;36;1mSQL (16.0ms)[0m   [0;1mdescribe `sessions`[0m
  [4;35;1mSQL (0.0ms)[0m   [0mSHOW KEYS FROM `sessions`[0m
  [4;36;1mSQL (0.0ms)[0m   [0;1mSHOW FIELDS FROM `taggings`[0m
  [4;35;1mSQL (0.0ms)[0m   [0mdescribe `taggings`[0m
  [4;36;1mSQL (16.0ms)[0m   [0;1mSHOW KEYS FROM `taggings`[0m
  [4;35;1mSQL (0.0ms)[0m   [0mSHOW FIELDS FROM `tags`[0m
  [4;36;1mSQL (0.0ms)[0m   [0;1mdescribe `tags`[0m
  [4;35;1mSQL (0.0ms)[0m   [0mSHOW KEYS FROM `tags`[0m
  [4;36;1mSQL (16.0ms)[0m   [0;1mSHOW FIELDS FROM `users`[0m
  [4;35;1mSQL (0.0ms)[0m   [0mdescribe `users`[0m
  [4;36;1mSQL (0.0ms)[0m   [0;1mSHOW KEYS FROM `users`[0m
  [4;36;1mSQL (0.0ms)[0m   [0;1mSET NAMES 'utf8'[0m
  [4;35;1mSQL (0.0ms)[0m   [0mSET SQL_AUTO_IS_NULL=0[0m
  [4;36;1mSQL (219.0ms)[0m   [0;1mSHOW TABLES[0m
  [4;35;1mSQL (0.0ms)[0m   [0mSELECT version FROM schema_migrations[0m
Migrating to CreateArticles (20091012145421)
Migrating to CreateCategories (20091016114701)
Migrating to AddCategoryIdToArticles (20091023023820)
Migrating to ActsAsTaggableMigration (20091023125036)
Migrating to CreateComments (20091102041841)
Migrating to CreateUsers (20091107051238)
Migrating to CreateSessions (20091107090419)
Migrating to AddAttachmentsStuffToArticle (20091110092019)
Migrating to CreatePics (20091125095745)
Migrating to AddCateableTypeToCategories (20091130103727)
Migrating to AddPicCategoryIdToPics (20091130104236)
  [4;36;1mSQL (47.0ms)[0m   [0;1mALTER TABLE `pics` ADD `pic_category_id` int(11)[0m
  [4;35;1mSQL (0.0ms)[0m   [0mINSERT INTO schema_migrations (version) VALUES ('20091130104236')[0m
  [4;36;1mSQL (0.0ms)[0m   [0;1mSHOW TABLES[0m
  [4;35;1mSQL (0.0ms)[0m   [0mSELECT version FROM schema_migrations[0m
  [4;36;1mSQL (0.0ms)[0m   [0;1mSHOW TABLES[0m
  [4;35;1mSQL (31.0ms)[0m   [0mSHOW FIELDS FROM `articles`[0m
  [4;36;1mSQL (0.0ms)[0m   [0;1mdescribe `articles`[0m
  [4;35;1mSQL (0.0ms)[0m   [0mSHOW KEYS FROM `articles`[0m
  [4;36;1mSQL (0.0ms)[0m   [0;1mSHOW FIELDS FROM `categories`[0m
  [4;35;1mSQL (0.0ms)[0m   [0mdescribe `categories`[0m
  [4;36;1mSQL (0.0ms)[0m   [0;1mSHOW KEYS FROM `categories`[0m
  [4;35;1mSQL (0.0ms)[0m   [0mSHOW FIELDS FROM `comments`[0m
  [4;36;1mSQL (0.0ms)[0m   [0;1mdescribe `comments`[0m
  [4;35;1mSQL (0.0ms)[0m   [0mSHOW KEYS FROM `comments`[0m
  [4;36;1mSQL (0.0ms)[0m   [0;1mSHOW FIELDS FROM `pics`[0m
  [4;35;1mSQL (0.0ms)[0m   [0mdescribe `pics`[0m
  [4;36;1mSQL (0.0ms)[0m   [0;1mSHOW KEYS FROM `pics`[0m
  [4;35;1mSQL (0.0ms)[0m   [0mSHOW FIELDS FROM `sessions`[0m
  [4;36;1mSQL (16.0ms)[0m   [0;1mdescribe `sessions`[0m
  [4;35;1mSQL (0.0ms)[0m   [0mSHOW KEYS FROM `sessions`[0m
  [4;36;1mSQL (0.0ms)[0m   [0;1mSHOW FIELDS FROM `taggings`[0m
  [4;35;1mSQL (0.0ms)[0m   [0mdescribe `taggings`[0m
  [4;36;1mSQL (15.0ms)[0m   [0;1mSHOW KEYS FROM `taggings`[0m
  [4;35;1mSQL (0.0ms)[0m   [0mSHOW FIELDS FROM `tags`[0m
  [4;36;1mSQL (0.0ms)[0m   [0;1mdescribe `tags`[0m
  [4;35;1mSQL (0.0ms)[0m   [0mSHOW KEYS FROM `tags`[0m
  [4;36;1mSQL (16.0ms)[0m   [0;1mSHOW FIELDS FROM `users`[0m
  [4;35;1mSQL (0.0ms)[0m   [0mdescribe `users`[0m
  [4;36;1mSQL (0.0ms)[0m   [0;1mSHOW KEYS FROM `users`[0m
  [4;36;1mSQL (0.0ms)[0m   [0;1mSET NAMES 'utf8'[0m
  [4;35;1mSQL (0.0ms)[0m   [0mSET SQL_AUTO_IS_NULL=0[0m
  [4;36;1mSQL (0.0ms)[0m   [0;1mSET NAMES 'utf8'[0m
  [4;35;1mSQL (0.0ms)[0m   [0mSET SQL_AUTO_IS_NULL=0[0m
  [4;36;1mSQL (0.0ms)[0m   [0;1mSET NAMES 'utf8'[0m
  [4;35;1mSQL (0.0ms)[0m   [0mSET SQL_AUTO_IS_NULL=0[0m
  [4;36;1mCategory Load (16.0ms)[0m   [0;1mSELECT * FROM `categories` [0m
  [4;35;1mArticle Load (0.0ms)[0m   [0mSELECT * FROM `articles` ORDER BY created_at DESC LIMIT 0, 10[0m
  [4;36;1mArticle Columns (0.0ms)[0m   [0;1mSHOW FIELDS FROM `articles`[0m
  [4;35;1mSQL (15.0ms)[0m   [0mSELECT count(*) AS count_all FROM `articles` [0m
  [4;36;1mCategory Columns (0.0ms)[0m   [0;1mSHOW FIELDS FROM `categories`[0m
  [4;35;1mCategory Load (16.0ms)[0m   [0mSELECT * FROM `categories` WHERE (`categories`.`id` = 2) [0m
  [4;36;1mTagging Columns (0.0ms)[0m   [0;1mSHOW FIELDS FROM `taggings`[0m
  [4;35;1mTag Load (15.0ms)[0m   [0mSELECT `tags`.* FROM `tags` INNER JOIN `taggings` ON `tags`.id = `taggings`.tag_id WHERE ((`taggings`.taggable_type = 'Article') AND (`taggings`.taggable_id = 23)) [0m
  [4;36;1mComment Columns (15.0ms)[0m   [0;1mSHOW FIELDS FROM `comments`[0m
  [4;35;1mSQL (0.0ms)[0m   [0mSELECT count(`comments`.id) AS count_id FROM `comments` WHERE (commentable_id = 23) [0m
  [4;36;1mCategory Load (0.0ms)[0m   [0;1mSELECT * FROM `categories` WHERE (`categories`.`id` = 1) [0m
  [4;35;1mTag Load (0.0ms)[0m   [0mSELECT `tags`.* FROM `tags` INNER JOIN `taggings` ON `tags`.id = `taggings`.tag_id WHERE ((`taggings`.taggable_type = 'Article') AND (`taggings`.taggable_id = 22)) [0m
  [4;36;1mSQL (0.0ms)[0m   [0;1mSELECT count(`comments`.id) AS count_id FROM `comments` WHERE (commentable_id = 22) [0m
  [4;35;1mCACHE (0.0ms)[0m   [0mSELECT * FROM `categories` WHERE (`categories`.`id` = 2) [0m
  [4;36;1mTag Load (0.0ms)[0m   [0;1mSELECT `tags`.* FROM `tags` INNER JOIN `taggings` ON `tags`.id = `taggings`.tag_id WHERE ((`taggings`.taggable_type = 'Article') AND (`taggings`.taggable_id = 21)) [0m
  [4;35;1mSQL (0.0ms)[0m   [0mSELECT count(`comments`.id) AS count_id FROM `comments` WHERE (commentable_id = 21) [0m
  [4;36;1mCACHE (0.0ms)[0m   [0;1mSELECT * FROM `categories` WHERE (`categories`.`id` = 1) [0m
  [4;35;1mTag Load (0.0ms)[0m   [0mSELECT `tags`.* FROM `tags` INNER JOIN `taggings` ON `tags`.id = `taggings`.tag_id WHERE ((`taggings`.taggable_type = 'Article') AND (`taggings`.taggable_id = 20)) [0m
  [4;36;1mSQL (0.0ms)[0m   [0;1mSELECT count(`comments`.id) AS count_id FROM `comments` WHERE (commentable_id = 20) [0m
  [4;35;1mCACHE (0.0ms)[0m   [0mSELECT * FROM `categories` WHERE (`categories`.`id` = 2) [0m
  [4;36;1mTag Load (0.0ms)[0m   [0;1mSELECT `tags`.* FROM `tags` INNER JOIN `taggings` ON `tags`.id = `taggings`.tag_id WHERE ((`taggings`.taggable_type = 'Article') AND (`taggings`.taggable_id = 19)) [0m
  [4;35;1mSQL (0.0ms)[0m   [0mSELECT count(`comments`.id) AS count_id FROM `comments` WHERE (commentable_id = 19) [0m
  [4;36;1mCACHE (0.0ms)[0m   [0;1mSELECT * FROM `categories` WHERE (`categories`.`id` = 2) [0m
  [4;35;1mTag Load (0.0ms)[0m   [0mSELECT `tags`.* FROM `tags` INNER JOIN `taggings` ON `tags`.id = `taggings`.tag_id WHERE ((`taggings`.taggable_type = 'Article') AND (`taggings`.taggable_id = 18)) [0m
  [4;36;1mSQL (0.0ms)[0m   [0;1mSELECT count(`comments`.id) AS count_id FROM `comments` WHERE (commentable_id = 18) [0m
  [4;35;1mCACHE (0.0ms)[0m   [0mSELECT * FROM `categories` WHERE (`categories`.`id` = 2) [0m
  [4;36;1mTag Load (0.0ms)[0m   [0;1mSELECT `tags`.* FROM `tags` INNER JOIN `taggings` ON `tags`.id = `taggings`.tag_id WHERE ((`taggings`.taggable_type = 'Article') AND (`taggings`.taggable_id = 17)) [0m
  [4;35;1mSQL (0.0ms)[0m   [0mSELECT count(`comments`.id) AS count_id FROM `comments` WHERE (commentable_id = 17) [0m
  [4;36;1mCACHE (0.0ms)[0m   [0;1mSELECT * FROM `categories` WHERE (`categories`.`id` = 1) [0m
  [4;35;1mTag Load (0.0ms)[0m   [0mSELECT `tags`.* FROM `tags` INNER JOIN `taggings` ON `tags`.id = `taggings`.tag_id WHERE ((`taggings`.taggable_type = 'Article') AND (`taggings`.taggable_id = 16)) [0m
  [4;36;1mSQL (0.0ms)[0m   [0;1mSELECT count(`comments`.id) AS count_id FROM `comments` WHERE (commentable_id = 16) [0m
  [4;35;1mCACHE (0.0ms)[0m   [0mSELECT * FROM `categories` WHERE (`categories`.`id` = 1) [0m
  [4;36;1mTag Load (0.0ms)[0m   [0;1mSELECT `tags`.* FROM `tags` INNER JOIN `taggings` ON `tags`.id = `taggings`.tag_id WHERE ((`taggings`.taggable_type = 'Article') AND (`taggings`.taggable_id = 15)) [0m
  [4;35;1mSQL (0.0ms)[0m   [0mSELECT count(`comments`.id) AS count_id FROM `comments` WHERE (commentable_id = 15) [0m
  [4;36;1mCACHE (0.0ms)[0m   [0;1mSELECT * FROM `categories` WHERE (`categories`.`id` = 1) [0m
  [4;35;1mTag Load (0.0ms)[0m   [0mSELECT `tags`.* FROM `tags` INNER JOIN `taggings` ON `tags`.id = `taggings`.tag_id WHERE ((`taggings`.taggable_type = 'Article') AND (`taggings`.taggable_id = 14)) [0m
  [4;36;1mSQL (0.0ms)[0m   [0;1mSELECT count(`comments`.id) AS count_id FROM `comments` WHERE (commentable_id = 14) [0m
  [4;35;1mArticle Load (0.0ms)[0m   [0mSELECT * FROM `articles` ORDER BY created_at DESC LIMIT 10[0m
  [4;36;1mComment Load (0.0ms)[0m   [0;1mSELECT * FROM `comments` ORDER BY created_at DESC, created_at ASC LIMIT 10[0m
  [4;35;1mArticle Load (0.0ms)[0m   [0mSELECT * FROM `articles` WHERE (`articles`.`id` = 23) [0m
  [4;36;1mArticle Load (0.0ms)[0m   [0;1mSELECT * FROM `articles` WHERE (`articles`.`id` = 21) [0m
  [4;35;1mArticle Load (0.0ms)[0m   [0mSELECT * FROM `articles` WHERE (`articles`.`id` = 5) [0m
  [4;36;1mCACHE (0.0ms)[0m   [0;1mSELECT * FROM `articles` WHERE (`articles`.`id` = 5) [0m
  [4;35;1mCACHE (0.0ms)[0m   [0mSELECT * FROM `articles` WHERE (`articles`.`id` = 5) [0m
  [4;36;1mCACHE (0.0ms)[0m   [0;1mSELECT * FROM `articles` WHERE (`articles`.`id` = 5) [0m
  [4;35;1mCACHE (0.0ms)[0m   [0mSELECT * FROM `articles` WHERE (`articles`.`id` = 5) [0m
  [4;36;1mCACHE (0.0ms)[0m   [0;1mSELECT * FROM `articles` WHERE (`articles`.`id` = 5) [0m
  [4;35;1mCACHE (0.0ms)[0m   [0mSELECT * FROM `articles` WHERE (`articles`.`id` = 5) [0m
  [4;36;1mCACHE (0.0ms)[0m   [0;1mSELECT * FROM `articles` WHERE (`articles`.`id` = 5) [0m
  [4;35;1mSQL (0.0ms)[0m   [0mSET NAMES 'utf8'[0m
  [4;36;1mSQL (0.0ms)[0m   [0;1mSET SQL_AUTO_IS_NULL=0[0m
  [4;35;1mSQL (0.0ms)[0m   [0mSET NAMES 'utf8'[0m
  [4;36;1mSQL (0.0ms)[0m   [0;1mSET SQL_AUTO_IS_NULL=0[0m
  [4;35;1mSQL (0.0ms)[0m   [0mSET NAMES 'utf8'[0m
  [4;36;1mSQL (0.0ms)[0m   [0;1mSET SQL_AUTO_IS_NULL=0[0m
  [4;35;1mSQL (0.0ms)[0m   [0mSET NAMES 'utf8'[0m
  [4;36;1mSQL (0.0ms)[0m   [0;1mSET SQL_AUTO_IS_NULL=0[0m
  [4;35;1mCategory Load (0.0ms)[0m   [0mSELECT * FROM `categories` WHERE (cateable_type = 'Pic') [0m
  [4;36;1mSQL (0.0ms)[0m   [0;1mSET NAMES 'utf8'[0m
  [4;35;1mSQL (0.0ms)[0m   [0mSET SQL_AUTO_IS_NULL=0[0m
  [4;36;1mCategory Load (0.0ms)[0m   [0;1mSELECT * FROM `categories` WHERE (cateable_type = 'Pic') [0m
  [4;35;1mSQL (0.0ms)[0m   [0mSET NAMES 'utf8'[0m
  [4;36;1mSQL (0.0ms)[0m   [0;1mSET SQL_AUTO_IS_NULL=0[0m
  [4;35;1mCategory Load (0.0ms)[0m   [0mSELECT * FROM `categories` WHERE (cateable_type = 'Pic') [0m
  [4;36;1mSQL (0.0ms)[0m   [0;1mSET NAMES 'utf8'[0m
  [4;35;1mSQL (0.0ms)[0m   [0mSET SQL_AUTO_IS_NULL=0[0m
  [4;36;1mCategory Load (0.0ms)[0m   [0;1mSELECT * FROM `categories` WHERE (cateable_type = 'Pic') [0m
  [4;35;1mSQL (0.0ms)[0m   [0mSET NAMES 'utf8'[0m
  [4;36;1mSQL (0.0ms)[0m   [0;1mSET SQL_AUTO_IS_NULL=0[0m
  [4;35;1mCategory Load (0.0ms)[0m   [0mSELECT * FROM `categories` WHERE (cateable_type = 'Pic') [0m
  [4;36;1mPic Load (0.0ms)[0m   [0;1mSELECT * FROM `pics` WHERE (pic_category_id = 54832680) LIMIT 1[0m
  [4;35;1mSQL (0.0ms)[0m   [0mSET NAMES 'utf8'[0m
  [4;36;1mSQL (0.0ms)[0m   [0;1mSET SQL_AUTO_IS_NULL=0[0m
  [4;35;1mSQL (0.0ms)[0m   [0mSET NAMES 'utf8'[0m
  [4;36;1mSQL (0.0ms)[0m   [0;1mSET SQL_AUTO_IS_NULL=0[0m
  [4;35;1mCategory Load (0.0ms)[0m   [0mSELECT * FROM `categories` WHERE (cateable_type = 'Pic') [0m
  [4;36;1mPic Load (0.0ms)[0m   [0;1mSELECT * FROM `pics` WHERE (pic_category_id = 55429230) LIMIT 1[0m
  [4;35;1mSQL (0.0ms)[0m   [0mSET NAMES 'utf8'[0m
  [4;36;1mSQL (0.0ms)[0m   [0;1mSET SQL_AUTO_IS_NULL=0[0m
  [4;35;1mSQL (0.0ms)[0m   [0mSET NAMES 'utf8'[0m
  [4;36;1mSQL (0.0ms)[0m   [0;1mSET SQL_AUTO_IS_NULL=0[0m
  [4;35;1mCategory Load (0.0ms)[0m   [0mSELECT * FROM `categories` WHERE (cateable_type = 'Pic') [0m
  [4;36;1mPic Load (0.0ms)[0m   [0;1mSELECT * FROM `pics` WHERE (pic_category_id = 53719050) LIMIT 1[0m
  [4;35;1mSQL (0.0ms)[0m   [0mSET NAMES 'utf8'[0m
  [4;36;1mSQL (0.0ms)[0m   [0;1mSET SQL_AUTO_IS_NULL=0[0m
  [4;35;1mSQL (0.0ms)[0m   [0mSET NAMES 'utf8'[0m
  [4;36;1mSQL (0.0ms)[0m   [0;1mSET SQL_AUTO_IS_NULL=0[0m
  [4;35;1mCategory Load (0.0ms)[0m   [0mSELECT * FROM `categories` WHERE (cateable_type = 'Pic') [0m
  [4;36;1mPic Load (0.0ms)[0m   [0;1mSELECT * FROM `pics` WHERE (pic_category_id = 53965370) LIMIT 1[0m
  [4;35;1mSQL (0.0ms)[0m   [0mSET NAMES 'utf8'[0m
  [4;36;1mSQL (0.0ms)[0m   [0;1mSET SQL_AUTO_IS_NULL=0[0m
  [4;35;1mSQL (0.0ms)[0m   [0mSET NAMES 'utf8'[0m
  [4;36;1mSQL (0.0ms)[0m   [0;1mSET SQL_AUTO_IS_NULL=0[0m
  [4;35;1mCategory Load (0.0ms)[0m   [0mSELECT * FROM `categories` WHERE (cateable_type = 'Pic') [0m
  [4;36;1mPic Load (0.0ms)[0m   [0;1mSELECT * FROM `pics` WHERE (pic_category_id = 55589200) LIMIT 1[0m
  [4;35;1mSQL (0.0ms)[0m   [0mSET NAMES 'utf8'[0m
  [4;36;1mSQL (0.0ms)[0m   [0;1mSET SQL_AUTO_IS_NULL=0[0m
  [4;35;1mPic Columns (0.0ms)[0m   [0mSHOW FIELDS FROM `pics`[0m
  [4;36;1mPic Load (0.0ms)[0m   [0;1mSELECT * FROM `pics` WHERE (`pics`.`id` = 1) [0m
  [4;35;1mSQL (0.0ms)[0m   [0mSET NAMES 'utf8'[0m
  [4;36;1mSQL (0.0ms)[0m   [0;1mSET SQL_AUTO_IS_NULL=0[0m
  [4;35;1mCategory Load (0.0ms)[0m   [0mSELECT * FROM `categories` WHERE (cateable_type = 'Pic') [0m
  [4;36;1mPic Load (0.0ms)[0m   [0;1mSELECT * FROM `pics` WHERE (pic_category_id = 55181850) LIMIT 1[0m
  [4;35;1mSQL (0.0ms)[0m   [0mSET NAMES 'utf8'[0m
  [4;36;1mSQL (0.0ms)[0m   [0;1mSET SQL_AUTO_IS_NULL=0[0m
  [4;35;1mPic Columns (31.0ms)[0m   [0mSHOW FIELDS FROM `pics`[0m
  [4;36;1mPic Load (0.0ms)[0m   [0;1mSELECT * FROM `pics` WHERE (`pics`.`id` = 1) [0m
  [4;35;1mSQL (0.0ms)[0m   [0mSET NAMES 'utf8'[0m
  [4;36;1mSQL (0.0ms)[0m   [0;1mSET SQL_AUTO_IS_NULL=0[0m
  [4;35;1mCategory Load (0.0ms)[0m   [0mSELECT * FROM `categories` WHERE (cateable_type = 'Pic') [0m
  [4;36;1mPic Load (0.0ms)[0m   [0;1mSELECT * FROM `pics` WHERE (pic_category_id = 55187800) LIMIT 1[0m
  [4;35;1mSQL (0.0ms)[0m   [0mSET NAMES 'utf8'[0m
  [4;36;1mSQL (0.0ms)[0m   [0;1mSET SQL_AUTO_IS_NULL=0[0m
  [4;35;1mPic Columns (0.0ms)[0m   [0mSHOW FIELDS FROM `pics`[0m
  [4;36;1mPic Load (0.0ms)[0m   [0;1mSELECT * FROM `pics` WHERE (`pics`.`id` = 1) [0m
  [4;35;1mSQL (0.0ms)[0m   [0mSET NAMES 'utf8'[0m
  [4;36;1mSQL (0.0ms)[0m   [0;1mSET SQL_AUTO_IS_NULL=0[0m
  [4;35;1mCategory Load (0.0ms)[0m   [0mSELECT * FROM `categories` WHERE (cateable_type = 'Pic') [0m
  [4;36;1mPic Load (15.0ms)[0m   [0;1mSELECT * FROM `pics` WHERE (pic_category_id = 55186010) LIMIT 1[0m
  [4;35;1mSQL (0.0ms)[0m   [0mSET NAMES 'utf8'[0m
  [4;36;1mSQL (0.0ms)[0m   [0;1mSET SQL_AUTO_IS_NULL=0[0m
  [4;35;1mPic Columns (31.0ms)[0m   [0mSHOW FIELDS FROM `pics`[0m
  [4;36;1mPic Load (0.0ms)[0m   [0;1mSELECT * FROM `pics` WHERE (`pics`.`id` = 1) [0m
  [4;35;1mSQL (0.0ms)[0m   [0mSET NAMES 'utf8'[0m
  [4;36;1mSQL (0.0ms)[0m   [0;1mSET SQL_AUTO_IS_NULL=0[0m
  [4;35;1mCategory Load (0.0ms)[0m   [0mSELECT * FROM `categories` WHERE (cateable_type = 'Pic') [0m
  [4;36;1mPic Load (0.0ms)[0m   [0;1mSELECT * FROM `pics` WHERE (pic_category_id = 55186820) LIMIT 1[0m
  [4;35;1mSQL (0.0ms)[0m   [0mSET NAMES 'utf8'[0m
  [4;36;1mSQL (0.0ms)[0m   [0;1mSET SQL_AUTO_IS_NULL=0[0m
  [4;35;1mPic Columns (16.0ms)[0m   [0mSHOW FIELDS FROM `pics`[0m
  [4;36;1mPic Load (0.0ms)[0m   [0;1mSELECT * FROM `pics` WHERE (`pics`.`id` = 1) [0m
  [4;35;1mSQL (0.0ms)[0m   [0mSET NAMES 'utf8'[0m
  [4;36;1mSQL (0.0ms)[0m   [0;1mSET SQL_AUTO_IS_NULL=0[0m
  [4;35;1mCategory Load (0.0ms)[0m   [0mSELECT * FROM `categories` WHERE (cateable_type = 'Pic') [0m
  [4;36;1mPic Load (0.0ms)[0m   [0;1mSELECT * FROM `pics` WHERE (pic_category_id = 55186570) LIMIT 1[0m
  [4;35;1mSQL (0.0ms)[0m   [0mSET NAMES 'utf8'[0m
  [4;36;1mSQL (0.0ms)[0m   [0;1mSET SQL_AUTO_IS_NULL=0[0m
  [4;35;1mPic Columns (0.0ms)[0m   [0mSHOW FIELDS FROM `pics`[0m
  [4;36;1mPic Load (63.0ms)[0m   [0;1mSELECT * FROM `pics` WHERE (`pics`.`id` = 1) [0m
